[1.662s] DEBUG:colcon:Command line arguments: ['/usr/bin/colcon', 'build', '--merge-install', '--event-handlers', 'console_direct+']
[1.662s] DEBUG:colcon:Parsed command line arguments: Namespace(ament_cmake_args=None, base_paths=['.'], build_base='build', catkin_cmake_args=None, catkin_skip_building_tests=False, cmake_args=None, cmake_clean_cache=False, cmake_clean_first=False, cmake_force_configure=False, cmake_target=None, cmake_target_skip_unavailable=False, continue_on_error=False, event_handlers=['console_direct+'], executor='parallel', ignore_user_meta=False, install_base='install', log_base=None, log_level=None, main=<bound method BuildVerb.main of <colcon_core.verb.build.BuildVerb object at 0xffffa996a1f0>>, merge_install=True, metas=['./colcon.meta'], mixin=None, mixin_files=None, mixin_verb=('build',), packages_above=None, packages_above_and_dependencies=None, packages_above_depth=None, packages_end=None, packages_ignore=None, packages_ignore_regex=None, packages_select=None, packages_select_build_failed=False, packages_select_by_dep=None, packages_select_regex=None, packages_select_test_failures=False, packages_skip=None, packages_skip_build_finished=False, packages_skip_by_dep=None, packages_skip_regex=None, packages_skip_test_passed=False, packages_skip_up_to=None, packages_start=None, packages_up_to=None, packages_up_to_regex=None, parallel_workers=6, paths=None, symlink_install=False, test_result_base=None, verb_extension=<colcon_core.verb.build.BuildVerb object at 0xffffa996a1f0>, verb_name='build', verb_parser=<colcon_mixin.mixin.mixin_argument.MixinArgumentDecorator object at 0xffffa98a5a60>)
[2.814s] Level 1:colcon.colcon_core.package_discovery:discover_packages(colcon_meta) check parameters
[2.815s] Level 1:colcon.colcon_core.package_discovery:discover_packages(recursive) check parameters
[2.816s] Level 1:colcon.colcon_core.package_discovery:discover_packages(ignore) check parameters
[2.816s] Level 1:colcon.colcon_core.package_discovery:discover_packages(path) check parameters
[2.816s] Level 1:colcon.colcon_core.package_discovery:discover_packages(colcon_meta) discover
[2.817s] Level 1:colcon.colcon_core.package_discovery:discover_packages(recursive) discover
[2.817s] INFO:colcon.colcon_core.package_discovery:Crawling recursively for packages in '/root/ros2_ws'
[2.818s] Level 1:colcon.colcon_core.package_identification:_identify(.) by extensions ['ignore', 'ignore_ament_install']
[2.818s] Level 1:colcon.colcon_core.package_identification:_identify(.) by extension 'ignore'
[2.819s] Level 1:colcon.colcon_core.package_identification:_identify(.) by extension 'ignore_ament_install'
[2.819s] Level 1:colcon.colcon_core.package_identification:_identify(.) by extensions ['colcon_pkg']
[2.819s] Level 1:colcon.colcon_core.package_identification:_identify(.) by extension 'colcon_pkg'
[2.820s] Level 1:colcon.colcon_core.package_identification:_identify(.) by extensions ['colcon_meta']
[2.820s] Level 1:colcon.colcon_core.package_identification:_identify(.) by extension 'colcon_meta'
[2.820s] Level 1:colcon.colcon_core.package_identification:_identify(.) by extensions ['ros']
[2.821s] Level 1:colcon.colcon_core.package_identification:_identify(.) by extension 'ros'
[2.900s] Level 1:colcon.colcon_core.package_identification:_identify(.) by extensions ['cmake', 'python']
[2.901s] Level 1:colcon.colcon_core.package_identification:_identify(.) by extension 'cmake'
[2.901s] Level 1:colcon.colcon_core.package_identification:_identify(.) by extension 'python'
[2.902s] Level 1:colcon.colcon_core.package_identification:_identify(.) by extensions ['python_setup_py']
[2.902s] Level 1:colcon.colcon_core.package_identification:_identify(.) by extension 'python_setup_py'
[2.903s] Level 1:colcon.colcon_core.package_identification:_identify(build) by extensions ['ignore', 'ignore_ament_install']
[2.903s] Level 1:colcon.colcon_core.package_identification:_identify(build) by extension 'ignore'
[2.903s] Level 1:colcon.colcon_core.package_identification:_identify(build) ignored
[2.904s] Level 1:colcon.colcon_core.package_identification:_identify(install) by extensions ['ignore', 'ignore_ament_install']
[2.905s] Level 1:colcon.colcon_core.package_identification:_identify(install) by extension 'ignore'
[2.905s] Level 1:colcon.colcon_core.package_identification:_identify(install) ignored
[2.906s] Level 1:colcon.colcon_core.package_identification:_identify(log) by extensions ['ignore', 'ignore_ament_install']
[2.906s] Level 1:colcon.colcon_core.package_identification:_identify(log) by extension 'ignore'
[2.906s] Level 1:colcon.colcon_core.package_identification:_identify(log) ignored
[2.907s] Level 1:colcon.colcon_core.package_identification:_identify(src) by extensions ['ignore', 'ignore_ament_install']
[2.907s] Level 1:colcon.colcon_core.package_identification:_identify(src) by extension 'ignore'
[2.908s] Level 1:colcon.colcon_core.package_identification:_identify(src) by extension 'ignore_ament_install'
[2.908s] Level 1:colcon.colcon_core.package_identification:_identify(src) by extensions ['colcon_pkg']
[2.908s] Level 1:colcon.colcon_core.package_identification:_identify(src) by extension 'colcon_pkg'
[2.909s] Level 1:colcon.colcon_core.package_identification:_identify(src) by extensions ['colcon_meta']
[2.909s] Level 1:colcon.colcon_core.package_identification:_identify(src) by extension 'colcon_meta'
[2.909s] Level 1:colcon.colcon_core.package_identification:_identify(src) by extensions ['ros']
[2.909s] Level 1:colcon.colcon_core.package_identification:_identify(src) by extension 'ros'
[2.910s] Level 1:colcon.colcon_core.package_identification:_identify(src) by extensions ['cmake', 'python']
[2.910s] Level 1:colcon.colcon_core.package_identification:_identify(src) by extension 'cmake'
[2.910s] Level 1:colcon.colcon_core.package_identification:_identify(src) by extension 'python'
[2.911s] Level 1:colcon.colcon_core.package_identification:_identify(src) by extensions ['python_setup_py']
[2.911s] Level 1:colcon.colcon_core.package_identification:_identify(src) by extension 'python_setup_py'
[2.912s] Level 1:colcon.colcon_core.package_identification:_identify(src/diane_encoder) by extensions ['ignore', 'ignore_ament_install']
[2.912s] Level 1:colcon.colcon_core.package_identification:_identify(src/diane_encoder) by extension 'ignore'
[2.913s] Level 1:colcon.colcon_core.package_identification:_identify(src/diane_encoder) by extension 'ignore_ament_install'
[2.913s] Level 1:colcon.colcon_core.package_identification:_identify(src/diane_encoder) by extensions ['colcon_pkg']
[2.913s] Level 1:colcon.colcon_core.package_identification:_identify(src/diane_encoder) by extension 'colcon_pkg'
[2.914s] Level 1:colcon.colcon_core.package_identification:_identify(src/diane_encoder) by extensions ['colcon_meta']
[2.914s] Level 1:colcon.colcon_core.package_identification:_identify(src/diane_encoder) by extension 'colcon_meta'
[2.914s] Level 1:colcon.colcon_core.package_identification:_identify(src/diane_encoder) by extensions ['ros']
[2.914s] Level 1:colcon.colcon_core.package_identification:_identify(src/diane_encoder) by extension 'ros'
[2.932s] DEBUG:colcon.colcon_core.package_identification:Package 'src/diane_encoder' with type 'ros.ament_python' and name 'diane_encoder'
[2.933s] Level 1:colcon.colcon_core.package_identification:_identify(src/point_cloud_transport_plugins-humble) by extensions ['ignore', 'ignore_ament_install']
[2.933s] Level 1:colcon.colcon_core.package_identification:_identify(src/point_cloud_transport_plugins-humble) by extension 'ignore'
[2.934s] Level 1:colcon.colcon_core.package_identification:_identify(src/point_cloud_transport_plugins-humble) by extension 'ignore_ament_install'
[2.934s] Level 1:colcon.colcon_core.package_identification:_identify(src/point_cloud_transport_plugins-humble) by extensions ['colcon_pkg']
[2.934s] Level 1:colcon.colcon_core.package_identification:_identify(src/point_cloud_transport_plugins-humble) by extension 'colcon_pkg'
[2.935s] Level 1:colcon.colcon_core.package_identification:_identify(src/point_cloud_transport_plugins-humble) by extensions ['colcon_meta']
[2.935s] Level 1:colcon.colcon_core.package_identification:_identify(src/point_cloud_transport_plugins-humble) by extension 'colcon_meta'
[2.935s] Level 1:colcon.colcon_core.package_identification:_identify(src/point_cloud_transport_plugins-humble) by extensions ['ros']
[2.935s] Level 1:colcon.colcon_core.package_identification:_identify(src/point_cloud_transport_plugins-humble) by extension 'ros'
[2.936s] Level 1:colcon.colcon_core.package_identification:_identify(src/point_cloud_transport_plugins-humble) by extensions ['cmake', 'python']
[2.936s] Level 1:colcon.colcon_core.package_identification:_identify(src/point_cloud_transport_plugins-humble) by extension 'cmake'
[2.936s] Level 1:colcon.colcon_core.package_identification:_identify(src/point_cloud_transport_plugins-humble) by extension 'python'
[2.937s] Level 1:colcon.colcon_core.package_identification:_identify(src/point_cloud_transport_plugins-humble) by extensions ['python_setup_py']
[2.937s] Level 1:colcon.colcon_core.package_identification:_identify(src/point_cloud_transport_plugins-humble) by extension 'python_setup_py'
[2.938s] Level 1:colcon.colcon_core.package_identification:_identify(src/point_cloud_transport_plugins-humble/diane_point_cloud_transport) by extensions ['ignore', 'ignore_ament_install']
[2.938s] Level 1:colcon.colcon_core.package_identification:_identify(src/point_cloud_transport_plugins-humble/diane_point_cloud_transport) by extension 'ignore'
[2.939s] Level 1:colcon.colcon_core.package_identification:_identify(src/point_cloud_transport_plugins-humble/diane_point_cloud_transport) by extension 'ignore_ament_install'
[2.939s] Level 1:colcon.colcon_core.package_identification:_identify(src/point_cloud_transport_plugins-humble/diane_point_cloud_transport) by extensions ['colcon_pkg']
[2.939s] Level 1:colcon.colcon_core.package_identification:_identify(src/point_cloud_transport_plugins-humble/diane_point_cloud_transport) by extension 'colcon_pkg'
[2.939s] Level 1:colcon.colcon_core.package_identification:_identify(src/point_cloud_transport_plugins-humble/diane_point_cloud_transport) by extensions ['colcon_meta']
[2.940s] Level 1:colcon.colcon_core.package_identification:_identify(src/point_cloud_transport_plugins-humble/diane_point_cloud_transport) by extension 'colcon_meta'
[2.940s] Level 1:colcon.colcon_core.package_identification:_identify(src/point_cloud_transport_plugins-humble/diane_point_cloud_transport) by extensions ['ros']
[2.940s] Level 1:colcon.colcon_core.package_identification:_identify(src/point_cloud_transport_plugins-humble/diane_point_cloud_transport) by extension 'ros'
[2.949s] DEBUG:colcon.colcon_core.package_identification:Package 'src/point_cloud_transport_plugins-humble/diane_point_cloud_transport' with type 'ros.ament_cmake' and name 'diane_point_cloud_transport'
[2.950s] Level 1:colcon.colcon_core.package_identification:_identify(src/point_cloud_transport_plugins-humble/draco_point_cloud_transport) by extensions ['ignore', 'ignore_ament_install']
[2.951s] Level 1:colcon.colcon_core.package_identification:_identify(src/point_cloud_transport_plugins-humble/draco_point_cloud_transport) by extension 'ignore'
[2.951s] Level 1:colcon.colcon_core.package_identification:_identify(src/point_cloud_transport_plugins-humble/draco_point_cloud_transport) ignored
[2.952s] Level 1:colcon.colcon_core.package_identification:_identify(src/point_cloud_transport_plugins-humble/point_cloud_interfaces) by extensions ['ignore', 'ignore_ament_install']
[2.953s] Level 1:colcon.colcon_core.package_identification:_identify(src/point_cloud_transport_plugins-humble/point_cloud_interfaces) by extension 'ignore'
[2.953s] Level 1:colcon.colcon_core.package_identification:_identify(src/point_cloud_transport_plugins-humble/point_cloud_interfaces) by extension 'ignore_ament_install'
[2.954s] Level 1:colcon.colcon_core.package_identification:_identify(src/point_cloud_transport_plugins-humble/point_cloud_interfaces) by extensions ['colcon_pkg']
[2.954s] Level 1:colcon.colcon_core.package_identification:_identify(src/point_cloud_transport_plugins-humble/point_cloud_interfaces) by extension 'colcon_pkg'
[2.954s] Level 1:colcon.colcon_core.package_identification:_identify(src/point_cloud_transport_plugins-humble/point_cloud_interfaces) by extensions ['colcon_meta']
[2.954s] Level 1:colcon.colcon_core.package_identification:_identify(src/point_cloud_transport_plugins-humble/point_cloud_interfaces) by extension 'colcon_meta'
[2.955s] Level 1:colcon.colcon_core.package_identification:_identify(src/point_cloud_transport_plugins-humble/point_cloud_interfaces) by extensions ['ros']
[2.955s] Level 1:colcon.colcon_core.package_identification:_identify(src/point_cloud_transport_plugins-humble/point_cloud_interfaces) by extension 'ros'
[2.961s] DEBUG:colcon.colcon_core.package_identification:Package 'src/point_cloud_transport_plugins-humble/point_cloud_interfaces' with type 'ros.ament_cmake' and name 'point_cloud_interfaces'
[2.963s] Level 1:colcon.colcon_core.package_identification:_identify(src/point_cloud_transport_plugins-humble/point_cloud_transport_plugins) by extensions ['ignore', 'ignore_ament_install']
[2.964s] Level 1:colcon.colcon_core.package_identification:_identify(src/point_cloud_transport_plugins-humble/point_cloud_transport_plugins) by extension 'ignore'
[2.964s] Level 1:colcon.colcon_core.package_identification:_identify(src/point_cloud_transport_plugins-humble/point_cloud_transport_plugins) by extension 'ignore_ament_install'
[2.965s] Level 1:colcon.colcon_core.package_identification:_identify(src/point_cloud_transport_plugins-humble/point_cloud_transport_plugins) by extensions ['colcon_pkg']
[2.965s] Level 1:colcon.colcon_core.package_identification:_identify(src/point_cloud_transport_plugins-humble/point_cloud_transport_plugins) by extension 'colcon_pkg'
[2.965s] Level 1:colcon.colcon_core.package_identification:_identify(src/point_cloud_transport_plugins-humble/point_cloud_transport_plugins) by extensions ['colcon_meta']
[2.966s] Level 1:colcon.colcon_core.package_identification:_identify(src/point_cloud_transport_plugins-humble/point_cloud_transport_plugins) by extension 'colcon_meta'
[2.966s] Level 1:colcon.colcon_core.package_identification:_identify(src/point_cloud_transport_plugins-humble/point_cloud_transport_plugins) by extensions ['ros']
[2.966s] Level 1:colcon.colcon_core.package_identification:_identify(src/point_cloud_transport_plugins-humble/point_cloud_transport_plugins) by extension 'ros'
[2.970s] DEBUG:colcon.colcon_core.package_identification:Package 'src/point_cloud_transport_plugins-humble/point_cloud_transport_plugins' with type 'ros.ament_cmake' and name 'point_cloud_transport_plugins'
[2.971s] Level 1:colcon.colcon_core.package_identification:_identify(src/point_cloud_transport_plugins-humble/zlib_point_cloud_transport) by extensions ['ignore', 'ignore_ament_install']
[2.972s] Level 1:colcon.colcon_core.package_identification:_identify(src/point_cloud_transport_plugins-humble/zlib_point_cloud_transport) by extension 'ignore'
[2.972s] Level 1:colcon.colcon_core.package_identification:_identify(src/point_cloud_transport_plugins-humble/zlib_point_cloud_transport) ignored
[2.973s] Level 1:colcon.colcon_core.package_identification:_identify(src/point_cloud_transport_plugins-humble/zstd_point_cloud_transport) by extensions ['ignore', 'ignore_ament_install']
[2.974s] Level 1:colcon.colcon_core.package_identification:_identify(src/point_cloud_transport_plugins-humble/zstd_point_cloud_transport) by extension 'ignore'
[2.974s] Level 1:colcon.colcon_core.package_identification:_identify(src/point_cloud_transport_plugins-humble/zstd_point_cloud_transport) ignored
[2.976s] Level 1:colcon.colcon_core.package_identification:_identify(src/zed_pointcloud_publisher) by extensions ['ignore', 'ignore_ament_install']
[2.976s] Level 1:colcon.colcon_core.package_identification:_identify(src/zed_pointcloud_publisher) by extension 'ignore'
[2.977s] Level 1:colcon.colcon_core.package_identification:_identify(src/zed_pointcloud_publisher) by extension 'ignore_ament_install'
[2.977s] Level 1:colcon.colcon_core.package_identification:_identify(src/zed_pointcloud_publisher) by extensions ['colcon_pkg']
[2.977s] Level 1:colcon.colcon_core.package_identification:_identify(src/zed_pointcloud_publisher) by extension 'colcon_pkg'
[2.978s] Level 1:colcon.colcon_core.package_identification:_identify(src/zed_pointcloud_publisher) by extensions ['colcon_meta']
[2.978s] Level 1:colcon.colcon_core.package_identification:_identify(src/zed_pointcloud_publisher) by extension 'colcon_meta'
[2.978s] Level 1:colcon.colcon_core.package_identification:_identify(src/zed_pointcloud_publisher) by extensions ['ros']
[2.978s] Level 1:colcon.colcon_core.package_identification:_identify(src/zed_pointcloud_publisher) by extension 'ros'
[2.983s] DEBUG:colcon.colcon_core.package_identification:Package 'src/zed_pointcloud_publisher' with type 'ros.ament_python' and name 'zed_pointcloud_publisher'
[2.984s] Level 1:colcon.colcon_core.package_discovery:discover_packages(recursive) using defaults
[2.984s] Level 1:colcon.colcon_core.package_discovery:discover_packages(ignore) discover
[2.984s] Level 1:colcon.colcon_core.package_discovery:discover_packages(ignore) using defaults
[2.984s] Level 1:colcon.colcon_core.package_discovery:discover_packages(path) discover
[2.985s] Level 1:colcon.colcon_core.package_discovery:discover_packages(path) using defaults
[3.151s] Level 5:colcon.colcon_core.verb:set package 'diane_encoder' build argument 'cmake_args' from command line to 'None'
[3.152s] Level 5:colcon.colcon_core.verb:set package 'diane_encoder' build argument 'cmake_target' from command line to 'None'
[3.152s] Level 5:colcon.colcon_core.verb:set package 'diane_encoder' build argument 'cmake_target_skip_unavailable' from command line to 'False'
[3.152s] Level 5:colcon.colcon_core.verb:set package 'diane_encoder' build argument 'cmake_clean_cache' from command line to 'False'
[3.152s] Level 5:colcon.colcon_core.verb:set package 'diane_encoder' build argument 'cmake_clean_first' from command line to 'False'
[3.153s] Level 5:colcon.colcon_core.verb:set package 'diane_encoder' build argument 'cmake_force_configure' from command line to 'False'
[3.153s] Level 5:colcon.colcon_core.verb:set package 'diane_encoder' build argument 'ament_cmake_args' from command line to 'None'
[3.153s] Level 5:colcon.colcon_core.verb:set package 'diane_encoder' build argument 'catkin_cmake_args' from command line to 'None'
[3.153s] Level 5:colcon.colcon_core.verb:set package 'diane_encoder' build argument 'catkin_skip_building_tests' from command line to 'False'
[3.153s] DEBUG:colcon.colcon_core.verb:Building package 'diane_encoder' with the following arguments: {'ament_cmake_args': None, 'build_base': '/root/ros2_ws/build/diane_encoder', 'catkin_cmake_args': None, 'catkin_skip_building_tests': False, 'cmake_args': None, 'cmake_clean_cache': False, 'cmake_clean_first': False, 'cmake_force_configure': False, 'cmake_target': None, 'cmake_target_skip_unavailable': False, 'install_base': '/root/ros2_ws/install', 'merge_install': True, 'path': '/root/ros2_ws/src/diane_encoder', 'symlink_install': False, 'test_result_base': None}
[3.156s] Level 5:colcon.colcon_core.verb:set package 'point_cloud_interfaces' build argument 'cmake_args' from command line to 'None'
[3.156s] Level 5:colcon.colcon_core.verb:set package 'point_cloud_interfaces' build argument 'cmake_target' from command line to 'None'
[3.156s] Level 5:colcon.colcon_core.verb:set package 'point_cloud_interfaces' build argument 'cmake_target_skip_unavailable' from command line to 'False'
[3.157s] Level 5:colcon.colcon_core.verb:set package 'point_cloud_interfaces' build argument 'cmake_clean_cache' from command line to 'False'
[3.157s] Level 5:colcon.colcon_core.verb:set package 'point_cloud_interfaces' build argument 'cmake_clean_first' from command line to 'False'
[3.157s] Level 5:colcon.colcon_core.verb:set package 'point_cloud_interfaces' build argument 'cmake_force_configure' from command line to 'False'
[3.157s] Level 5:colcon.colcon_core.verb:set package 'point_cloud_interfaces' build argument 'ament_cmake_args' from command line to 'None'
[3.157s] Level 5:colcon.colcon_core.verb:set package 'point_cloud_interfaces' build argument 'catkin_cmake_args' from command line to 'None'
[3.157s] Level 5:colcon.colcon_core.verb:set package 'point_cloud_interfaces' build argument 'catkin_skip_building_tests' from command line to 'False'
[3.158s] DEBUG:colcon.colcon_core.verb:Building package 'point_cloud_interfaces' with the following arguments: {'ament_cmake_args': None, 'build_base': '/root/ros2_ws/build/point_cloud_interfaces', 'catkin_cmake_args': None, 'catkin_skip_building_tests': False, 'cmake_args': None, 'cmake_clean_cache': False, 'cmake_clean_first': False, 'cmake_force_configure': False, 'cmake_target': None, 'cmake_target_skip_unavailable': False, 'install_base': '/root/ros2_ws/install', 'merge_install': True, 'path': '/root/ros2_ws/src/point_cloud_transport_plugins-humble/point_cloud_interfaces', 'symlink_install': False, 'test_result_base': None}
[3.160s] Level 5:colcon.colcon_core.verb:set package 'zed_pointcloud_publisher' build argument 'cmake_args' from command line to 'None'
[3.160s] Level 5:colcon.colcon_core.verb:set package 'zed_pointcloud_publisher' build argument 'cmake_target' from command line to 'None'
[3.161s] Level 5:colcon.colcon_core.verb:set package 'zed_pointcloud_publisher' build argument 'cmake_target_skip_unavailable' from command line to 'False'
[3.161s] Level 5:colcon.colcon_core.verb:set package 'zed_pointcloud_publisher' build argument 'cmake_clean_cache' from command line to 'False'
[3.161s] Level 5:colcon.colcon_core.verb:set package 'zed_pointcloud_publisher' build argument 'cmake_clean_first' from command line to 'False'
[3.161s] Level 5:colcon.colcon_core.verb:set package 'zed_pointcloud_publisher' build argument 'cmake_force_configure' from command line to 'False'
[3.161s] Level 5:colcon.colcon_core.verb:set package 'zed_pointcloud_publisher' build argument 'ament_cmake_args' from command line to 'None'
[3.161s] Level 5:colcon.colcon_core.verb:set package 'zed_pointcloud_publisher' build argument 'catkin_cmake_args' from command line to 'None'
[3.162s] Level 5:colcon.colcon_core.verb:set package 'zed_pointcloud_publisher' build argument 'catkin_skip_building_tests' from command line to 'False'
[3.162s] DEBUG:colcon.colcon_core.verb:Building package 'zed_pointcloud_publisher' with the following arguments: {'ament_cmake_args': None, 'build_base': '/root/ros2_ws/build/zed_pointcloud_publisher', 'catkin_cmake_args': None, 'catkin_skip_building_tests': False, 'cmake_args': None, 'cmake_clean_cache': False, 'cmake_clean_first': False, 'cmake_force_configure': False, 'cmake_target': None, 'cmake_target_skip_unavailable': False, 'install_base': '/root/ros2_ws/install', 'merge_install': True, 'path': '/root/ros2_ws/src/zed_pointcloud_publisher', 'symlink_install': False, 'test_result_base': None}
[3.164s] Level 5:colcon.colcon_core.verb:set package 'diane_point_cloud_transport' build argument 'cmake_args' from command line to 'None'
[3.165s] Level 5:colcon.colcon_core.verb:set package 'diane_point_cloud_transport' build argument 'cmake_target' from command line to 'None'
[3.165s] Level 5:colcon.colcon_core.verb:set package 'diane_point_cloud_transport' build argument 'cmake_target_skip_unavailable' from command line to 'False'
[3.165s] Level 5:colcon.colcon_core.verb:set package 'diane_point_cloud_transport' build argument 'cmake_clean_cache' from command line to 'False'
[3.165s] Level 5:colcon.colcon_core.verb:set package 'diane_point_cloud_transport' build argument 'cmake_clean_first' from command line to 'False'
[3.165s] Level 5:colcon.colcon_core.verb:set package 'diane_point_cloud_transport' build argument 'cmake_force_configure' from command line to 'False'
[3.165s] Level 5:colcon.colcon_core.verb:set package 'diane_point_cloud_transport' build argument 'ament_cmake_args' from command line to 'None'
[3.166s] Level 5:colcon.colcon_core.verb:set package 'diane_point_cloud_transport' build argument 'catkin_cmake_args' from command line to 'None'
[3.166s] Level 5:colcon.colcon_core.verb:set package 'diane_point_cloud_transport' build argument 'catkin_skip_building_tests' from command line to 'False'
[3.166s] DEBUG:colcon.colcon_core.verb:Building package 'diane_point_cloud_transport' with the following arguments: {'ament_cmake_args': None, 'build_base': '/root/ros2_ws/build/diane_point_cloud_transport', 'catkin_cmake_args': None, 'catkin_skip_building_tests': False, 'cmake_args': None, 'cmake_clean_cache': False, 'cmake_clean_first': False, 'cmake_force_configure': False, 'cmake_target': None, 'cmake_target_skip_unavailable': False, 'install_base': '/root/ros2_ws/install', 'merge_install': True, 'path': '/root/ros2_ws/src/point_cloud_transport_plugins-humble/diane_point_cloud_transport', 'symlink_install': False, 'test_result_base': None}
[3.169s] Level 5:colcon.colcon_core.verb:set package 'point_cloud_transport_plugins' build argument 'cmake_args' from command line to 'None'
[3.169s] Level 5:colcon.colcon_core.verb:set package 'point_cloud_transport_plugins' build argument 'cmake_target' from command line to 'None'
[3.169s] Level 5:colcon.colcon_core.verb:set package 'point_cloud_transport_plugins' build argument 'cmake_target_skip_unavailable' from command line to 'False'
[3.169s] Level 5:colcon.colcon_core.verb:set package 'point_cloud_transport_plugins' build argument 'cmake_clean_cache' from command line to 'False'
[3.170s] Level 5:colcon.colcon_core.verb:set package 'point_cloud_transport_plugins' build argument 'cmake_clean_first' from command line to 'False'
[3.170s] Level 5:colcon.colcon_core.verb:set package 'point_cloud_transport_plugins' build argument 'cmake_force_configure' from command line to 'False'
[3.170s] Level 5:colcon.colcon_core.verb:set package 'point_cloud_transport_plugins' build argument 'ament_cmake_args' from command line to 'None'
[3.170s] Level 5:colcon.colcon_core.verb:set package 'point_cloud_transport_plugins' build argument 'catkin_cmake_args' from command line to 'None'
[3.170s] Level 5:colcon.colcon_core.verb:set package 'point_cloud_transport_plugins' build argument 'catkin_skip_building_tests' from command line to 'False'
[3.171s] DEBUG:colcon.colcon_core.verb:Building package 'point_cloud_transport_plugins' with the following arguments: {'ament_cmake_args': None, 'build_base': '/root/ros2_ws/build/point_cloud_transport_plugins', 'catkin_cmake_args': None, 'catkin_skip_building_tests': False, 'cmake_args': None, 'cmake_clean_cache': False, 'cmake_clean_first': False, 'cmake_force_configure': False, 'cmake_target': None, 'cmake_target_skip_unavailable': False, 'install_base': '/root/ros2_ws/install', 'merge_install': True, 'path': '/root/ros2_ws/src/point_cloud_transport_plugins-humble/point_cloud_transport_plugins', 'symlink_install': False, 'test_result_base': None}
[3.171s] INFO:colcon.colcon_core.executor:Executing jobs using 'parallel' executor
[3.179s] DEBUG:colcon.colcon_parallel_executor.executor.parallel:run_until_complete
[3.181s] INFO:colcon.colcon_ros.task.ament_cmake.build:Building ROS package in '/root/ros2_ws/src/point_cloud_transport_plugins-humble/point_cloud_interfaces' with build type 'ament_cmake'
[3.184s] INFO:colcon.colcon_cmake.task.cmake.build:Building CMake package in '/root/ros2_ws/src/point_cloud_transport_plugins-humble/point_cloud_interfaces'
[3.206s] INFO:colcon.colcon_core.plugin_system:Skipping extension 'colcon_core.shell.bat': Not used on non-Windows systems
[3.207s] INFO:colcon.colcon_core.shell:Skip shell extension 'powershell' for command environment: Not usable outside of PowerShell
[3.208s] DEBUG:colcon.colcon_core.shell:Skip shell extension 'dsv' for command environment
[3.251s] INFO:colcon.colcon_ros.task.ament_python.build:Building ROS package in '/root/ros2_ws/src/diane_encoder' with build type 'ament_python'
[3.254s] Level 1:colcon.colcon_core.shell:create_environment_hook('diane_encoder', 'ament_prefix_path')
[3.259s] INFO:colcon.colcon_core.shell:Creating environment hook '/root/ros2_ws/install/share/diane_encoder/hook/ament_prefix_path.ps1'
[3.268s] INFO:colcon.colcon_core.shell:Creating environment descriptor '/root/ros2_ws/install/share/diane_encoder/hook/ament_prefix_path.dsv'
[3.271s] INFO:colcon.colcon_core.shell:Creating environment hook '/root/ros2_ws/install/share/diane_encoder/hook/ament_prefix_path.sh'
[3.277s] INFO:colcon.colcon_core.shell:Skip shell extension 'powershell' for command environment: Not usable outside of PowerShell
[3.278s] DEBUG:colcon.colcon_core.shell:Skip shell extension 'dsv' for command environment
[3.314s] INFO:colcon.colcon_ros.task.ament_python.build:Building ROS package in '/root/ros2_ws/src/zed_pointcloud_publisher' with build type 'ament_python'
[3.319s] Level 1:colcon.colcon_core.shell:create_environment_hook('zed_pointcloud_publisher', 'ament_prefix_path')
[3.323s] INFO:colcon.colcon_core.shell:Creating environment hook '/root/ros2_ws/install/share/zed_pointcloud_publisher/hook/ament_prefix_path.ps1'
[3.330s] INFO:colcon.colcon_core.shell:Creating environment descriptor '/root/ros2_ws/install/share/zed_pointcloud_publisher/hook/ament_prefix_path.dsv'
[3.333s] INFO:colcon.colcon_core.shell:Creating environment hook '/root/ros2_ws/install/share/zed_pointcloud_publisher/hook/ament_prefix_path.sh'
[3.337s] INFO:colcon.colcon_core.shell:Skip shell extension 'powershell' for command environment: Not usable outside of PowerShell
[3.337s] DEBUG:colcon.colcon_core.shell:Skip shell extension 'dsv' for command environment
[3.413s] DEBUG:colcon.colcon_core.event_handler.log_command:Invoking command in '/root/ros2_ws/build/point_cloud_interfaces': CMAKE_PREFIX_PATH=/opt/ros/humble /usr/bin/cmake /root/ros2_ws/src/point_cloud_transport_plugins-humble/point_cloud_interfaces -DCMAKE_INSTALL_PREFIX=/root/ros2_ws/install
[5.070s] INFO:colcon.colcon_core.task.python.build:Building Python package in '/root/ros2_ws/src/diane_encoder'
[5.074s] INFO:colcon.colcon_core.shell:Skip shell extension 'powershell' for command environment: Not usable outside of PowerShell
[5.075s] DEBUG:colcon.colcon_core.shell:Skip shell extension 'dsv' for command environment
[6.592s] INFO:colcon.colcon_core.task.python.build:Building Python package in '/root/ros2_ws/src/zed_pointcloud_publisher'
[6.596s] INFO:colcon.colcon_core.shell:Skip shell extension 'powershell' for command environment: Not usable outside of PowerShell
[6.596s] DEBUG:colcon.colcon_core.shell:Skip shell extension 'dsv' for command environment
[9.291s] DEBUG:colcon.colcon_core.event_handler.log_command:Invoking command in '/root/ros2_ws/src/zed_pointcloud_publisher': PYTHONPATH=/root/ros2_ws/build/zed_pointcloud_publisher/prefix_override:/usr/lib/python3/dist-packages/colcon_core/task/python/colcon_distutils_commands:/root/ros2_ws/install/lib/python3.8/site-packages:${PYTHONPATH} /usr/bin/python3 -W ignore:setup.py install is deprecated -W ignore:easy_install command is deprecated setup.py egg_info --egg-base ../../build/zed_pointcloud_publisher build --build-base /root/ros2_ws/build/zed_pointcloud_publisher/build install --record /root/ros2_ws/build/zed_pointcloud_publisher/install.log --single-version-externally-managed install_data
[9.324s] DEBUG:colcon.colcon_core.event_handler.log_command:Invoking command in '/root/ros2_ws/src/diane_encoder': PYTHONPATH=/root/ros2_ws/build/diane_encoder/prefix_override:/usr/lib/python3/dist-packages/colcon_core/task/python/colcon_distutils_commands:/root/ros2_ws/install/lib/python3.8/site-packages:${PYTHONPATH} /usr/bin/python3 -W ignore:setup.py install is deprecated -W ignore:easy_install command is deprecated setup.py egg_info --egg-base ../../build/diane_encoder build --build-base /root/ros2_ws/build/diane_encoder/build install --record /root/ros2_ws/build/diane_encoder/install.log --single-version-externally-managed install_data
[11.187s] DEBUG:colcon.colcon_core.event_handler.log_command:Invoked command in '/root/ros2_ws/src/diane_encoder' returned '0': PYTHONPATH=/root/ros2_ws/build/diane_encoder/prefix_override:/usr/lib/python3/dist-packages/colcon_core/task/python/colcon_distutils_commands:/root/ros2_ws/install/lib/python3.8/site-packages:${PYTHONPATH} /usr/bin/python3 -W ignore:setup.py install is deprecated -W ignore:easy_install command is deprecated setup.py egg_info --egg-base ../../build/diane_encoder build --build-base /root/ros2_ws/build/diane_encoder/build install --record /root/ros2_ws/build/diane_encoder/install.log --single-version-externally-managed install_data
[11.210s] Level 1:colcon.colcon_core.environment:checking '/root/ros2_ws/install' for CMake module files
[11.213s] Level 1:colcon.colcon_core.environment:checking '/root/ros2_ws/install' for CMake config files
[11.221s] Level 1:colcon.colcon_core.environment:checking '/root/ros2_ws/install/lib'
[11.222s] Level 1:colcon.colcon_core.environment:checking '/root/ros2_ws/install/bin'
[11.222s] Level 1:colcon.colcon_core.environment:checking '/root/ros2_ws/install/lib/pkgconfig/diane_encoder.pc'
[11.223s] Level 1:colcon.colcon_core.environment:checking '/root/ros2_ws/install/lib/python3.8/site-packages'
[11.224s] Level 1:colcon.colcon_core.shell:create_environment_hook('diane_encoder', 'pythonpath')
[11.225s] INFO:colcon.colcon_core.shell:Creating environment hook '/root/ros2_ws/install/share/diane_encoder/hook/pythonpath.ps1'
[11.229s] INFO:colcon.colcon_core.shell:Creating environment descriptor '/root/ros2_ws/install/share/diane_encoder/hook/pythonpath.dsv'
[11.232s] INFO:colcon.colcon_core.shell:Creating environment hook '/root/ros2_ws/install/share/diane_encoder/hook/pythonpath.sh'
[11.235s] Level 1:colcon.colcon_core.environment:checking '/root/ros2_ws/install/bin'
[11.235s] Level 1:colcon.colcon_core.environment:create_environment_scripts_only(diane_encoder)
[11.237s] INFO:colcon.colcon_core.shell:Creating package script '/root/ros2_ws/install/share/diane_encoder/package.ps1'
[11.242s] INFO:colcon.colcon_core.shell:Creating package descriptor '/root/ros2_ws/install/share/diane_encoder/package.dsv'
[11.246s] INFO:colcon.colcon_core.shell:Creating package script '/root/ros2_ws/install/share/diane_encoder/package.sh'
[11.251s] INFO:colcon.colcon_core.shell:Creating package script '/root/ros2_ws/install/share/diane_encoder/package.bash'
[11.256s] INFO:colcon.colcon_core.shell:Creating package script '/root/ros2_ws/install/share/diane_encoder/package.zsh'
[11.261s] Level 1:colcon.colcon_core.environment:create_file_with_runtime_dependencies(/root/ros2_ws/install/share/colcon-core/packages/diane_encoder)
[11.270s] Level 1:colcon.colcon_core.environment:checking '/root/ros2_ws/install' for CMake module files
[11.274s] DEBUG:colcon.colcon_core.event_handler.log_command:Invoked command in '/root/ros2_ws/src/zed_pointcloud_publisher' returned '0': PYTHONPATH=/root/ros2_ws/build/zed_pointcloud_publisher/prefix_override:/usr/lib/python3/dist-packages/colcon_core/task/python/colcon_distutils_commands:/root/ros2_ws/install/lib/python3.8/site-packages:${PYTHONPATH} /usr/bin/python3 -W ignore:setup.py install is deprecated -W ignore:easy_install command is deprecated setup.py egg_info --egg-base ../../build/zed_pointcloud_publisher build --build-base /root/ros2_ws/build/zed_pointcloud_publisher/build install --record /root/ros2_ws/build/zed_pointcloud_publisher/install.log --single-version-externally-managed install_data
[11.275s] Level 1:colcon.colcon_core.environment:checking '/root/ros2_ws/install' for CMake config files
[11.281s] Level 1:colcon.colcon_core.environment:checking '/root/ros2_ws/install/lib'
[11.281s] Level 1:colcon.colcon_core.environment:checking '/root/ros2_ws/install/bin'
[11.282s] Level 1:colcon.colcon_core.environment:checking '/root/ros2_ws/install/lib/pkgconfig/zed_pointcloud_publisher.pc'
[11.283s] Level 1:colcon.colcon_core.environment:checking '/root/ros2_ws/install/lib/python3.8/site-packages'
[11.283s] Level 1:colcon.colcon_core.shell:create_environment_hook('zed_pointcloud_publisher', 'pythonpath')
[11.284s] INFO:colcon.colcon_core.shell:Creating environment hook '/root/ros2_ws/install/share/zed_pointcloud_publisher/hook/pythonpath.ps1'
[11.287s] INFO:colcon.colcon_core.shell:Creating environment descriptor '/root/ros2_ws/install/share/zed_pointcloud_publisher/hook/pythonpath.dsv'
[11.289s] INFO:colcon.colcon_core.shell:Creating environment hook '/root/ros2_ws/install/share/zed_pointcloud_publisher/hook/pythonpath.sh'
[11.293s] Level 1:colcon.colcon_core.environment:checking '/root/ros2_ws/install/bin'
[11.293s] Level 1:colcon.colcon_core.environment:create_environment_scripts_only(zed_pointcloud_publisher)
[11.295s] INFO:colcon.colcon_core.shell:Creating package script '/root/ros2_ws/install/share/zed_pointcloud_publisher/package.ps1'
[11.298s] INFO:colcon.colcon_core.shell:Creating package descriptor '/root/ros2_ws/install/share/zed_pointcloud_publisher/package.dsv'
[11.300s] INFO:colcon.colcon_core.shell:Creating package script '/root/ros2_ws/install/share/zed_pointcloud_publisher/package.sh'
[11.303s] INFO:colcon.colcon_core.shell:Creating package script '/root/ros2_ws/install/share/zed_pointcloud_publisher/package.bash'
[11.305s] INFO:colcon.colcon_core.shell:Creating package script '/root/ros2_ws/install/share/zed_pointcloud_publisher/package.zsh'
[11.307s] Level 1:colcon.colcon_core.environment:create_file_with_runtime_dependencies(/root/ros2_ws/install/share/colcon-core/packages/zed_pointcloud_publisher)
[21.226s] DEBUG:colcon.colcon_core.event_handler.log_command:Invoked command in '/root/ros2_ws/build/point_cloud_interfaces' returned '0': CMAKE_PREFIX_PATH=/opt/ros/humble /usr/bin/cmake /root/ros2_ws/src/point_cloud_transport_plugins-humble/point_cloud_interfaces -DCMAKE_INSTALL_PREFIX=/root/ros2_ws/install
[21.243s] DEBUG:colcon.colcon_core.event_handler.log_command:Invoking command in '/root/ros2_ws/build/point_cloud_interfaces': CMAKE_PREFIX_PATH=/opt/ros/humble /usr/bin/cmake --build /root/ros2_ws/build/point_cloud_interfaces -- -j6 -l6
[34.702s] DEBUG:colcon.colcon_core.event_handler.log_command:Invoked command in '/root/ros2_ws/build/point_cloud_interfaces' returned '0': CMAKE_PREFIX_PATH=/opt/ros/humble /usr/bin/cmake --build /root/ros2_ws/build/point_cloud_interfaces -- -j6 -l6
[34.790s] DEBUG:colcon.colcon_core.event_handler.log_command:Invoking command in '/root/ros2_ws/build/point_cloud_interfaces': CMAKE_PREFIX_PATH=/opt/ros/humble /usr/bin/cmake --install /root/ros2_ws/build/point_cloud_interfaces
[35.276s] Level 1:colcon.colcon_core.environment:create_environment_scripts_only(point_cloud_interfaces)
[35.282s] Level 1:colcon.colcon_core.environment:checking '/root/ros2_ws/install' for CMake module files
[35.285s] DEBUG:colcon.colcon_core.event_handler.log_command:Invoked command in '/root/ros2_ws/build/point_cloud_interfaces' returned '0': CMAKE_PREFIX_PATH=/opt/ros/humble /usr/bin/cmake --install /root/ros2_ws/build/point_cloud_interfaces
[35.289s] Level 1:colcon.colcon_core.environment:checking '/root/ros2_ws/install' for CMake config files
[35.290s] Level 1:colcon.colcon_core.shell:create_environment_hook('point_cloud_interfaces', 'cmake_prefix_path')
[35.292s] INFO:colcon.colcon_core.shell:Creating environment hook '/root/ros2_ws/install/share/point_cloud_interfaces/hook/cmake_prefix_path.ps1'
[35.297s] INFO:colcon.colcon_core.shell:Creating environment descriptor '/root/ros2_ws/install/share/point_cloud_interfaces/hook/cmake_prefix_path.dsv'
[35.299s] INFO:colcon.colcon_core.shell:Creating environment hook '/root/ros2_ws/install/share/point_cloud_interfaces/hook/cmake_prefix_path.sh'
[35.303s] Level 1:colcon.colcon_core.environment:checking '/root/ros2_ws/install/lib'
[35.304s] Level 1:colcon.colcon_core.shell:create_environment_hook('point_cloud_interfaces', 'ld_library_path_lib')
[35.305s] INFO:colcon.colcon_core.shell:Creating environment hook '/root/ros2_ws/install/share/point_cloud_interfaces/hook/ld_library_path_lib.ps1'
[35.308s] INFO:colcon.colcon_core.shell:Creating environment descriptor '/root/ros2_ws/install/share/point_cloud_interfaces/hook/ld_library_path_lib.dsv'
[35.309s] INFO:colcon.colcon_core.shell:Creating environment hook '/root/ros2_ws/install/share/point_cloud_interfaces/hook/ld_library_path_lib.sh'
[35.311s] Level 1:colcon.colcon_core.environment:checking '/root/ros2_ws/install/bin'
[35.312s] Level 1:colcon.colcon_core.environment:checking '/root/ros2_ws/install/lib/pkgconfig/point_cloud_interfaces.pc'
[35.313s] Level 1:colcon.colcon_core.environment:checking '/root/ros2_ws/install/lib/python3.8/site-packages'
[35.314s] Level 1:colcon.colcon_core.shell:create_environment_hook('point_cloud_interfaces', 'pythonpath')
[35.315s] INFO:colcon.colcon_core.shell:Creating environment hook '/root/ros2_ws/install/share/point_cloud_interfaces/hook/pythonpath.ps1'
[35.317s] INFO:colcon.colcon_core.shell:Creating environment descriptor '/root/ros2_ws/install/share/point_cloud_interfaces/hook/pythonpath.dsv'
[35.319s] INFO:colcon.colcon_core.shell:Creating environment hook '/root/ros2_ws/install/share/point_cloud_interfaces/hook/pythonpath.sh'
[35.321s] Level 1:colcon.colcon_core.environment:checking '/root/ros2_ws/install/bin'
[35.323s] INFO:colcon.colcon_core.shell:Creating package script '/root/ros2_ws/install/share/point_cloud_interfaces/package.ps1'
[35.326s] INFO:colcon.colcon_core.shell:Creating package descriptor '/root/ros2_ws/install/share/point_cloud_interfaces/package.dsv'
[35.329s] INFO:colcon.colcon_core.shell:Creating package script '/root/ros2_ws/install/share/point_cloud_interfaces/package.sh'
[35.331s] INFO:colcon.colcon_core.shell:Creating package script '/root/ros2_ws/install/share/point_cloud_interfaces/package.bash'
[35.333s] INFO:colcon.colcon_core.shell:Creating package script '/root/ros2_ws/install/share/point_cloud_interfaces/package.zsh'
[35.335s] Level 1:colcon.colcon_core.environment:create_file_with_runtime_dependencies(/root/ros2_ws/install/share/colcon-core/packages/point_cloud_interfaces)
[35.339s] Level 1:colcon.colcon_core.environment:create_environment_scripts_only(point_cloud_interfaces)
[35.340s] Level 1:colcon.colcon_core.environment:checking '/root/ros2_ws/install' for CMake module files
[35.344s] Level 1:colcon.colcon_core.environment:checking '/root/ros2_ws/install' for CMake config files
[35.346s] Level 1:colcon.colcon_core.shell:create_environment_hook('point_cloud_interfaces', 'cmake_prefix_path')
[35.347s] INFO:colcon.colcon_core.shell:Creating environment hook '/root/ros2_ws/install/share/point_cloud_interfaces/hook/cmake_prefix_path.ps1'
[35.349s] INFO:colcon.colcon_core.shell:Creating environment descriptor '/root/ros2_ws/install/share/point_cloud_interfaces/hook/cmake_prefix_path.dsv'
[35.351s] INFO:colcon.colcon_core.shell:Creating environment hook '/root/ros2_ws/install/share/point_cloud_interfaces/hook/cmake_prefix_path.sh'
[35.354s] Level 1:colcon.colcon_core.environment:checking '/root/ros2_ws/install/lib'
[35.355s] Level 1:colcon.colcon_core.shell:create_environment_hook('point_cloud_interfaces', 'ld_library_path_lib')
[35.356s] INFO:colcon.colcon_core.shell:Creating environment hook '/root/ros2_ws/install/share/point_cloud_interfaces/hook/ld_library_path_lib.ps1'
[35.358s] INFO:colcon.colcon_core.shell:Creating environment descriptor '/root/ros2_ws/install/share/point_cloud_interfaces/hook/ld_library_path_lib.dsv'
[35.361s] INFO:colcon.colcon_core.shell:Creating environment hook '/root/ros2_ws/install/share/point_cloud_interfaces/hook/ld_library_path_lib.sh'
[35.363s] Level 1:colcon.colcon_core.environment:checking '/root/ros2_ws/install/bin'
[35.364s] Level 1:colcon.colcon_core.environment:checking '/root/ros2_ws/install/lib/pkgconfig/point_cloud_interfaces.pc'
[35.365s] Level 1:colcon.colcon_core.environment:checking '/root/ros2_ws/install/lib/python3.8/site-packages'
[35.365s] Level 1:colcon.colcon_core.shell:create_environment_hook('point_cloud_interfaces', 'pythonpath')
[35.366s] INFO:colcon.colcon_core.shell:Creating environment hook '/root/ros2_ws/install/share/point_cloud_interfaces/hook/pythonpath.ps1'
[35.368s] INFO:colcon.colcon_core.shell:Creating environment descriptor '/root/ros2_ws/install/share/point_cloud_interfaces/hook/pythonpath.dsv'
[35.372s] INFO:colcon.colcon_core.shell:Creating environment hook '/root/ros2_ws/install/share/point_cloud_interfaces/hook/pythonpath.sh'
[35.375s] Level 1:colcon.colcon_core.environment:checking '/root/ros2_ws/install/bin'
[35.377s] INFO:colcon.colcon_core.shell:Creating package script '/root/ros2_ws/install/share/point_cloud_interfaces/package.ps1'
[35.380s] INFO:colcon.colcon_core.shell:Creating package descriptor '/root/ros2_ws/install/share/point_cloud_interfaces/package.dsv'
[35.383s] INFO:colcon.colcon_core.shell:Creating package script '/root/ros2_ws/install/share/point_cloud_interfaces/package.sh'
[35.386s] INFO:colcon.colcon_core.shell:Creating package script '/root/ros2_ws/install/share/point_cloud_interfaces/package.bash'
[35.389s] INFO:colcon.colcon_core.shell:Creating package script '/root/ros2_ws/install/share/point_cloud_interfaces/package.zsh'
[35.391s] Level 1:colcon.colcon_core.environment:create_file_with_runtime_dependencies(/root/ros2_ws/install/share/colcon-core/packages/point_cloud_interfaces)
[35.393s] INFO:colcon.colcon_ros.task.ament_cmake.build:Building ROS package in '/root/ros2_ws/src/point_cloud_transport_plugins-humble/diane_point_cloud_transport' with build type 'ament_cmake'
[35.394s] INFO:colcon.colcon_cmake.task.cmake.build:Building CMake package in '/root/ros2_ws/src/point_cloud_transport_plugins-humble/diane_point_cloud_transport'
[35.397s] INFO:colcon.colcon_core.shell:Skip shell extension 'powershell' for command environment: Not usable outside of PowerShell
[35.398s] DEBUG:colcon.colcon_core.shell:Skip shell extension 'dsv' for command environment
[35.481s] DEBUG:colcon.colcon_core.event_handler.log_command:Invoking command in '/root/ros2_ws/build/diane_point_cloud_transport': AMENT_PREFIX_PATH=/root/ros2_ws/install:${AMENT_PREFIX_PATH} CMAKE_PREFIX_PATH=/root/ros2_ws/install:/opt/ros/humble LD_LIBRARY_PATH=/root/ros2_ws/install/lib:/usr/local/lib/python3.8/dist-packages/torch/lib:/usr/local/cuda/lib64:/usr/local/lib/python3.8/dist-packages/torch/lib:/opt/ros/humble/opt/rviz_ogre_vendor/lib:/opt/ros/humble/lib/aarch64-linux-gnu:/opt/ros/humble/lib:/usr/local/cuda/lib64 PYTHONPATH=/root/ros2_ws/install/lib/python3.9/site-packages:/root/ros2_ws/install/lib/python3.8/site-packages:${PYTHONPATH} /usr/bin/cmake /root/ros2_ws/src/point_cloud_transport_plugins-humble/diane_point_cloud_transport -DCMAKE_INSTALL_PREFIX=/root/ros2_ws/install
[65.865s] DEBUG:colcon.colcon_core.event_handler.log_command:Invoked command in '/root/ros2_ws/build/diane_point_cloud_transport' returned '0': AMENT_PREFIX_PATH=/root/ros2_ws/install:${AMENT_PREFIX_PATH} CMAKE_PREFIX_PATH=/root/ros2_ws/install:/opt/ros/humble LD_LIBRARY_PATH=/root/ros2_ws/install/lib:/usr/local/lib/python3.8/dist-packages/torch/lib:/usr/local/cuda/lib64:/usr/local/lib/python3.8/dist-packages/torch/lib:/opt/ros/humble/opt/rviz_ogre_vendor/lib:/opt/ros/humble/lib/aarch64-linux-gnu:/opt/ros/humble/lib:/usr/local/cuda/lib64 PYTHONPATH=/root/ros2_ws/install/lib/python3.9/site-packages:/root/ros2_ws/install/lib/python3.8/site-packages:${PYTHONPATH} /usr/bin/cmake /root/ros2_ws/src/point_cloud_transport_plugins-humble/diane_point_cloud_transport -DCMAKE_INSTALL_PREFIX=/root/ros2_ws/install
[65.881s] DEBUG:colcon.colcon_core.event_handler.log_command:Invoking command in '/root/ros2_ws/build/diane_point_cloud_transport': AMENT_PREFIX_PATH=/root/ros2_ws/install:${AMENT_PREFIX_PATH} CMAKE_PREFIX_PATH=/root/ros2_ws/install:/opt/ros/humble LD_LIBRARY_PATH=/root/ros2_ws/install/lib:/usr/local/lib/python3.8/dist-packages/torch/lib:/usr/local/cuda/lib64:/usr/local/lib/python3.8/dist-packages/torch/lib:/opt/ros/humble/opt/rviz_ogre_vendor/lib:/opt/ros/humble/lib/aarch64-linux-gnu:/opt/ros/humble/lib:/usr/local/cuda/lib64 PYTHONPATH=/root/ros2_ws/install/lib/python3.9/site-packages:/root/ros2_ws/install/lib/python3.8/site-packages:${PYTHONPATH} /usr/bin/cmake --build /root/ros2_ws/build/diane_point_cloud_transport -- -j6 -l6
[191.445s] DEBUG:colcon.colcon_core.event_handler.log_command:Invoked command in '/root/ros2_ws/build/diane_point_cloud_transport' returned '0': AMENT_PREFIX_PATH=/root/ros2_ws/install:${AMENT_PREFIX_PATH} CMAKE_PREFIX_PATH=/root/ros2_ws/install:/opt/ros/humble LD_LIBRARY_PATH=/root/ros2_ws/install/lib:/usr/local/lib/python3.8/dist-packages/torch/lib:/usr/local/cuda/lib64:/usr/local/lib/python3.8/dist-packages/torch/lib:/opt/ros/humble/opt/rviz_ogre_vendor/lib:/opt/ros/humble/lib/aarch64-linux-gnu:/opt/ros/humble/lib:/usr/local/cuda/lib64 PYTHONPATH=/root/ros2_ws/install/lib/python3.9/site-packages:/root/ros2_ws/install/lib/python3.8/site-packages:${PYTHONPATH} /usr/bin/cmake --build /root/ros2_ws/build/diane_point_cloud_transport -- -j6 -l6
[191.464s] DEBUG:colcon.colcon_core.event_handler.log_command:Invoking command in '/root/ros2_ws/build/diane_point_cloud_transport': AMENT_PREFIX_PATH=/root/ros2_ws/install:${AMENT_PREFIX_PATH} CMAKE_PREFIX_PATH=/root/ros2_ws/install:/opt/ros/humble LD_LIBRARY_PATH=/root/ros2_ws/install/lib:/usr/local/lib/python3.8/dist-packages/torch/lib:/usr/local/cuda/lib64:/usr/local/lib/python3.8/dist-packages/torch/lib:/opt/ros/humble/opt/rviz_ogre_vendor/lib:/opt/ros/humble/lib/aarch64-linux-gnu:/opt/ros/humble/lib:/usr/local/cuda/lib64 PYTHONPATH=/root/ros2_ws/install/lib/python3.9/site-packages:/root/ros2_ws/install/lib/python3.8/site-packages:${PYTHONPATH} /usr/bin/cmake --install /root/ros2_ws/build/diane_point_cloud_transport
[191.641s] Level 1:colcon.colcon_core.environment:create_environment_scripts_only(diane_point_cloud_transport)
[191.644s] Level 1:colcon.colcon_core.environment:checking '/root/ros2_ws/install' for CMake module files
[191.647s] DEBUG:colcon.colcon_core.event_handler.log_command:Invoked command in '/root/ros2_ws/build/diane_point_cloud_transport' returned '0': AMENT_PREFIX_PATH=/root/ros2_ws/install:${AMENT_PREFIX_PATH} CMAKE_PREFIX_PATH=/root/ros2_ws/install:/opt/ros/humble LD_LIBRARY_PATH=/root/ros2_ws/install/lib:/usr/local/lib/python3.8/dist-packages/torch/lib:/usr/local/cuda/lib64:/usr/local/lib/python3.8/dist-packages/torch/lib:/opt/ros/humble/opt/rviz_ogre_vendor/lib:/opt/ros/humble/lib/aarch64-linux-gnu:/opt/ros/humble/lib:/usr/local/cuda/lib64 PYTHONPATH=/root/ros2_ws/install/lib/python3.9/site-packages:/root/ros2_ws/install/lib/python3.8/site-packages:${PYTHONPATH} /usr/bin/cmake --install /root/ros2_ws/build/diane_point_cloud_transport
[191.650s] Level 1:colcon.colcon_core.environment:checking '/root/ros2_ws/install' for CMake config files
[191.651s] Level 1:colcon.colcon_core.shell:create_environment_hook('diane_point_cloud_transport', 'cmake_prefix_path')
[191.653s] INFO:colcon.colcon_core.shell:Creating environment hook '/root/ros2_ws/install/share/diane_point_cloud_transport/hook/cmake_prefix_path.ps1'
[191.658s] INFO:colcon.colcon_core.shell:Creating environment descriptor '/root/ros2_ws/install/share/diane_point_cloud_transport/hook/cmake_prefix_path.dsv'
[191.660s] INFO:colcon.colcon_core.shell:Creating environment hook '/root/ros2_ws/install/share/diane_point_cloud_transport/hook/cmake_prefix_path.sh'
[191.665s] Level 1:colcon.colcon_core.environment:checking '/root/ros2_ws/install/lib'
[191.665s] Level 1:colcon.colcon_core.shell:create_environment_hook('diane_point_cloud_transport', 'ld_library_path_lib')
[191.667s] INFO:colcon.colcon_core.shell:Creating environment hook '/root/ros2_ws/install/share/diane_point_cloud_transport/hook/ld_library_path_lib.ps1'
[191.670s] INFO:colcon.colcon_core.shell:Creating environment descriptor '/root/ros2_ws/install/share/diane_point_cloud_transport/hook/ld_library_path_lib.dsv'
[191.672s] INFO:colcon.colcon_core.shell:Creating environment hook '/root/ros2_ws/install/share/diane_point_cloud_transport/hook/ld_library_path_lib.sh'
[191.674s] Level 1:colcon.colcon_core.environment:checking '/root/ros2_ws/install/bin'
[191.675s] Level 1:colcon.colcon_core.environment:checking '/root/ros2_ws/install/lib/pkgconfig/diane_point_cloud_transport.pc'
[191.676s] Level 1:colcon.colcon_core.environment:checking '/root/ros2_ws/install/lib/python3.8/site-packages'
[191.677s] Level 1:colcon.colcon_core.shell:create_environment_hook('diane_point_cloud_transport', 'pythonpath')
[191.678s] INFO:colcon.colcon_core.shell:Creating environment hook '/root/ros2_ws/install/share/diane_point_cloud_transport/hook/pythonpath.ps1'
[191.680s] INFO:colcon.colcon_core.shell:Creating environment descriptor '/root/ros2_ws/install/share/diane_point_cloud_transport/hook/pythonpath.dsv'
[191.682s] INFO:colcon.colcon_core.shell:Creating environment hook '/root/ros2_ws/install/share/diane_point_cloud_transport/hook/pythonpath.sh'
[191.685s] Level 1:colcon.colcon_core.environment:checking '/root/ros2_ws/install/bin'
[191.687s] INFO:colcon.colcon_core.shell:Creating package script '/root/ros2_ws/install/share/diane_point_cloud_transport/package.ps1'
[191.691s] INFO:colcon.colcon_core.shell:Creating package descriptor '/root/ros2_ws/install/share/diane_point_cloud_transport/package.dsv'
[191.694s] INFO:colcon.colcon_core.shell:Creating package script '/root/ros2_ws/install/share/diane_point_cloud_transport/package.sh'
[191.697s] INFO:colcon.colcon_core.shell:Creating package script '/root/ros2_ws/install/share/diane_point_cloud_transport/package.bash'
[191.699s] INFO:colcon.colcon_core.shell:Creating package script '/root/ros2_ws/install/share/diane_point_cloud_transport/package.zsh'
[191.701s] Level 1:colcon.colcon_core.environment:create_file_with_runtime_dependencies(/root/ros2_ws/install/share/colcon-core/packages/diane_point_cloud_transport)
[191.705s] Level 1:colcon.colcon_core.environment:create_environment_scripts_only(diane_point_cloud_transport)
[191.706s] Level 1:colcon.colcon_core.environment:checking '/root/ros2_ws/install' for CMake module files
[191.709s] Level 1:colcon.colcon_core.environment:checking '/root/ros2_ws/install' for CMake config files
[191.711s] Level 1:colcon.colcon_core.shell:create_environment_hook('diane_point_cloud_transport', 'cmake_prefix_path')
[191.712s] INFO:colcon.colcon_core.shell:Creating environment hook '/root/ros2_ws/install/share/diane_point_cloud_transport/hook/cmake_prefix_path.ps1'
[191.714s] INFO:colcon.colcon_core.shell:Creating environment descriptor '/root/ros2_ws/install/share/diane_point_cloud_transport/hook/cmake_prefix_path.dsv'
[191.716s] INFO:colcon.colcon_core.shell:Creating environment hook '/root/ros2_ws/install/share/diane_point_cloud_transport/hook/cmake_prefix_path.sh'
[191.719s] Level 1:colcon.colcon_core.environment:checking '/root/ros2_ws/install/lib'
[191.720s] Level 1:colcon.colcon_core.shell:create_environment_hook('diane_point_cloud_transport', 'ld_library_path_lib')
[191.721s] INFO:colcon.colcon_core.shell:Creating environment hook '/root/ros2_ws/install/share/diane_point_cloud_transport/hook/ld_library_path_lib.ps1'
[191.723s] INFO:colcon.colcon_core.shell:Creating environment descriptor '/root/ros2_ws/install/share/diane_point_cloud_transport/hook/ld_library_path_lib.dsv'
[191.725s] INFO:colcon.colcon_core.shell:Creating environment hook '/root/ros2_ws/install/share/diane_point_cloud_transport/hook/ld_library_path_lib.sh'
[191.727s] Level 1:colcon.colcon_core.environment:checking '/root/ros2_ws/install/bin'
[191.727s] Level 1:colcon.colcon_core.environment:checking '/root/ros2_ws/install/lib/pkgconfig/diane_point_cloud_transport.pc'
[191.728s] Level 1:colcon.colcon_core.environment:checking '/root/ros2_ws/install/lib/python3.8/site-packages'
[191.729s] Level 1:colcon.colcon_core.shell:create_environment_hook('diane_point_cloud_transport', 'pythonpath')
[191.730s] INFO:colcon.colcon_core.shell:Creating environment hook '/root/ros2_ws/install/share/diane_point_cloud_transport/hook/pythonpath.ps1'
[191.732s] INFO:colcon.colcon_core.shell:Creating environment descriptor '/root/ros2_ws/install/share/diane_point_cloud_transport/hook/pythonpath.dsv'
[191.733s] INFO:colcon.colcon_core.shell:Creating environment hook '/root/ros2_ws/install/share/diane_point_cloud_transport/hook/pythonpath.sh'
[191.736s] Level 1:colcon.colcon_core.environment:checking '/root/ros2_ws/install/bin'
[191.738s] INFO:colcon.colcon_core.shell:Creating package script '/root/ros2_ws/install/share/diane_point_cloud_transport/package.ps1'
[191.741s] INFO:colcon.colcon_core.shell:Creating package descriptor '/root/ros2_ws/install/share/diane_point_cloud_transport/package.dsv'
[191.744s] INFO:colcon.colcon_core.shell:Creating package script '/root/ros2_ws/install/share/diane_point_cloud_transport/package.sh'
[191.747s] INFO:colcon.colcon_core.shell:Creating package script '/root/ros2_ws/install/share/diane_point_cloud_transport/package.bash'
[191.749s] INFO:colcon.colcon_core.shell:Creating package script '/root/ros2_ws/install/share/diane_point_cloud_transport/package.zsh'
[191.751s] Level 1:colcon.colcon_core.environment:create_file_with_runtime_dependencies(/root/ros2_ws/install/share/colcon-core/packages/diane_point_cloud_transport)
[191.753s] INFO:colcon.colcon_ros.task.ament_cmake.build:Building ROS package in '/root/ros2_ws/src/point_cloud_transport_plugins-humble/point_cloud_transport_plugins' with build type 'ament_cmake'
[191.754s] INFO:colcon.colcon_cmake.task.cmake.build:Building CMake package in '/root/ros2_ws/src/point_cloud_transport_plugins-humble/point_cloud_transport_plugins'
[191.756s] INFO:colcon.colcon_core.shell:Skip shell extension 'powershell' for command environment: Not usable outside of PowerShell
[191.756s] DEBUG:colcon.colcon_core.shell:Skip shell extension 'dsv' for command environment
[191.865s] DEBUG:colcon.colcon_core.event_handler.log_command:Invoking command in '/root/ros2_ws/build/point_cloud_transport_plugins': AMENT_PREFIX_PATH=/root/ros2_ws/install:${AMENT_PREFIX_PATH} CMAKE_PREFIX_PATH=/root/ros2_ws/install:/opt/ros/humble LD_LIBRARY_PATH=/root/ros2_ws/install/lib:/usr/local/lib/python3.8/dist-packages/torch/lib:/usr/local/cuda/lib64:/usr/local/lib/python3.8/dist-packages/torch/lib:/opt/ros/humble/opt/rviz_ogre_vendor/lib:/opt/ros/humble/lib/aarch64-linux-gnu:/opt/ros/humble/lib:/usr/local/cuda/lib64 PYTHONPATH=/root/ros2_ws/install/lib/python3.8/site-packages:/root/ros2_ws/install/lib/python3.9/site-packages:${PYTHONPATH} /usr/bin/cmake /root/ros2_ws/src/point_cloud_transport_plugins-humble/point_cloud_transport_plugins -DCMAKE_INSTALL_PREFIX=/root/ros2_ws/install
[196.202s] DEBUG:colcon.colcon_core.event_handler.log_command:Invoked command in '/root/ros2_ws/build/point_cloud_transport_plugins' returned '0': AMENT_PREFIX_PATH=/root/ros2_ws/install:${AMENT_PREFIX_PATH} CMAKE_PREFIX_PATH=/root/ros2_ws/install:/opt/ros/humble LD_LIBRARY_PATH=/root/ros2_ws/install/lib:/usr/local/lib/python3.8/dist-packages/torch/lib:/usr/local/cuda/lib64:/usr/local/lib/python3.8/dist-packages/torch/lib:/opt/ros/humble/opt/rviz_ogre_vendor/lib:/opt/ros/humble/lib/aarch64-linux-gnu:/opt/ros/humble/lib:/usr/local/cuda/lib64 PYTHONPATH=/root/ros2_ws/install/lib/python3.8/site-packages:/root/ros2_ws/install/lib/python3.9/site-packages:${PYTHONPATH} /usr/bin/cmake /root/ros2_ws/src/point_cloud_transport_plugins-humble/point_cloud_transport_plugins -DCMAKE_INSTALL_PREFIX=/root/ros2_ws/install
[196.213s] DEBUG:colcon.colcon_core.event_handler.log_command:Invoking command in '/root/ros2_ws/build/point_cloud_transport_plugins': AMENT_PREFIX_PATH=/root/ros2_ws/install:${AMENT_PREFIX_PATH} CMAKE_PREFIX_PATH=/root/ros2_ws/install:/opt/ros/humble LD_LIBRARY_PATH=/root/ros2_ws/install/lib:/usr/local/lib/python3.8/dist-packages/torch/lib:/usr/local/cuda/lib64:/usr/local/lib/python3.8/dist-packages/torch/lib:/opt/ros/humble/opt/rviz_ogre_vendor/lib:/opt/ros/humble/lib/aarch64-linux-gnu:/opt/ros/humble/lib:/usr/local/cuda/lib64 PYTHONPATH=/root/ros2_ws/install/lib/python3.8/site-packages:/root/ros2_ws/install/lib/python3.9/site-packages:${PYTHONPATH} /usr/bin/cmake --build /root/ros2_ws/build/point_cloud_transport_plugins -- -j6 -l6
[196.424s] DEBUG:colcon.colcon_core.event_handler.log_command:Invoked command in '/root/ros2_ws/build/point_cloud_transport_plugins' returned '0': AMENT_PREFIX_PATH=/root/ros2_ws/install:${AMENT_PREFIX_PATH} CMAKE_PREFIX_PATH=/root/ros2_ws/install:/opt/ros/humble LD_LIBRARY_PATH=/root/ros2_ws/install/lib:/usr/local/lib/python3.8/dist-packages/torch/lib:/usr/local/cuda/lib64:/usr/local/lib/python3.8/dist-packages/torch/lib:/opt/ros/humble/opt/rviz_ogre_vendor/lib:/opt/ros/humble/lib/aarch64-linux-gnu:/opt/ros/humble/lib:/usr/local/cuda/lib64 PYTHONPATH=/root/ros2_ws/install/lib/python3.8/site-packages:/root/ros2_ws/install/lib/python3.9/site-packages:${PYTHONPATH} /usr/bin/cmake --build /root/ros2_ws/build/point_cloud_transport_plugins -- -j6 -l6
[196.439s] DEBUG:colcon.colcon_core.event_handler.log_command:Invoking command in '/root/ros2_ws/build/point_cloud_transport_plugins': AMENT_PREFIX_PATH=/root/ros2_ws/install:${AMENT_PREFIX_PATH} CMAKE_PREFIX_PATH=/root/ros2_ws/install:/opt/ros/humble LD_LIBRARY_PATH=/root/ros2_ws/install/lib:/usr/local/lib/python3.8/dist-packages/torch/lib:/usr/local/cuda/lib64:/usr/local/lib/python3.8/dist-packages/torch/lib:/opt/ros/humble/opt/rviz_ogre_vendor/lib:/opt/ros/humble/lib/aarch64-linux-gnu:/opt/ros/humble/lib:/usr/local/cuda/lib64 PYTHONPATH=/root/ros2_ws/install/lib/python3.8/site-packages:/root/ros2_ws/install/lib/python3.9/site-packages:${PYTHONPATH} /usr/bin/cmake --install /root/ros2_ws/build/point_cloud_transport_plugins
[196.514s] Level 1:colcon.colcon_core.environment:create_environment_scripts_only(point_cloud_transport_plugins)
[196.518s] Level 1:colcon.colcon_core.environment:checking '/root/ros2_ws/install' for CMake module files
[196.522s] DEBUG:colcon.colcon_core.event_handler.log_command:Invoked command in '/root/ros2_ws/build/point_cloud_transport_plugins' returned '0': AMENT_PREFIX_PATH=/root/ros2_ws/install:${AMENT_PREFIX_PATH} CMAKE_PREFIX_PATH=/root/ros2_ws/install:/opt/ros/humble LD_LIBRARY_PATH=/root/ros2_ws/install/lib:/usr/local/lib/python3.8/dist-packages/torch/lib:/usr/local/cuda/lib64:/usr/local/lib/python3.8/dist-packages/torch/lib:/opt/ros/humble/opt/rviz_ogre_vendor/lib:/opt/ros/humble/lib/aarch64-linux-gnu:/opt/ros/humble/lib:/usr/local/cuda/lib64 PYTHONPATH=/root/ros2_ws/install/lib/python3.8/site-packages:/root/ros2_ws/install/lib/python3.9/site-packages:${PYTHONPATH} /usr/bin/cmake --install /root/ros2_ws/build/point_cloud_transport_plugins
[196.525s] Level 1:colcon.colcon_core.environment:checking '/root/ros2_ws/install' for CMake config files
[196.526s] Level 1:colcon.colcon_core.shell:create_environment_hook('point_cloud_transport_plugins', 'cmake_prefix_path')
[196.528s] INFO:colcon.colcon_core.shell:Creating environment hook '/root/ros2_ws/install/share/point_cloud_transport_plugins/hook/cmake_prefix_path.ps1'
[196.533s] INFO:colcon.colcon_core.shell:Creating environment descriptor '/root/ros2_ws/install/share/point_cloud_transport_plugins/hook/cmake_prefix_path.dsv'
[196.536s] INFO:colcon.colcon_core.shell:Creating environment hook '/root/ros2_ws/install/share/point_cloud_transport_plugins/hook/cmake_prefix_path.sh'
[196.540s] Level 1:colcon.colcon_core.environment:checking '/root/ros2_ws/install/lib'
[196.540s] Level 1:colcon.colcon_core.shell:create_environment_hook('point_cloud_transport_plugins', 'ld_library_path_lib')
[196.542s] INFO:colcon.colcon_core.shell:Creating environment hook '/root/ros2_ws/install/share/point_cloud_transport_plugins/hook/ld_library_path_lib.ps1'
[196.544s] INFO:colcon.colcon_core.shell:Creating environment descriptor '/root/ros2_ws/install/share/point_cloud_transport_plugins/hook/ld_library_path_lib.dsv'
[196.546s] INFO:colcon.colcon_core.shell:Creating environment hook '/root/ros2_ws/install/share/point_cloud_transport_plugins/hook/ld_library_path_lib.sh'
[196.548s] Level 1:colcon.colcon_core.environment:checking '/root/ros2_ws/install/bin'
[196.549s] Level 1:colcon.colcon_core.environment:checking '/root/ros2_ws/install/lib/pkgconfig/point_cloud_transport_plugins.pc'
[196.550s] Level 1:colcon.colcon_core.environment:checking '/root/ros2_ws/install/lib/python3.8/site-packages'
[196.550s] Level 1:colcon.colcon_core.shell:create_environment_hook('point_cloud_transport_plugins', 'pythonpath')
[196.552s] INFO:colcon.colcon_core.shell:Creating environment hook '/root/ros2_ws/install/share/point_cloud_transport_plugins/hook/pythonpath.ps1'
[196.554s] INFO:colcon.colcon_core.shell:Creating environment descriptor '/root/ros2_ws/install/share/point_cloud_transport_plugins/hook/pythonpath.dsv'
[196.556s] INFO:colcon.colcon_core.shell:Creating environment hook '/root/ros2_ws/install/share/point_cloud_transport_plugins/hook/pythonpath.sh'
[196.559s] Level 1:colcon.colcon_core.environment:checking '/root/ros2_ws/install/bin'
[196.561s] INFO:colcon.colcon_core.shell:Creating package script '/root/ros2_ws/install/share/point_cloud_transport_plugins/package.ps1'
[196.565s] INFO:colcon.colcon_core.shell:Creating package descriptor '/root/ros2_ws/install/share/point_cloud_transport_plugins/package.dsv'
[196.568s] INFO:colcon.colcon_core.shell:Creating package script '/root/ros2_ws/install/share/point_cloud_transport_plugins/package.sh'
[196.571s] INFO:colcon.colcon_core.shell:Creating package script '/root/ros2_ws/install/share/point_cloud_transport_plugins/package.bash'
[196.573s] INFO:colcon.colcon_core.shell:Creating package script '/root/ros2_ws/install/share/point_cloud_transport_plugins/package.zsh'
[196.575s] Level 1:colcon.colcon_core.environment:create_file_with_runtime_dependencies(/root/ros2_ws/install/share/colcon-core/packages/point_cloud_transport_plugins)
[196.578s] Level 1:colcon.colcon_core.environment:create_environment_scripts_only(point_cloud_transport_plugins)
[196.579s] Level 1:colcon.colcon_core.environment:checking '/root/ros2_ws/install' for CMake module files
[196.582s] Level 1:colcon.colcon_core.environment:checking '/root/ros2_ws/install' for CMake config files
[196.583s] Level 1:colcon.colcon_core.shell:create_environment_hook('point_cloud_transport_plugins', 'cmake_prefix_path')
[196.584s] INFO:colcon.colcon_core.shell:Creating environment hook '/root/ros2_ws/install/share/point_cloud_transport_plugins/hook/cmake_prefix_path.ps1'
[196.586s] INFO:colcon.colcon_core.shell:Creating environment descriptor '/root/ros2_ws/install/share/point_cloud_transport_plugins/hook/cmake_prefix_path.dsv'
[196.588s] INFO:colcon.colcon_core.shell:Creating environment hook '/root/ros2_ws/install/share/point_cloud_transport_plugins/hook/cmake_prefix_path.sh'
[196.591s] Level 1:colcon.colcon_core.environment:checking '/root/ros2_ws/install/lib'
[196.591s] Level 1:colcon.colcon_core.shell:create_environment_hook('point_cloud_transport_plugins', 'ld_library_path_lib')
[196.592s] INFO:colcon.colcon_core.shell:Creating environment hook '/root/ros2_ws/install/share/point_cloud_transport_plugins/hook/ld_library_path_lib.ps1'
[196.594s] INFO:colcon.colcon_core.shell:Creating environment descriptor '/root/ros2_ws/install/share/point_cloud_transport_plugins/hook/ld_library_path_lib.dsv'
[196.596s] INFO:colcon.colcon_core.shell:Creating environment hook '/root/ros2_ws/install/share/point_cloud_transport_plugins/hook/ld_library_path_lib.sh'
[196.598s] Level 1:colcon.colcon_core.environment:checking '/root/ros2_ws/install/bin'
[196.598s] Level 1:colcon.colcon_core.environment:checking '/root/ros2_ws/install/lib/pkgconfig/point_cloud_transport_plugins.pc'
[196.599s] Level 1:colcon.colcon_core.environment:checking '/root/ros2_ws/install/lib/python3.8/site-packages'
[196.599s] Level 1:colcon.colcon_core.shell:create_environment_hook('point_cloud_transport_plugins', 'pythonpath')
[196.600s] INFO:colcon.colcon_core.shell:Creating environment hook '/root/ros2_ws/install/share/point_cloud_transport_plugins/hook/pythonpath.ps1'
[196.602s] INFO:colcon.colcon_core.shell:Creating environment descriptor '/root/ros2_ws/install/share/point_cloud_transport_plugins/hook/pythonpath.dsv'
[196.604s] INFO:colcon.colcon_core.shell:Creating environment hook '/root/ros2_ws/install/share/point_cloud_transport_plugins/hook/pythonpath.sh'
[196.607s] Level 1:colcon.colcon_core.environment:checking '/root/ros2_ws/install/bin'
[196.609s] INFO:colcon.colcon_core.shell:Creating package script '/root/ros2_ws/install/share/point_cloud_transport_plugins/package.ps1'
[196.611s] INFO:colcon.colcon_core.shell:Creating package descriptor '/root/ros2_ws/install/share/point_cloud_transport_plugins/package.dsv'
[196.614s] INFO:colcon.colcon_core.shell:Creating package script '/root/ros2_ws/install/share/point_cloud_transport_plugins/package.sh'
[196.617s] INFO:colcon.colcon_core.shell:Creating package script '/root/ros2_ws/install/share/point_cloud_transport_plugins/package.bash'
[196.619s] INFO:colcon.colcon_core.shell:Creating package script '/root/ros2_ws/install/share/point_cloud_transport_plugins/package.zsh'
[196.621s] Level 1:colcon.colcon_core.environment:create_file_with_runtime_dependencies(/root/ros2_ws/install/share/colcon-core/packages/point_cloud_transport_plugins)
[196.623s] DEBUG:colcon.colcon_parallel_executor.executor.parallel:closing loop
[196.625s] DEBUG:colcon.colcon_parallel_executor.executor.parallel:loop closed
[196.626s] DEBUG:colcon.colcon_parallel_executor.executor.parallel:run_until_complete finished with '0'
[196.626s] DEBUG:colcon.colcon_core.event_reactor:joining thread
[196.680s] INFO:colcon.colcon_core.plugin_system:Skipping extension 'colcon_notification.desktop_notification.notify_send': Could not find 'notify-send'
[196.681s] INFO:colcon.colcon_core.plugin_system:Skipping extension 'colcon_notification.desktop_notification.terminal_notifier': Not used on non-Darwin systems
[196.681s] INFO:colcon.colcon_core.plugin_system:Skipping extension 'colcon_notification.desktop_notification.win32': Not used on non-Windows systems
[196.681s] INFO:colcon.colcon_notification.desktop_notification:Sending desktop notification using 'notify2'
[196.711s] DEBUG:colcon.colcon_notification.desktop_notification.notify2:Failed to initialize notify2: org.freedesktop.DBus.Error.ServiceUnknown: The name org.freedesktop.Notifications was not provided by any .service files
[196.714s] DEBUG:colcon.colcon_core.event_reactor:joined thread
[196.718s] INFO:colcon.colcon_core.shell:Creating prefix script '/root/ros2_ws/install/local_setup.ps1'
[196.726s] INFO:colcon.colcon_core.shell:Creating prefix util module '/root/ros2_ws/install/_local_setup_util_ps1.py'
[196.734s] INFO:colcon.colcon_core.shell:Creating prefix chain script '/root/ros2_ws/install/setup.ps1'
[196.739s] INFO:colcon.colcon_core.shell:Creating prefix script '/root/ros2_ws/install/local_setup.sh'
[196.743s] INFO:colcon.colcon_core.shell:Creating prefix util module '/root/ros2_ws/install/_local_setup_util_sh.py'
[196.746s] INFO:colcon.colcon_core.shell:Creating prefix chain script '/root/ros2_ws/install/setup.sh'
[196.751s] INFO:colcon.colcon_core.shell:Creating prefix script '/root/ros2_ws/install/local_setup.bash'
[196.754s] INFO:colcon.colcon_core.shell:Creating prefix chain script '/root/ros2_ws/install/setup.bash'
[196.758s] INFO:colcon.colcon_core.shell:Creating prefix script '/root/ros2_ws/install/local_setup.zsh'
[196.761s] INFO:colcon.colcon_core.shell:Creating prefix chain script '/root/ros2_ws/install/setup.zsh'
