[0.137s] Invoking command in '/root/ros2_ws/build/diane_point_cloud_transport': CMAKE_PREFIX_PATH=${CMAKE_PREFIX_PATH}:/opt/ros/humble LD_LIBRARY_PATH=/root/ros2_ws/install/lib:/usr/local/lib/python3.8/dist-packages/torch/lib:/usr/local/cuda/lib64:/usr/local/lib/python3.8/dist-packages/torch/lib:/opt/ros/humble/opt/rviz_ogre_vendor/lib:/opt/ros/humble/lib/aarch64-linux-gnu:/opt/ros/humble/lib:/usr/local/cuda/lib64 PYTHONPATH=/root/ros2_ws/install/lib/python3.8/site-packages:/root/ros2_ws/install/lib/python3.9/site-packages:/opt/ros/humble/lib/python3.8/site-packages /usr/bin/cmake --build /root/ros2_ws/build/diane_point_cloud_transport -- -j6 -l6
[1.496s] [35m[1mScanning dependencies of target diane_point_cloud_transport[0m
[8.328s] [ 20%] [32mBuilding CXX object CMakeFiles/diane_point_cloud_transport.dir/src/diane_encoder.cpp.o[0m
[87.898s] [ 40%] [32m[1mLinking CXX shared library libdiane_point_cloud_transport.so[0m
[93.034s] [100%] Built target diane_point_cloud_transport
[93.106s] Invoked command in '/root/ros2_ws/build/diane_point_cloud_transport' returned '0': CMAKE_PREFIX_PATH=${CMAKE_PREFIX_PATH}:/opt/ros/humble LD_LIBRARY_PATH=/root/ros2_ws/install/lib:/usr/local/lib/python3.8/dist-packages/torch/lib:/usr/local/cuda/lib64:/usr/local/lib/python3.8/dist-packages/torch/lib:/opt/ros/humble/opt/rviz_ogre_vendor/lib:/opt/ros/humble/lib/aarch64-linux-gnu:/opt/ros/humble/lib:/usr/local/cuda/lib64 PYTHONPATH=/root/ros2_ws/install/lib/python3.8/site-packages:/root/ros2_ws/install/lib/python3.9/site-packages:/opt/ros/humble/lib/python3.8/site-packages /usr/bin/cmake --build /root/ros2_ws/build/diane_point_cloud_transport -- -j6 -l6
[93.125s] Invoking command in '/root/ros2_ws/build/diane_point_cloud_transport': CMAKE_PREFIX_PATH=${CMAKE_PREFIX_PATH}:/opt/ros/humble LD_LIBRARY_PATH=/root/ros2_ws/install/lib:/usr/local/lib/python3.8/dist-packages/torch/lib:/usr/local/cuda/lib64:/usr/local/lib/python3.8/dist-packages/torch/lib:/opt/ros/humble/opt/rviz_ogre_vendor/lib:/opt/ros/humble/lib/aarch64-linux-gnu:/opt/ros/humble/lib:/usr/local/cuda/lib64 PYTHONPATH=/root/ros2_ws/install/lib/python3.8/site-packages:/root/ros2_ws/install/lib/python3.9/site-packages:/opt/ros/humble/lib/python3.8/site-packages /usr/bin/cmake --install /root/ros2_ws/build/diane_point_cloud_transport
[93.181s] -- Install configuration: ""
[93.184s] -- Installing: /root/ros2_ws/install/lib/libdiane_point_cloud_transport.so
[93.268s] -- Set runtime path of "/root/ros2_ws/install/lib/libdiane_point_cloud_transport.so" to ""
[93.273s] -- Up-to-date: /root/ros2_ws/install/include/diane_point_cloud_transport
[93.276s] -- Up-to-date: /root/ros2_ws/install/include/diane_point_cloud_transport/diane_subscriber.hpp
[93.277s] -- Up-to-date: /root/ros2_ws/install/include/diane_point_cloud_transport/diane_publisher.hpp
[93.278s] -- Up-to-date: /root/ros2_ws/install/include/diane_point_cloud_transport/diane_encoder.hpp
[93.278s] -- Up-to-date: /root/ros2_ws/install/share/diane_point_cloud_transport/diane_plugins.xml
[93.279s] -- Up-to-date: /root/ros2_ws/install/share/diane_point_cloud_transport/environment/library_path.sh
[93.280s] -- Up-to-date: /root/ros2_ws/install/share/diane_point_cloud_transport/environment/library_path.dsv
[93.281s] -- Up-to-date: /root/ros2_ws/install/share/ament_index/resource_index/package_run_dependencies/diane_point_cloud_transport
[93.282s] -- Up-to-date: /root/ros2_ws/install/share/ament_index/resource_index/parent_prefix_path/diane_point_cloud_transport
[93.282s] -- Up-to-date: /root/ros2_ws/install/share/diane_point_cloud_transport/environment/ament_prefix_path.sh
[93.282s] -- Up-to-date: /root/ros2_ws/install/share/diane_point_cloud_transport/environment/ament_prefix_path.dsv
[93.283s] -- Up-to-date: /root/ros2_ws/install/share/diane_point_cloud_transport/environment/path.sh
[93.284s] -- Up-to-date: /root/ros2_ws/install/share/diane_point_cloud_transport/environment/path.dsv
[93.285s] -- Up-to-date: /root/ros2_ws/install/share/diane_point_cloud_transport/local_setup.bash
[93.285s] -- Up-to-date: /root/ros2_ws/install/share/diane_point_cloud_transport/local_setup.sh
[93.286s] -- Up-to-date: /root/ros2_ws/install/share/diane_point_cloud_transport/local_setup.zsh
[93.286s] -- Up-to-date: /root/ros2_ws/install/share/diane_point_cloud_transport/local_setup.dsv
[93.287s] -- Installing: /root/ros2_ws/install/share/diane_point_cloud_transport/package.dsv
[93.288s] -- Up-to-date: /root/ros2_ws/install/share/ament_index/resource_index/packages/diane_point_cloud_transport
[93.288s] -- Up-to-date: /root/ros2_ws/install/share/ament_index/resource_index/point_cloud_transport__pluginlib__plugin/diane_point_cloud_transport
[93.290s] -- Up-to-date: /root/ros2_ws/install/share/diane_point_cloud_transport/cmake/ament_cmake_export_include_directories-extras.cmake
[93.290s] -- Up-to-date: /root/ros2_ws/install/share/diane_point_cloud_transport/cmake/ament_cmake_export_libraries-extras.cmake
[93.291s] -- Up-to-date: /root/ros2_ws/install/share/diane_point_cloud_transport/cmake/ament_cmake_export_dependencies-extras.cmake
[93.291s] -- Up-to-date: /root/ros2_ws/install/share/diane_point_cloud_transport/cmake/diane_point_cloud_transportConfig.cmake
[93.292s] -- Up-to-date: /root/ros2_ws/install/share/diane_point_cloud_transport/cmake/diane_point_cloud_transportConfig-version.cmake
[93.292s] -- Up-to-date: /root/ros2_ws/install/share/diane_point_cloud_transport/package.xml
[93.307s] Invoked command in '/root/ros2_ws/build/diane_point_cloud_transport' returned '0': CMAKE_PREFIX_PATH=${CMAKE_PREFIX_PATH}:/opt/ros/humble LD_LIBRARY_PATH=/root/ros2_ws/install/lib:/usr/local/lib/python3.8/dist-packages/torch/lib:/usr/local/cuda/lib64:/usr/local/lib/python3.8/dist-packages/torch/lib:/opt/ros/humble/opt/rviz_ogre_vendor/lib:/opt/ros/humble/lib/aarch64-linux-gnu:/opt/ros/humble/lib:/usr/local/cuda/lib64 PYTHONPATH=/root/ros2_ws/install/lib/python3.8/site-packages:/root/ros2_ws/install/lib/python3.9/site-packages:/opt/ros/humble/lib/python3.8/site-packages /usr/bin/cmake --install /root/ros2_ws/build/diane_point_cloud_transport
