[5.086s] Invoking command in '/root/ros2_ws/src/diane_encoder': PYTHONPATH=/root/ros2_ws/build/diane_encoder/prefix_override:/usr/lib/python3/dist-packages/colcon_core/task/python/colcon_distutils_commands:/root/ros2_ws/install/lib/python3.8/site-packages:${PYTHONPATH} /usr/bin/python3 -W ignore:setup.py install is deprecated -W ignore:easy_install command is deprecated setup.py egg_info --egg-base ../../build/diane_encoder build --build-base /root/ros2_ws/build/diane_encoder/build install --record /root/ros2_ws/build/diane_encoder/install.log --single-version-externally-managed install_data
[6.314s] running egg_info
[6.318s] creating ../../build/diane_encoder/diane_encoder.egg-info
[6.321s] writing ../../build/diane_encoder/diane_encoder.egg-info/PKG-INFO
[6.323s] writing dependency_links to ../../build/diane_encoder/diane_encoder.egg-info/dependency_links.txt
[6.324s] writing entry points to ../../build/diane_encoder/diane_encoder.egg-info/entry_points.txt
[6.326s] writing requirements to ../../build/diane_encoder/diane_encoder.egg-info/requires.txt
[6.328s] writing top-level names to ../../build/diane_encoder/diane_encoder.egg-info/top_level.txt
[6.329s] writing manifest file '../../build/diane_encoder/diane_encoder.egg-info/SOURCES.txt'
[6.501s] reading manifest file '../../build/diane_encoder/diane_encoder.egg-info/SOURCES.txt'
[6.507s] writing manifest file '../../build/diane_encoder/diane_encoder.egg-info/SOURCES.txt'
[6.508s] running build
[6.511s] running build_py
[6.512s] creating /root/ros2_ws/build/diane_encoder/build
[6.513s] creating /root/ros2_ws/build/diane_encoder/build/lib
[6.515s] creating /root/ros2_ws/build/diane_encoder/build/lib/diane_encoder
[6.517s] copying diane_encoder/diane_encoder.py -> /root/ros2_ws/build/diane_encoder/build/lib/diane_encoder
[6.531s] copying diane_encoder/diane_publisher.py -> /root/ros2_ws/build/diane_encoder/build/lib/diane_encoder
[6.532s] copying diane_encoder/__init__.py -> /root/ros2_ws/build/diane_encoder/build/lib/diane_encoder
[6.532s] running install
[6.536s] running install_lib
[6.539s] creating /root/ros2_ws/install/lib/python3.8/site-packages/diane_encoder
[6.541s] copying /root/ros2_ws/build/diane_encoder/build/lib/diane_encoder/diane_encoder.py -> /root/ros2_ws/install/lib/python3.8/site-packages/diane_encoder
[6.549s] copying /root/ros2_ws/build/diane_encoder/build/lib/diane_encoder/diane_publisher.py -> /root/ros2_ws/install/lib/python3.8/site-packages/diane_encoder
[6.552s] copying /root/ros2_ws/build/diane_encoder/build/lib/diane_encoder/__init__.py -> /root/ros2_ws/install/lib/python3.8/site-packages/diane_encoder
[6.558s] byte-compiling /root/ros2_ws/install/lib/python3.8/site-packages/diane_encoder/diane_encoder.py to diane_encoder.cpython-38.pyc
[6.576s] byte-compiling /root/ros2_ws/install/lib/python3.8/site-packages/diane_encoder/diane_publisher.py to diane_publisher.cpython-38.pyc
[6.595s] byte-compiling /root/ros2_ws/install/lib/python3.8/site-packages/diane_encoder/__init__.py to __init__.cpython-38.pyc
[6.598s] running install_data
[6.599s] copying resource/diane_encoder -> /root/ros2_ws/install/share/ament_index/resource_index/packages
[6.601s] copying package.xml -> /root/ros2_ws/install/share/diane_encoder
[6.605s] running install_egg_info
[6.609s] Copying ../../build/diane_encoder/diane_encoder.egg-info to /root/ros2_ws/install/lib/python3.8/site-packages/diane_encoder-0.0.0-py3.8.egg-info
[6.613s] running install_scripts
[6.670s] Installing diane_publisher script to /root/ros2_ws/install/lib/diane_encoder
[6.672s] writing list of installed files to '/root/ros2_ws/build/diane_encoder/install.log'
[6.855s] Invoked command in '/root/ros2_ws/src/diane_encoder' returned '0': PYTHONPATH=/root/ros2_ws/build/diane_encoder/prefix_override:/usr/lib/python3/dist-packages/colcon_core/task/python/colcon_distutils_commands:/root/ros2_ws/install/lib/python3.8/site-packages:${PYTHONPATH} /usr/bin/python3 -W ignore:setup.py install is deprecated -W ignore:easy_install command is deprecated setup.py egg_info --egg-base ../../build/diane_encoder build --build-base /root/ros2_ws/build/diane_encoder/build install --record /root/ros2_ws/build/diane_encoder/install.log --single-version-externally-managed install_data
