-- The C compiler identification is GNU 9.4.0
-- The CXX compiler identification is GNU 9.4.0
-- Check for working C compiler: /usr/bin/cc
-- Check for working C compiler: /usr/bin/cc -- works
-- Detecting C compiler ABI info
-- Detecting C compiler ABI info - done
-- Detecting C compile features
-- Detecting C compile features - done
-- Check for working CXX compiler: /usr/bin/c++
-- Check for working CXX compiler: /usr/bin/c++ -- works
-- Detecting CXX compiler ABI info
-- Detecting CXX compiler ABI info - done
-- Detecting CXX compile features
-- Detecting CXX compile features - done
-- Found ament_cmake: 1.3.6 (/opt/ros/humble/share/ament_cmake/cmake)
-- Found Python3: /usr/bin/python3.9 (found version "3.9.5") found components: Interpreter 
-- Configuring done
-- Generating done
-- Build files have been written to: /root/ros2_ws/build/point_cloud_transport_plugins
-- Install configuration: ""
-- Installing: /root/ros2_ws/install/share/ament_index/resource_index/package_run_dependencies/point_cloud_transport_plugins
-- Installing: /root/ros2_ws/install/share/ament_index/resource_index/parent_prefix_path/point_cloud_transport_plugins
-- Installing: /root/ros2_ws/install/share/point_cloud_transport_plugins/environment/ament_prefix_path.sh
-- Installing: /root/ros2_ws/install/share/point_cloud_transport_plugins/environment/ament_prefix_path.dsv
-- Installing: /root/ros2_ws/install/share/point_cloud_transport_plugins/environment/path.sh
-- Installing: /root/ros2_ws/install/share/point_cloud_transport_plugins/environment/path.dsv
-- Installing: /root/ros2_ws/install/share/point_cloud_transport_plugins/local_setup.bash
-- Installing: /root/ros2_ws/install/share/point_cloud_transport_plugins/local_setup.sh
-- Installing: /root/ros2_ws/install/share/point_cloud_transport_plugins/local_setup.zsh
-- Installing: /root/ros2_ws/install/share/point_cloud_transport_plugins/local_setup.dsv
-- Installing: /root/ros2_ws/install/share/point_cloud_transport_plugins/package.dsv
-- Installing: /root/ros2_ws/install/share/ament_index/resource_index/packages/point_cloud_transport_plugins
-- Installing: /root/ros2_ws/install/share/point_cloud_transport_plugins/cmake/point_cloud_transport_pluginsConfig.cmake
-- Installing: /root/ros2_ws/install/share/point_cloud_transport_plugins/cmake/point_cloud_transport_pluginsConfig-version.cmake
-- Installing: /root/ros2_ws/install/share/point_cloud_transport_plugins/package.xml
