[0.103s] Invoking command in '/root/ros2_ws/build/point_cloud_transport_plugins': AMENT_PREFIX_PATH=/root/ros2_ws/install:${AMENT_PREFIX_PATH} CMAKE_PREFIX_PATH=/root/ros2_ws/install:/opt/ros/humble LD_LIBRARY_PATH=/root/ros2_ws/install/lib:/usr/local/lib/python3.8/dist-packages/torch/lib:/usr/local/cuda/lib64:/usr/local/lib/python3.8/dist-packages/torch/lib:/opt/ros/humble/opt/rviz_ogre_vendor/lib:/opt/ros/humble/lib/aarch64-linux-gnu:/opt/ros/humble/lib:/usr/local/cuda/lib64 PYTHONPATH=/root/ros2_ws/install/lib/python3.8/site-packages:/root/ros2_ws/install/lib/python3.9/site-packages:${PYTHONPATH} /usr/bin/cmake /root/ros2_ws/src/point_cloud_transport_plugins-humble/point_cloud_transport_plugins -DCMAKE_INSTALL_PREFIX=/root/ros2_ws/install
[0.468s] -- The C compiler identification is GNU 9.4.0
[0.810s] -- The CXX compiler identification is GNU 9.4.0
[0.840s] -- Check for working C compiler: /usr/bin/cc
[1.268s] -- Check for working C compiler: /usr/bin/cc -- works
[1.273s] -- Detecting C compiler ABI info
[1.699s] -- Detecting C compiler ABI info - done
[1.778s] -- Detecting C compile features
[1.779s] -- Detecting C compile features - done
[1.794s] -- Check for working CXX compiler: /usr/bin/c++
[2.279s] -- Check for working CXX compiler: /usr/bin/c++ -- works
[2.287s] -- Detecting CXX compiler ABI info
[2.776s] -- Detecting CXX compiler ABI info - done
[2.839s] -- Detecting CXX compile features
[2.842s] -- Detecting CXX compile features - done
[2.859s] -- Found ament_cmake: 1.3.6 (/opt/ros/humble/share/ament_cmake/cmake)
[3.599s] -- Found Python3: /usr/bin/python3.9 (found version "3.9.5") found components: Interpreter 
[4.384s] -- Configuring done
[4.399s] -- Generating done
[4.409s] -- Build files have been written to: /root/ros2_ws/build/point_cloud_transport_plugins
[4.438s] Invoked command in '/root/ros2_ws/build/point_cloud_transport_plugins' returned '0': AMENT_PREFIX_PATH=/root/ros2_ws/install:${AMENT_PREFIX_PATH} CMAKE_PREFIX_PATH=/root/ros2_ws/install:/opt/ros/humble LD_LIBRARY_PATH=/root/ros2_ws/install/lib:/usr/local/lib/python3.8/dist-packages/torch/lib:/usr/local/cuda/lib64:/usr/local/lib/python3.8/dist-packages/torch/lib:/opt/ros/humble/opt/rviz_ogre_vendor/lib:/opt/ros/humble/lib/aarch64-linux-gnu:/opt/ros/humble/lib:/usr/local/cuda/lib64 PYTHONPATH=/root/ros2_ws/install/lib/python3.8/site-packages:/root/ros2_ws/install/lib/python3.9/site-packages:${PYTHONPATH} /usr/bin/cmake /root/ros2_ws/src/point_cloud_transport_plugins-humble/point_cloud_transport_plugins -DCMAKE_INSTALL_PREFIX=/root/ros2_ws/install
[4.451s] Invoking command in '/root/ros2_ws/build/point_cloud_transport_plugins': AMENT_PREFIX_PATH=/root/ros2_ws/install:${AMENT_PREFIX_PATH} CMAKE_PREFIX_PATH=/root/ros2_ws/install:/opt/ros/humble LD_LIBRARY_PATH=/root/ros2_ws/install/lib:/usr/local/lib/python3.8/dist-packages/torch/lib:/usr/local/cuda/lib64:/usr/local/lib/python3.8/dist-packages/torch/lib:/opt/ros/humble/opt/rviz_ogre_vendor/lib:/opt/ros/humble/lib/aarch64-linux-gnu:/opt/ros/humble/lib:/usr/local/cuda/lib64 PYTHONPATH=/root/ros2_ws/install/lib/python3.8/site-packages:/root/ros2_ws/install/lib/python3.9/site-packages:${PYTHONPATH} /usr/bin/cmake --build /root/ros2_ws/build/point_cloud_transport_plugins -- -j6 -l6
[4.662s] Invoked command in '/root/ros2_ws/build/point_cloud_transport_plugins' returned '0': AMENT_PREFIX_PATH=/root/ros2_ws/install:${AMENT_PREFIX_PATH} CMAKE_PREFIX_PATH=/root/ros2_ws/install:/opt/ros/humble LD_LIBRARY_PATH=/root/ros2_ws/install/lib:/usr/local/lib/python3.8/dist-packages/torch/lib:/usr/local/cuda/lib64:/usr/local/lib/python3.8/dist-packages/torch/lib:/opt/ros/humble/opt/rviz_ogre_vendor/lib:/opt/ros/humble/lib/aarch64-linux-gnu:/opt/ros/humble/lib:/usr/local/cuda/lib64 PYTHONPATH=/root/ros2_ws/install/lib/python3.8/site-packages:/root/ros2_ws/install/lib/python3.9/site-packages:${PYTHONPATH} /usr/bin/cmake --build /root/ros2_ws/build/point_cloud_transport_plugins -- -j6 -l6
[4.677s] Invoking command in '/root/ros2_ws/build/point_cloud_transport_plugins': AMENT_PREFIX_PATH=/root/ros2_ws/install:${AMENT_PREFIX_PATH} CMAKE_PREFIX_PATH=/root/ros2_ws/install:/opt/ros/humble LD_LIBRARY_PATH=/root/ros2_ws/install/lib:/usr/local/lib/python3.8/dist-packages/torch/lib:/usr/local/cuda/lib64:/usr/local/lib/python3.8/dist-packages/torch/lib:/opt/ros/humble/opt/rviz_ogre_vendor/lib:/opt/ros/humble/lib/aarch64-linux-gnu:/opt/ros/humble/lib:/usr/local/cuda/lib64 PYTHONPATH=/root/ros2_ws/install/lib/python3.8/site-packages:/root/ros2_ws/install/lib/python3.9/site-packages:${PYTHONPATH} /usr/bin/cmake --install /root/ros2_ws/build/point_cloud_transport_plugins
[4.724s] -- Install configuration: ""
[4.725s] -- Installing: /root/ros2_ws/install/share/ament_index/resource_index/package_run_dependencies/point_cloud_transport_plugins
[4.726s] -- Installing: /root/ros2_ws/install/share/ament_index/resource_index/parent_prefix_path/point_cloud_transport_plugins
[4.728s] -- Installing: /root/ros2_ws/install/share/point_cloud_transport_plugins/environment/ament_prefix_path.sh
[4.729s] -- Installing: /root/ros2_ws/install/share/point_cloud_transport_plugins/environment/ament_prefix_path.dsv
[4.731s] -- Installing: /root/ros2_ws/install/share/point_cloud_transport_plugins/environment/path.sh
[4.732s] -- Installing: /root/ros2_ws/install/share/point_cloud_transport_plugins/environment/path.dsv
[4.733s] -- Installing: /root/ros2_ws/install/share/point_cloud_transport_plugins/local_setup.bash
[4.734s] -- Installing: /root/ros2_ws/install/share/point_cloud_transport_plugins/local_setup.sh
[4.736s] -- Installing: /root/ros2_ws/install/share/point_cloud_transport_plugins/local_setup.zsh
[4.737s] -- Installing: /root/ros2_ws/install/share/point_cloud_transport_plugins/local_setup.dsv
[4.738s] -- Installing: /root/ros2_ws/install/share/point_cloud_transport_plugins/package.dsv
[4.739s] -- Installing: /root/ros2_ws/install/share/ament_index/resource_index/packages/point_cloud_transport_plugins
[4.741s] -- Installing: /root/ros2_ws/install/share/point_cloud_transport_plugins/cmake/point_cloud_transport_pluginsConfig.cmake
[4.742s] -- Installing: /root/ros2_ws/install/share/point_cloud_transport_plugins/cmake/point_cloud_transport_pluginsConfig-version.cmake
[4.744s] -- Installing: /root/ros2_ws/install/share/point_cloud_transport_plugins/package.xml
[4.759s] Invoked command in '/root/ros2_ws/build/point_cloud_transport_plugins' returned '0': AMENT_PREFIX_PATH=/root/ros2_ws/install:${AMENT_PREFIX_PATH} CMAKE_PREFIX_PATH=/root/ros2_ws/install:/opt/ros/humble LD_LIBRARY_PATH=/root/ros2_ws/install/lib:/usr/local/lib/python3.8/dist-packages/torch/lib:/usr/local/cuda/lib64:/usr/local/lib/python3.8/dist-packages/torch/lib:/opt/ros/humble/opt/rviz_ogre_vendor/lib:/opt/ros/humble/lib/aarch64-linux-gnu:/opt/ros/humble/lib:/usr/local/cuda/lib64 PYTHONPATH=/root/ros2_ws/install/lib/python3.8/site-packages:/root/ros2_ws/install/lib/python3.9/site-packages:${PYTHONPATH} /usr/bin/cmake --install /root/ros2_ws/build/point_cloud_transport_plugins
