-- The C compiler identification is GNU 9.4.0
-- The CXX compiler identification is GNU 9.4.0
-- Check for working C compiler: /usr/bin/cc
-- Check for working C compiler: /usr/bin/cc -- works
-- Detecting C compiler ABI info
-- Detecting C compiler ABI info - done
-- Detecting C compile features
-- Detecting C compile features - done
-- Check for working CXX compiler: /usr/bin/c++
-- Check for working CXX compiler: /usr/bin/c++ -- works
-- Detecting CXX compiler ABI info
-- Detecting CXX compiler ABI info - done
-- Detecting CXX compile features
-- Detecting CXX compile features - done
-- Found ament_cmake: 1.3.6 (/opt/ros/humble/share/ament_cmake/cmake)
-- Found Python3: /usr/bin/python3.9 (found version "3.9.5") found components: Interpreter 
-- Found builtin_interfaces: 1.2.1 (/opt/ros/humble/share/builtin_interfaces/cmake)
-- Found rosidl_generator_c: 3.1.5 (/opt/ros/humble/share/rosidl_generator_c/cmake)
-- Found rosidl_adapter: 3.1.5 (/opt/ros/humble/share/rosidl_adapter/cmake)
-- Found rosidl_generator_cpp: 3.1.5 (/opt/ros/humble/share/rosidl_generator_cpp/cmake)
-- Using all available rosidl_typesupport_c: rosidl_typesupport_fastrtps_c;rosidl_typesupport_introspection_c
-- Using all available rosidl_typesupport_cpp: rosidl_typesupport_fastrtps_cpp;rosidl_typesupport_introspection_cpp
-- Found rosidl_default_generators: 1.2.0 (/opt/ros/humble/share/rosidl_default_generators/cmake)
-- Found sensor_msgs: 4.2.3 (/opt/ros/humble/share/sensor_msgs/cmake)
-- Found ament_cmake_ros: 0.10.0 (/opt/ros/humble/share/ament_cmake_ros/cmake)
-- Using all available rosidl_typesupport_c: rosidl_typesupport_fastrtps_c;rosidl_typesupport_introspection_c
-- Using all available rosidl_typesupport_cpp: rosidl_typesupport_fastrtps_cpp;rosidl_typesupport_introspection_cpp
-- Found PythonInterp: /usr/bin/python3 (found suitable version "3.8.10", minimum required is "3.6") 
-- Found python_cmake_module: 0.10.0 (/opt/ros/humble/share/python_cmake_module/cmake)
-- Found PythonLibs: /usr/lib/aarch64-linux-gnu/libpython3.8.so (found suitable version "3.8.10", minimum required is "3.5") 
-- Using PYTHON_EXECUTABLE: /usr/bin/python3
-- Using PYTHON_INCLUDE_DIRS: /usr/include/python3.8
-- Using PYTHON_LIBRARIES: /usr/lib/aarch64-linux-gnu/libpython3.8.so
-- Found PythonExtra: .so  
-- Found ament_lint_auto: 0.12.9 (/opt/ros/humble/share/ament_lint_auto/cmake)
-- Added test 'copyright' to check source files copyright and LICENSE
-- Added test 'lint_cmake' to check CMake code style
-- Added test 'xmllint' to check XML markup files
-- Configuring done
-- Generating done
-- Build files have been written to: /root/ros2_ws/build/point_cloud_interfaces
[35m[1mScanning dependencies of target ament_cmake_python_copy_point_cloud_interfaces[0m
[35m[1mScanning dependencies of target point_cloud_interfaces__cpp[0m
[  3%] [34m[1mGenerating C code for ROS interfaces[0m
[  6%] [34m[1mGenerating C++ code for ROS interfaces[0m
[  6%] Built target ament_cmake_python_copy_point_cloud_interfaces
[35m[1mScanning dependencies of target ament_cmake_python_build_point_cloud_interfaces_egg[0m
[  6%] Built target point_cloud_interfaces__cpp
[35m[1mScanning dependencies of target point_cloud_interfaces__rosidl_generator_c[0m
[  9%] [34m[1mGenerating C++ type support for eProsima Fast-RTPS[0m
[ 12%] [34m[1mGenerating C++ introspection for ROS interfaces[0m
[ 16%] [34m[1mGenerating C++ type support dispatch for ROS interfaces[0m
[ 19%] [32mBuilding C object CMakeFiles/point_cloud_interfaces__rosidl_generator_c.dir/rosidl_generator_c/point_cloud_interfaces/msg/detail/compressed_point_cloud2__functions.c.o[0m
running egg_info
creating point_cloud_interfaces.egg-info
writing point_cloud_interfaces.egg-info/PKG-INFO
writing dependency_links to point_cloud_interfaces.egg-info/dependency_links.txt
writing top-level names to point_cloud_interfaces.egg-info/top_level.txt
writing manifest file 'point_cloud_interfaces.egg-info/SOURCES.txt'
[ 22%] [32m[1mLinking C shared library libpoint_cloud_interfaces__rosidl_generator_c.so[0m
reading manifest file 'point_cloud_interfaces.egg-info/SOURCES.txt'
writing manifest file 'point_cloud_interfaces.egg-info/SOURCES.txt'
[ 22%] Built target point_cloud_interfaces__rosidl_generator_c
[ 22%] Built target ament_cmake_python_build_point_cloud_interfaces_egg
[ 25%] [34m[1mGenerating C introspection for ROS interfaces[0m
[ 29%] [34m[1mGenerating C type support dispatch for ROS interfaces[0m
[ 32%] [34m[1mGenerating C type support for eProsima Fast-RTPS[0m
[35m[1mScanning dependencies of target point_cloud_interfaces__rosidl_typesupport_cpp[0m
[35m[1mScanning dependencies of target point_cloud_interfaces__rosidl_typesupport_introspection_cpp[0m
[ 35%] [32mBuilding CXX object CMakeFiles/point_cloud_interfaces__rosidl_typesupport_cpp.dir/rosidl_typesupport_cpp/point_cloud_interfaces/msg/compressed_point_cloud2__type_support.cpp.o[0m
[35m[1mScanning dependencies of target point_cloud_interfaces__rosidl_typesupport_fastrtps_cpp[0m
[ 38%] [32mBuilding CXX object CMakeFiles/point_cloud_interfaces__rosidl_typesupport_introspection_cpp.dir/rosidl_typesupport_introspection_cpp/point_cloud_interfaces/msg/detail/compressed_point_cloud2__type_support.cpp.o[0m
[ 41%] [32mBuilding CXX object CMakeFiles/point_cloud_interfaces__rosidl_typesupport_fastrtps_cpp.dir/rosidl_typesupport_fastrtps_cpp/point_cloud_interfaces/msg/detail/dds_fastrtps/compressed_point_cloud2__type_support.cpp.o[0m
[35m[1mScanning dependencies of target point_cloud_interfaces__rosidl_typesupport_c[0m
[ 45%] [32mBuilding CXX object CMakeFiles/point_cloud_interfaces__rosidl_typesupport_c.dir/rosidl_typesupport_c/point_cloud_interfaces/msg/compressed_point_cloud2__type_support.cpp.o[0m
[35m[1mScanning dependencies of target point_cloud_interfaces__rosidl_typesupport_introspection_c[0m
[ 48%] [32mBuilding C object CMakeFiles/point_cloud_interfaces__rosidl_typesupport_introspection_c.dir/rosidl_typesupport_introspection_c/point_cloud_interfaces/msg/detail/compressed_point_cloud2__type_support.c.o[0m
[35m[1mScanning dependencies of target point_cloud_interfaces__rosidl_typesupport_fastrtps_c[0m
[ 51%] [32m[1mLinking CXX shared library libpoint_cloud_interfaces__rosidl_typesupport_c.so[0m
[ 54%] [32mBuilding CXX object CMakeFiles/point_cloud_interfaces__rosidl_typesupport_fastrtps_c.dir/rosidl_typesupport_fastrtps_c/point_cloud_interfaces/msg/detail/compressed_point_cloud2__type_support_c.cpp.o[0m
[ 58%] [32m[1mLinking C shared library libpoint_cloud_interfaces__rosidl_typesupport_introspection_c.so[0m
[ 58%] Built target point_cloud_interfaces__rosidl_typesupport_c
[ 58%] Built target point_cloud_interfaces__rosidl_typesupport_introspection_c
[ 61%] [32m[1mLinking CXX shared library libpoint_cloud_interfaces__rosidl_typesupport_cpp.so[0m
[ 61%] Built target point_cloud_interfaces__rosidl_typesupport_cpp
[ 64%] [32m[1mLinking CXX shared library libpoint_cloud_interfaces__rosidl_typesupport_introspection_cpp.so[0m
[ 64%] Built target point_cloud_interfaces__rosidl_typesupport_introspection_cpp
[ 67%] [32m[1mLinking CXX shared library libpoint_cloud_interfaces__rosidl_typesupport_fastrtps_cpp.so[0m
[ 70%] [32m[1mLinking CXX shared library libpoint_cloud_interfaces__rosidl_typesupport_fastrtps_c.so[0m
[ 70%] Built target point_cloud_interfaces__rosidl_typesupport_fastrtps_cpp
[ 70%] Built target point_cloud_interfaces__rosidl_typesupport_fastrtps_c
[35m[1mScanning dependencies of target point_cloud_interfaces[0m
[ 70%] Built target point_cloud_interfaces
[35m[1mScanning dependencies of target point_cloud_interfaces__py[0m
[ 74%] [34m[1mGenerating Python code for ROS interfaces[0m
[ 74%] Built target point_cloud_interfaces__py
[35m[1mScanning dependencies of target point_cloud_interfaces__rosidl_generator_py[0m
[ 77%] [32mBuilding C object CMakeFiles/point_cloud_interfaces__rosidl_generator_py.dir/rosidl_generator_py/point_cloud_interfaces/msg/_compressed_point_cloud2_s.c.o[0m
[ 80%] [32m[1mLinking C shared library rosidl_generator_py/point_cloud_interfaces/libpoint_cloud_interfaces__rosidl_generator_py.so[0m
[ 80%] Built target point_cloud_interfaces__rosidl_generator_py
[35m[1mScanning dependencies of target point_cloud_interfaces__rosidl_typesupport_introspection_c__pyext[0m
[35m[1mScanning dependencies of target point_cloud_interfaces__rosidl_typesupport_fastrtps_c__pyext[0m
[35m[1mScanning dependencies of target point_cloud_interfaces__rosidl_typesupport_c__pyext[0m
[ 83%] [32mBuilding C object CMakeFiles/point_cloud_interfaces__rosidl_typesupport_c__pyext.dir/rosidl_generator_py/point_cloud_interfaces/_point_cloud_interfaces_s.ep.rosidl_typesupport_c.c.o[0m
[ 87%] [32mBuilding C object CMakeFiles/point_cloud_interfaces__rosidl_typesupport_introspection_c__pyext.dir/rosidl_generator_py/point_cloud_interfaces/_point_cloud_interfaces_s.ep.rosidl_typesupport_introspection_c.c.o[0m
[ 90%] [32mBuilding C object CMakeFiles/point_cloud_interfaces__rosidl_typesupport_fastrtps_c__pyext.dir/rosidl_generator_py/point_cloud_interfaces/_point_cloud_interfaces_s.ep.rosidl_typesupport_fastrtps_c.c.o[0m
[ 93%] [32m[1mLinking C shared library rosidl_generator_py/point_cloud_interfaces/point_cloud_interfaces_s__rosidl_typesupport_fastrtps_c.cpython-38-aarch64-linux-gnu.so[0m
[ 96%] [32m[1mLinking C shared library rosidl_generator_py/point_cloud_interfaces/point_cloud_interfaces_s__rosidl_typesupport_c.cpython-38-aarch64-linux-gnu.so[0m
[100%] [32m[1mLinking C shared library rosidl_generator_py/point_cloud_interfaces/point_cloud_interfaces_s__rosidl_typesupport_introspection_c.cpython-38-aarch64-linux-gnu.so[0m
[100%] Built target point_cloud_interfaces__rosidl_typesupport_c__pyext
[100%] Built target point_cloud_interfaces__rosidl_typesupport_introspection_c__pyext
[100%] Built target point_cloud_interfaces__rosidl_typesupport_fastrtps_c__pyext
-- Install configuration: ""
-- Installing: /root/ros2_ws/install/share/ament_index/resource_index/rosidl_interfaces/point_cloud_interfaces
-- Installing: /root/ros2_ws/install/include/point_cloud_interfaces/point_cloud_interfaces
-- Installing: /root/ros2_ws/install/include/point_cloud_interfaces/point_cloud_interfaces/msg
-- Installing: /root/ros2_ws/install/include/point_cloud_interfaces/point_cloud_interfaces/msg/compressed_point_cloud2.h
-- Installing: /root/ros2_ws/install/include/point_cloud_interfaces/point_cloud_interfaces/msg/detail
-- Installing: /root/ros2_ws/install/include/point_cloud_interfaces/point_cloud_interfaces/msg/detail/compressed_point_cloud2__struct.h
-- Installing: /root/ros2_ws/install/include/point_cloud_interfaces/point_cloud_interfaces/msg/detail/compressed_point_cloud2__functions.c
-- Installing: /root/ros2_ws/install/include/point_cloud_interfaces/point_cloud_interfaces/msg/detail/compressed_point_cloud2__type_support.h
-- Installing: /root/ros2_ws/install/include/point_cloud_interfaces/point_cloud_interfaces/msg/detail/compressed_point_cloud2__functions.h
-- Installing: /root/ros2_ws/install/include/point_cloud_interfaces/point_cloud_interfaces/msg/rosidl_generator_c__visibility_control.h
-- Installing: /root/ros2_ws/install/share/point_cloud_interfaces/environment/library_path.sh
-- Installing: /root/ros2_ws/install/share/point_cloud_interfaces/environment/library_path.dsv
-- Installing: /root/ros2_ws/install/lib/libpoint_cloud_interfaces__rosidl_generator_c.so
-- Set runtime path of "/root/ros2_ws/install/lib/libpoint_cloud_interfaces__rosidl_generator_c.so" to ""
-- Up-to-date: /root/ros2_ws/install/include/point_cloud_interfaces/point_cloud_interfaces
-- Up-to-date: /root/ros2_ws/install/include/point_cloud_interfaces/point_cloud_interfaces/msg
-- Installing: /root/ros2_ws/install/include/point_cloud_interfaces/point_cloud_interfaces/msg/rosidl_typesupport_fastrtps_c__visibility_control.h
-- Up-to-date: /root/ros2_ws/install/include/point_cloud_interfaces/point_cloud_interfaces/msg/detail
-- Installing: /root/ros2_ws/install/include/point_cloud_interfaces/point_cloud_interfaces/msg/detail/compressed_point_cloud2__rosidl_typesupport_fastrtps_c.h
-- Installing: /root/ros2_ws/install/lib/libpoint_cloud_interfaces__rosidl_typesupport_fastrtps_c.so
-- Set runtime path of "/root/ros2_ws/install/lib/libpoint_cloud_interfaces__rosidl_typesupport_fastrtps_c.so" to ""
-- Up-to-date: /root/ros2_ws/install/include/point_cloud_interfaces/point_cloud_interfaces
-- Up-to-date: /root/ros2_ws/install/include/point_cloud_interfaces/point_cloud_interfaces/msg
-- Installing: /root/ros2_ws/install/include/point_cloud_interfaces/point_cloud_interfaces/msg/compressed_point_cloud2.hpp
-- Up-to-date: /root/ros2_ws/install/include/point_cloud_interfaces/point_cloud_interfaces/msg/detail
-- Installing: /root/ros2_ws/install/include/point_cloud_interfaces/point_cloud_interfaces/msg/detail/compressed_point_cloud2__traits.hpp
-- Installing: /root/ros2_ws/install/include/point_cloud_interfaces/point_cloud_interfaces/msg/detail/compressed_point_cloud2__builder.hpp
-- Installing: /root/ros2_ws/install/include/point_cloud_interfaces/point_cloud_interfaces/msg/detail/compressed_point_cloud2__struct.hpp
-- Up-to-date: /root/ros2_ws/install/include/point_cloud_interfaces/point_cloud_interfaces
-- Up-to-date: /root/ros2_ws/install/include/point_cloud_interfaces/point_cloud_interfaces/msg
-- Up-to-date: /root/ros2_ws/install/include/point_cloud_interfaces/point_cloud_interfaces/msg/detail
-- Installing: /root/ros2_ws/install/include/point_cloud_interfaces/point_cloud_interfaces/msg/detail/dds_fastrtps
-- Installing: /root/ros2_ws/install/include/point_cloud_interfaces/point_cloud_interfaces/msg/detail/compressed_point_cloud2__rosidl_typesupport_fastrtps_cpp.hpp
-- Installing: /root/ros2_ws/install/include/point_cloud_interfaces/point_cloud_interfaces/msg/rosidl_typesupport_fastrtps_cpp__visibility_control.h
-- Installing: /root/ros2_ws/install/lib/libpoint_cloud_interfaces__rosidl_typesupport_fastrtps_cpp.so
-- Set runtime path of "/root/ros2_ws/install/lib/libpoint_cloud_interfaces__rosidl_typesupport_fastrtps_cpp.so" to ""
-- Up-to-date: /root/ros2_ws/install/include/point_cloud_interfaces/point_cloud_interfaces
-- Up-to-date: /root/ros2_ws/install/include/point_cloud_interfaces/point_cloud_interfaces/msg
-- Installing: /root/ros2_ws/install/include/point_cloud_interfaces/point_cloud_interfaces/msg/rosidl_typesupport_introspection_c__visibility_control.h
-- Up-to-date: /root/ros2_ws/install/include/point_cloud_interfaces/point_cloud_interfaces/msg/detail
-- Installing: /root/ros2_ws/install/include/point_cloud_interfaces/point_cloud_interfaces/msg/detail/compressed_point_cloud2__type_support.c
-- Installing: /root/ros2_ws/install/include/point_cloud_interfaces/point_cloud_interfaces/msg/detail/compressed_point_cloud2__rosidl_typesupport_introspection_c.h
-- Installing: /root/ros2_ws/install/lib/libpoint_cloud_interfaces__rosidl_typesupport_introspection_c.so
-- Set runtime path of "/root/ros2_ws/install/lib/libpoint_cloud_interfaces__rosidl_typesupport_introspection_c.so" to ""
-- Installing: /root/ros2_ws/install/lib/libpoint_cloud_interfaces__rosidl_typesupport_c.so
-- Set runtime path of "/root/ros2_ws/install/lib/libpoint_cloud_interfaces__rosidl_typesupport_c.so" to ""
-- Up-to-date: /root/ros2_ws/install/include/point_cloud_interfaces/point_cloud_interfaces
-- Up-to-date: /root/ros2_ws/install/include/point_cloud_interfaces/point_cloud_interfaces/msg
-- Up-to-date: /root/ros2_ws/install/include/point_cloud_interfaces/point_cloud_interfaces/msg/detail
-- Installing: /root/ros2_ws/install/include/point_cloud_interfaces/point_cloud_interfaces/msg/detail/compressed_point_cloud2__rosidl_typesupport_introspection_cpp.hpp
-- Installing: /root/ros2_ws/install/include/point_cloud_interfaces/point_cloud_interfaces/msg/detail/compressed_point_cloud2__type_support.cpp
-- Installing: /root/ros2_ws/install/lib/libpoint_cloud_interfaces__rosidl_typesupport_introspection_cpp.so
-- Set runtime path of "/root/ros2_ws/install/lib/libpoint_cloud_interfaces__rosidl_typesupport_introspection_cpp.so" to ""
-- Installing: /root/ros2_ws/install/lib/libpoint_cloud_interfaces__rosidl_typesupport_cpp.so
-- Set runtime path of "/root/ros2_ws/install/lib/libpoint_cloud_interfaces__rosidl_typesupport_cpp.so" to ""
-- Installing: /root/ros2_ws/install/share/point_cloud_interfaces/environment/pythonpath.sh
-- Installing: /root/ros2_ws/install/share/point_cloud_interfaces/environment/pythonpath.dsv
-- Installing: /root/ros2_ws/install/lib/python3.9/site-packages/point_cloud_interfaces-1.0.11-py3.9.egg-info
-- Installing: /root/ros2_ws/install/lib/python3.9/site-packages/point_cloud_interfaces-1.0.11-py3.9.egg-info/PKG-INFO
-- Installing: /root/ros2_ws/install/lib/python3.9/site-packages/point_cloud_interfaces-1.0.11-py3.9.egg-info/top_level.txt
-- Installing: /root/ros2_ws/install/lib/python3.9/site-packages/point_cloud_interfaces-1.0.11-py3.9.egg-info/dependency_links.txt
-- Installing: /root/ros2_ws/install/lib/python3.9/site-packages/point_cloud_interfaces-1.0.11-py3.9.egg-info/SOURCES.txt
-- Installing: /root/ros2_ws/install/lib/python3.9/site-packages/point_cloud_interfaces
-- Installing: /root/ros2_ws/install/lib/python3.9/site-packages/point_cloud_interfaces/point_cloud_interfaces_s__rosidl_typesupport_fastrtps_c.cpython-38-aarch64-linux-gnu.so
-- Installing: /root/ros2_ws/install/lib/python3.9/site-packages/point_cloud_interfaces/point_cloud_interfaces_s__rosidl_typesupport_c.cpython-38-aarch64-linux-gnu.so
-- Installing: /root/ros2_ws/install/lib/python3.9/site-packages/point_cloud_interfaces/_point_cloud_interfaces_s.ep.rosidl_typesupport_fastrtps_c.c
-- Installing: /root/ros2_ws/install/lib/python3.9/site-packages/point_cloud_interfaces/_point_cloud_interfaces_s.ep.rosidl_typesupport_introspection_c.c
-- Installing: /root/ros2_ws/install/lib/python3.9/site-packages/point_cloud_interfaces/point_cloud_interfaces_s__rosidl_typesupport_introspection_c.cpython-38-aarch64-linux-gnu.so
-- Installing: /root/ros2_ws/install/lib/python3.9/site-packages/point_cloud_interfaces/_point_cloud_interfaces_s.ep.rosidl_typesupport_c.c
-- Installing: /root/ros2_ws/install/lib/python3.9/site-packages/point_cloud_interfaces/__init__.py
-- Installing: /root/ros2_ws/install/lib/python3.9/site-packages/point_cloud_interfaces/msg
-- Installing: /root/ros2_ws/install/lib/python3.9/site-packages/point_cloud_interfaces/msg/_compressed_point_cloud2_s.c
-- Installing: /root/ros2_ws/install/lib/python3.9/site-packages/point_cloud_interfaces/msg/_compressed_point_cloud2.py
-- Installing: /root/ros2_ws/install/lib/python3.9/site-packages/point_cloud_interfaces/msg/__init__.py
-- Installing: /root/ros2_ws/install/lib/python3.9/site-packages/point_cloud_interfaces/libpoint_cloud_interfaces__rosidl_generator_py.so
Listing '/root/ros2_ws/install/lib/python3.9/site-packages/point_cloud_interfaces'...
Compiling '/root/ros2_ws/install/lib/python3.9/site-packages/point_cloud_interfaces/__init__.py'...
Listing '/root/ros2_ws/install/lib/python3.9/site-packages/point_cloud_interfaces/msg'...
Compiling '/root/ros2_ws/install/lib/python3.9/site-packages/point_cloud_interfaces/msg/__init__.py'...
Compiling '/root/ros2_ws/install/lib/python3.9/site-packages/point_cloud_interfaces/msg/_compressed_point_cloud2.py'...
-- Installing: /root/ros2_ws/install/lib/python3.9/site-packages/point_cloud_interfaces/point_cloud_interfaces_s__rosidl_typesupport_fastrtps_c.cpython-38-aarch64-linux-gnu.so
-- Set runtime path of "/root/ros2_ws/install/lib/python3.9/site-packages/point_cloud_interfaces/point_cloud_interfaces_s__rosidl_typesupport_fastrtps_c.cpython-38-aarch64-linux-gnu.so" to ""
-- Installing: /root/ros2_ws/install/lib/python3.9/site-packages/point_cloud_interfaces/point_cloud_interfaces_s__rosidl_typesupport_introspection_c.cpython-38-aarch64-linux-gnu.so
-- Set runtime path of "/root/ros2_ws/install/lib/python3.9/site-packages/point_cloud_interfaces/point_cloud_interfaces_s__rosidl_typesupport_introspection_c.cpython-38-aarch64-linux-gnu.so" to ""
-- Installing: /root/ros2_ws/install/lib/python3.9/site-packages/point_cloud_interfaces/point_cloud_interfaces_s__rosidl_typesupport_c.cpython-38-aarch64-linux-gnu.so
-- Set runtime path of "/root/ros2_ws/install/lib/python3.9/site-packages/point_cloud_interfaces/point_cloud_interfaces_s__rosidl_typesupport_c.cpython-38-aarch64-linux-gnu.so" to ""
-- Installing: /root/ros2_ws/install/lib/libpoint_cloud_interfaces__rosidl_generator_py.so
-- Set runtime path of "/root/ros2_ws/install/lib/libpoint_cloud_interfaces__rosidl_generator_py.so" to ""
-- Installing: /root/ros2_ws/install/share/point_cloud_interfaces/msg/CompressedPointCloud2.idl
-- Installing: /root/ros2_ws/install/share/point_cloud_interfaces/msg/CompressedPointCloud2.msg
-- Installing: /root/ros2_ws/install/share/ament_index/resource_index/package_run_dependencies/point_cloud_interfaces
-- Installing: /root/ros2_ws/install/share/ament_index/resource_index/parent_prefix_path/point_cloud_interfaces
-- Installing: /root/ros2_ws/install/share/point_cloud_interfaces/environment/ament_prefix_path.sh
-- Installing: /root/ros2_ws/install/share/point_cloud_interfaces/environment/ament_prefix_path.dsv
-- Installing: /root/ros2_ws/install/share/point_cloud_interfaces/environment/path.sh
-- Installing: /root/ros2_ws/install/share/point_cloud_interfaces/environment/path.dsv
-- Installing: /root/ros2_ws/install/share/point_cloud_interfaces/local_setup.bash
-- Installing: /root/ros2_ws/install/share/point_cloud_interfaces/local_setup.sh
-- Installing: /root/ros2_ws/install/share/point_cloud_interfaces/local_setup.zsh
-- Installing: /root/ros2_ws/install/share/point_cloud_interfaces/local_setup.dsv
-- Installing: /root/ros2_ws/install/share/point_cloud_interfaces/package.dsv
-- Installing: /root/ros2_ws/install/share/ament_index/resource_index/packages/point_cloud_interfaces
-- Installing: /root/ros2_ws/install/share/point_cloud_interfaces/cmake/export_point_cloud_interfaces__rosidl_generator_cExport.cmake
-- Installing: /root/ros2_ws/install/share/point_cloud_interfaces/cmake/export_point_cloud_interfaces__rosidl_generator_cExport-noconfig.cmake
-- Installing: /root/ros2_ws/install/share/point_cloud_interfaces/cmake/export_point_cloud_interfaces__rosidl_typesupport_fastrtps_cExport.cmake
-- Installing: /root/ros2_ws/install/share/point_cloud_interfaces/cmake/export_point_cloud_interfaces__rosidl_typesupport_fastrtps_cExport-noconfig.cmake
-- Installing: /root/ros2_ws/install/share/point_cloud_interfaces/cmake/export_point_cloud_interfaces__rosidl_generator_cppExport.cmake
-- Installing: /root/ros2_ws/install/share/point_cloud_interfaces/cmake/export_point_cloud_interfaces__rosidl_typesupport_fastrtps_cppExport.cmake
-- Installing: /root/ros2_ws/install/share/point_cloud_interfaces/cmake/export_point_cloud_interfaces__rosidl_typesupport_fastrtps_cppExport-noconfig.cmake
-- Installing: /root/ros2_ws/install/share/point_cloud_interfaces/cmake/point_cloud_interfaces__rosidl_typesupport_introspection_cExport.cmake
-- Installing: /root/ros2_ws/install/share/point_cloud_interfaces/cmake/point_cloud_interfaces__rosidl_typesupport_introspection_cExport-noconfig.cmake
-- Installing: /root/ros2_ws/install/share/point_cloud_interfaces/cmake/point_cloud_interfaces__rosidl_typesupport_cExport.cmake
-- Installing: /root/ros2_ws/install/share/point_cloud_interfaces/cmake/point_cloud_interfaces__rosidl_typesupport_cExport-noconfig.cmake
-- Installing: /root/ros2_ws/install/share/point_cloud_interfaces/cmake/point_cloud_interfaces__rosidl_typesupport_introspection_cppExport.cmake
-- Installing: /root/ros2_ws/install/share/point_cloud_interfaces/cmake/point_cloud_interfaces__rosidl_typesupport_introspection_cppExport-noconfig.cmake
-- Installing: /root/ros2_ws/install/share/point_cloud_interfaces/cmake/point_cloud_interfaces__rosidl_typesupport_cppExport.cmake
-- Installing: /root/ros2_ws/install/share/point_cloud_interfaces/cmake/point_cloud_interfaces__rosidl_typesupport_cppExport-noconfig.cmake
-- Installing: /root/ros2_ws/install/share/point_cloud_interfaces/cmake/export_point_cloud_interfaces__rosidl_generator_pyExport.cmake
-- Installing: /root/ros2_ws/install/share/point_cloud_interfaces/cmake/export_point_cloud_interfaces__rosidl_generator_pyExport-noconfig.cmake
-- Installing: /root/ros2_ws/install/share/point_cloud_interfaces/cmake/rosidl_cmake-extras.cmake
-- Installing: /root/ros2_ws/install/share/point_cloud_interfaces/cmake/ament_cmake_export_dependencies-extras.cmake
-- Installing: /root/ros2_ws/install/share/point_cloud_interfaces/cmake/ament_cmake_export_include_directories-extras.cmake
-- Installing: /root/ros2_ws/install/share/point_cloud_interfaces/cmake/ament_cmake_export_libraries-extras.cmake
-- Installing: /root/ros2_ws/install/share/point_cloud_interfaces/cmake/ament_cmake_export_targets-extras.cmake
-- Installing: /root/ros2_ws/install/share/point_cloud_interfaces/cmake/rosidl_cmake_export_typesupport_targets-extras.cmake
-- Installing: /root/ros2_ws/install/share/point_cloud_interfaces/cmake/rosidl_cmake_export_typesupport_libraries-extras.cmake
-- Installing: /root/ros2_ws/install/share/point_cloud_interfaces/cmake/point_cloud_interfacesConfig.cmake
-- Installing: /root/ros2_ws/install/share/point_cloud_interfaces/cmake/point_cloud_interfacesConfig-version.cmake
-- Installing: /root/ros2_ws/install/share/point_cloud_interfaces/package.xml
