[0.161s] Invoking command in '/root/ros2_ws/build/point_cloud_interfaces': CMAKE_PREFIX_PATH=/opt/ros/humble /usr/bin/cmake /root/ros2_ws/src/point_cloud_transport_plugins-humble/point_cloud_interfaces -DCMAKE_INSTALL_PREFIX=/root/ros2_ws/install
[2.781s] -- The C compiler identification is GNU 9.4.0
[2.787s] -- The CXX compiler identification is GNU 9.4.0
[2.791s] -- Check for working C compiler: /usr/bin/cc
[2.794s] -- Check for working C compiler: /usr/bin/cc -- works
[2.797s] -- Detecting C compiler ABI info
[2.801s] -- Detecting C compiler ABI info - done
[2.803s] -- Detecting C compile features
[2.804s] -- Detecting C compile features - done
[2.811s] -- Check for working CXX compiler: /usr/bin/c++
[2.817s] -- Check for working CXX compiler: /usr/bin/c++ -- works
[2.818s] -- Detecting CXX compiler ABI info
[3.029s] -- Detecting CXX compiler ABI info - done
[3.100s] -- Detecting CXX compile features
[3.105s] -- Detecting CXX compile features - done
[3.121s] -- Found ament_cmake: 1.3.6 (/opt/ros/humble/share/ament_cmake/cmake)
[3.957s] -- Found Python3: /usr/bin/python3.9 (found version "3.9.5") found components: Interpreter 
[4.488s] -- Found builtin_interfaces: 1.2.1 (/opt/ros/humble/share/builtin_interfaces/cmake)
[4.716s] -- Found rosidl_generator_c: 3.1.5 (/opt/ros/humble/share/rosidl_generator_c/cmake)
[4.754s] -- Found rosidl_adapter: 3.1.5 (/opt/ros/humble/share/rosidl_adapter/cmake)
[4.825s] -- Found rosidl_generator_cpp: 3.1.5 (/opt/ros/humble/share/rosidl_generator_cpp/cmake)
[4.947s] -- Using all available rosidl_typesupport_c: rosidl_typesupport_fastrtps_c;rosidl_typesupport_introspection_c
[5.143s] -- Using all available rosidl_typesupport_cpp: rosidl_typesupport_fastrtps_cpp;rosidl_typesupport_introspection_cpp
[5.252s] -- Found rosidl_default_generators: 1.2.0 (/opt/ros/humble/share/rosidl_default_generators/cmake)
[5.324s] -- Found sensor_msgs: 4.2.3 (/opt/ros/humble/share/sensor_msgs/cmake)
[9.181s] -- Found ament_cmake_ros: 0.10.0 (/opt/ros/humble/share/ament_cmake_ros/cmake)
[13.202s] -- Using all available rosidl_typesupport_c: rosidl_typesupport_fastrtps_c;rosidl_typesupport_introspection_c
[14.768s] -- Using all available rosidl_typesupport_cpp: rosidl_typesupport_fastrtps_cpp;rosidl_typesupport_introspection_cpp
[14.894s] -- Found PythonInterp: /usr/bin/python3 (found suitable version "3.8.10", minimum required is "3.6") 
[14.902s] -- Found python_cmake_module: 0.10.0 (/opt/ros/humble/share/python_cmake_module/cmake)
[15.037s] -- Found PythonLibs: /usr/lib/aarch64-linux-gnu/libpython3.8.so (found suitable version "3.8.10", minimum required is "3.5") 
[15.038s] -- Using PYTHON_EXECUTABLE: /usr/bin/python3
[15.038s] -- Using PYTHON_INCLUDE_DIRS: /usr/include/python3.8
[15.039s] -- Using PYTHON_LIBRARIES: /usr/lib/aarch64-linux-gnu/libpython3.8.so
[15.147s] -- Found PythonExtra: .so  
[15.644s] -- Found ament_lint_auto: 0.12.9 (/opt/ros/humble/share/ament_lint_auto/cmake)
[15.748s] -- Added test 'copyright' to check source files copyright and LICENSE
[15.759s] -- Added test 'lint_cmake' to check CMake code style
[15.765s] -- Added test 'xmllint' to check XML markup files
[15.805s] -- Configuring done
[16.129s] -- Generating done
[16.234s] -- Build files have been written to: /root/ros2_ws/build/point_cloud_interfaces
[16.271s] Invoked command in '/root/ros2_ws/build/point_cloud_interfaces' returned '0': CMAKE_PREFIX_PATH=/opt/ros/humble /usr/bin/cmake /root/ros2_ws/src/point_cloud_transport_plugins-humble/point_cloud_interfaces -DCMAKE_INSTALL_PREFIX=/root/ros2_ws/install
[16.283s] Invoking command in '/root/ros2_ws/build/point_cloud_interfaces': CMAKE_PREFIX_PATH=/opt/ros/humble /usr/bin/cmake --build /root/ros2_ws/build/point_cloud_interfaces -- -j6 -l6
[16.540s] [35m[1mScanning dependencies of target ament_cmake_python_copy_point_cloud_interfaces[0m
[16.541s] [35m[1mScanning dependencies of target point_cloud_interfaces__cpp[0m
[16.545s] [  3%] [34m[1mGenerating C code for ROS interfaces[0m
[16.619s] [  6%] [34m[1mGenerating C++ code for ROS interfaces[0m
[16.664s] [  6%] Built target ament_cmake_python_copy_point_cloud_interfaces
[16.730s] [35m[1mScanning dependencies of target ament_cmake_python_build_point_cloud_interfaces_egg[0m
[18.171s] [  6%] Built target point_cloud_interfaces__cpp
[18.235s] [35m[1mScanning dependencies of target point_cloud_interfaces__rosidl_generator_c[0m
[18.250s] [  9%] [34m[1mGenerating C++ type support for eProsima Fast-RTPS[0m
[18.259s] [ 12%] [34m[1mGenerating C++ introspection for ROS interfaces[0m
[18.264s] [ 16%] [34m[1mGenerating C++ type support dispatch for ROS interfaces[0m
[18.373s] [ 19%] [32mBuilding C object CMakeFiles/point_cloud_interfaces__rosidl_generator_c.dir/rosidl_generator_c/point_cloud_interfaces/msg/detail/compressed_point_cloud2__functions.c.o[0m
[18.659s] running egg_info
[18.661s] creating point_cloud_interfaces.egg-info
[18.663s] writing point_cloud_interfaces.egg-info/PKG-INFO
[18.665s] writing dependency_links to point_cloud_interfaces.egg-info/dependency_links.txt
[18.666s] writing top-level names to point_cloud_interfaces.egg-info/top_level.txt
[18.666s] writing manifest file 'point_cloud_interfaces.egg-info/SOURCES.txt'
[18.818s] [ 22%] [32m[1mLinking C shared library libpoint_cloud_interfaces__rosidl_generator_c.so[0m
[19.001s] reading manifest file 'point_cloud_interfaces.egg-info/SOURCES.txt'
[19.003s] writing manifest file 'point_cloud_interfaces.egg-info/SOURCES.txt'
[19.089s] [ 22%] Built target point_cloud_interfaces__rosidl_generator_c
[19.173s] [ 22%] Built target ament_cmake_python_build_point_cloud_interfaces_egg
[19.184s] [ 25%] [34m[1mGenerating C introspection for ROS interfaces[0m
[19.201s] [ 29%] [34m[1mGenerating C type support dispatch for ROS interfaces[0m
[19.308s] [ 32%] [34m[1mGenerating C type support for eProsima Fast-RTPS[0m
[19.488s] [35m[1mScanning dependencies of target point_cloud_interfaces__rosidl_typesupport_cpp[0m
[19.568s] [35m[1mScanning dependencies of target point_cloud_interfaces__rosidl_typesupport_introspection_cpp[0m
[19.615s] [ 35%] [32mBuilding CXX object CMakeFiles/point_cloud_interfaces__rosidl_typesupport_cpp.dir/rosidl_typesupport_cpp/point_cloud_interfaces/msg/compressed_point_cloud2__type_support.cpp.o[0m
[19.662s] [35m[1mScanning dependencies of target point_cloud_interfaces__rosidl_typesupport_fastrtps_cpp[0m
[19.680s] [ 38%] [32mBuilding CXX object CMakeFiles/point_cloud_interfaces__rosidl_typesupport_introspection_cpp.dir/rosidl_typesupport_introspection_cpp/point_cloud_interfaces/msg/detail/compressed_point_cloud2__type_support.cpp.o[0m
[19.811s] [ 41%] [32mBuilding CXX object CMakeFiles/point_cloud_interfaces__rosidl_typesupport_fastrtps_cpp.dir/rosidl_typesupport_fastrtps_cpp/point_cloud_interfaces/msg/detail/dds_fastrtps/compressed_point_cloud2__type_support.cpp.o[0m
[20.503s] [35m[1mScanning dependencies of target point_cloud_interfaces__rosidl_typesupport_c[0m
[20.624s] [ 45%] [32mBuilding CXX object CMakeFiles/point_cloud_interfaces__rosidl_typesupport_c.dir/rosidl_typesupport_c/point_cloud_interfaces/msg/compressed_point_cloud2__type_support.cpp.o[0m
[20.635s] [35m[1mScanning dependencies of target point_cloud_interfaces__rosidl_typesupport_introspection_c[0m
[20.772s] [ 48%] [32mBuilding C object CMakeFiles/point_cloud_interfaces__rosidl_typesupport_introspection_c.dir/rosidl_typesupport_introspection_c/point_cloud_interfaces/msg/detail/compressed_point_cloud2__type_support.c.o[0m
[20.845s] [35m[1mScanning dependencies of target point_cloud_interfaces__rosidl_typesupport_fastrtps_c[0m
[20.965s] [ 51%] [32m[1mLinking CXX shared library libpoint_cloud_interfaces__rosidl_typesupport_c.so[0m
[20.982s] [ 54%] [32mBuilding CXX object CMakeFiles/point_cloud_interfaces__rosidl_typesupport_fastrtps_c.dir/rosidl_typesupport_fastrtps_c/point_cloud_interfaces/msg/detail/compressed_point_cloud2__type_support_c.cpp.o[0m
[21.212s] [ 58%] [32m[1mLinking C shared library libpoint_cloud_interfaces__rosidl_typesupport_introspection_c.so[0m
[21.341s] [ 58%] Built target point_cloud_interfaces__rosidl_typesupport_c
[21.440s] [ 58%] Built target point_cloud_interfaces__rosidl_typesupport_introspection_c
[21.598s] [ 61%] [32m[1mLinking CXX shared library libpoint_cloud_interfaces__rosidl_typesupport_cpp.so[0m
[21.838s] [ 61%] Built target point_cloud_interfaces__rosidl_typesupport_cpp
[23.083s] [ 64%] [32m[1mLinking CXX shared library libpoint_cloud_interfaces__rosidl_typesupport_introspection_cpp.so[0m
[23.467s] [ 64%] Built target point_cloud_interfaces__rosidl_typesupport_introspection_cpp
[23.538s] [ 67%] [32m[1mLinking CXX shared library libpoint_cloud_interfaces__rosidl_typesupport_fastrtps_cpp.so[0m
[23.540s] [ 70%] [32m[1mLinking CXX shared library libpoint_cloud_interfaces__rosidl_typesupport_fastrtps_c.so[0m
[23.910s] [ 70%] Built target point_cloud_interfaces__rosidl_typesupport_fastrtps_cpp
[23.915s] [ 70%] Built target point_cloud_interfaces__rosidl_typesupport_fastrtps_c
[23.981s] [35m[1mScanning dependencies of target point_cloud_interfaces[0m
[24.048s] [ 70%] Built target point_cloud_interfaces
[24.119s] [35m[1mScanning dependencies of target point_cloud_interfaces__py[0m
[24.196s] [ 74%] [34m[1mGenerating Python code for ROS interfaces[0m
[26.167s] [ 74%] Built target point_cloud_interfaces__py
[26.228s] [35m[1mScanning dependencies of target point_cloud_interfaces__rosidl_generator_py[0m
[26.376s] [ 77%] [32mBuilding C object CMakeFiles/point_cloud_interfaces__rosidl_generator_py.dir/rosidl_generator_py/point_cloud_interfaces/msg/_compressed_point_cloud2_s.c.o[0m
[27.207s] [ 80%] [32m[1mLinking C shared library rosidl_generator_py/point_cloud_interfaces/libpoint_cloud_interfaces__rosidl_generator_py.so[0m
[27.456s] [ 80%] Built target point_cloud_interfaces__rosidl_generator_py
[27.522s] [35m[1mScanning dependencies of target point_cloud_interfaces__rosidl_typesupport_introspection_c__pyext[0m
[27.523s] [35m[1mScanning dependencies of target point_cloud_interfaces__rosidl_typesupport_fastrtps_c__pyext[0m
[27.525s] [35m[1mScanning dependencies of target point_cloud_interfaces__rosidl_typesupport_c__pyext[0m
[27.675s] [ 83%] [32mBuilding C object CMakeFiles/point_cloud_interfaces__rosidl_typesupport_c__pyext.dir/rosidl_generator_py/point_cloud_interfaces/_point_cloud_interfaces_s.ep.rosidl_typesupport_c.c.o[0m
[27.678s] [ 87%] [32mBuilding C object CMakeFiles/point_cloud_interfaces__rosidl_typesupport_introspection_c__pyext.dir/rosidl_generator_py/point_cloud_interfaces/_point_cloud_interfaces_s.ep.rosidl_typesupport_introspection_c.c.o[0m
[27.687s] [ 90%] [32mBuilding C object CMakeFiles/point_cloud_interfaces__rosidl_typesupport_fastrtps_c__pyext.dir/rosidl_generator_py/point_cloud_interfaces/_point_cloud_interfaces_s.ep.rosidl_typesupport_fastrtps_c.c.o[0m
[28.371s] [ 93%] [32m[1mLinking C shared library rosidl_generator_py/point_cloud_interfaces/point_cloud_interfaces_s__rosidl_typesupport_fastrtps_c.cpython-38-aarch64-linux-gnu.so[0m
[28.378s] [ 96%] [32m[1mLinking C shared library rosidl_generator_py/point_cloud_interfaces/point_cloud_interfaces_s__rosidl_typesupport_c.cpython-38-aarch64-linux-gnu.so[0m
[28.381s] [100%] [32m[1mLinking C shared library rosidl_generator_py/point_cloud_interfaces/point_cloud_interfaces_s__rosidl_typesupport_introspection_c.cpython-38-aarch64-linux-gnu.so[0m
[28.644s] [100%] Built target point_cloud_interfaces__rosidl_typesupport_c__pyext
[28.651s] [100%] Built target point_cloud_interfaces__rosidl_typesupport_introspection_c__pyext
[28.653s] [100%] Built target point_cloud_interfaces__rosidl_typesupport_fastrtps_c__pyext
[28.730s] Invoked command in '/root/ros2_ws/build/point_cloud_interfaces' returned '0': CMAKE_PREFIX_PATH=/opt/ros/humble /usr/bin/cmake --build /root/ros2_ws/build/point_cloud_interfaces -- -j6 -l6
[28.809s] Invoking command in '/root/ros2_ws/build/point_cloud_interfaces': CMAKE_PREFIX_PATH=/opt/ros/humble /usr/bin/cmake --install /root/ros2_ws/build/point_cloud_interfaces
[28.860s] -- Install configuration: ""
[28.862s] -- Installing: /root/ros2_ws/install/share/ament_index/resource_index/rosidl_interfaces/point_cloud_interfaces
[28.863s] -- Installing: /root/ros2_ws/install/include/point_cloud_interfaces/point_cloud_interfaces
[28.864s] -- Installing: /root/ros2_ws/install/include/point_cloud_interfaces/point_cloud_interfaces/msg
[28.865s] -- Installing: /root/ros2_ws/install/include/point_cloud_interfaces/point_cloud_interfaces/msg/compressed_point_cloud2.h
[28.866s] -- Installing: /root/ros2_ws/install/include/point_cloud_interfaces/point_cloud_interfaces/msg/detail
[28.866s] -- Installing: /root/ros2_ws/install/include/point_cloud_interfaces/point_cloud_interfaces/msg/detail/compressed_point_cloud2__struct.h
[28.868s] -- Installing: /root/ros2_ws/install/include/point_cloud_interfaces/point_cloud_interfaces/msg/detail/compressed_point_cloud2__functions.c
[28.868s] -- Installing: /root/ros2_ws/install/include/point_cloud_interfaces/point_cloud_interfaces/msg/detail/compressed_point_cloud2__type_support.h
[28.869s] -- Installing: /root/ros2_ws/install/include/point_cloud_interfaces/point_cloud_interfaces/msg/detail/compressed_point_cloud2__functions.h
[28.871s] -- Installing: /root/ros2_ws/install/include/point_cloud_interfaces/point_cloud_interfaces/msg/rosidl_generator_c__visibility_control.h
[28.872s] -- Installing: /root/ros2_ws/install/share/point_cloud_interfaces/environment/library_path.sh
[28.874s] -- Installing: /root/ros2_ws/install/share/point_cloud_interfaces/environment/library_path.dsv
[28.875s] -- Installing: /root/ros2_ws/install/lib/libpoint_cloud_interfaces__rosidl_generator_c.so
[28.879s] -- Set runtime path of "/root/ros2_ws/install/lib/libpoint_cloud_interfaces__rosidl_generator_c.so" to ""
[28.880s] -- Up-to-date: /root/ros2_ws/install/include/point_cloud_interfaces/point_cloud_interfaces
[28.881s] -- Up-to-date: /root/ros2_ws/install/include/point_cloud_interfaces/point_cloud_interfaces/msg
[28.882s] -- Installing: /root/ros2_ws/install/include/point_cloud_interfaces/point_cloud_interfaces/msg/rosidl_typesupport_fastrtps_c__visibility_control.h
[28.882s] -- Up-to-date: /root/ros2_ws/install/include/point_cloud_interfaces/point_cloud_interfaces/msg/detail
[28.884s] -- Installing: /root/ros2_ws/install/include/point_cloud_interfaces/point_cloud_interfaces/msg/detail/compressed_point_cloud2__rosidl_typesupport_fastrtps_c.h
[28.884s] -- Installing: /root/ros2_ws/install/lib/libpoint_cloud_interfaces__rosidl_typesupport_fastrtps_c.so
[28.888s] -- Set runtime path of "/root/ros2_ws/install/lib/libpoint_cloud_interfaces__rosidl_typesupport_fastrtps_c.so" to ""
[28.888s] -- Up-to-date: /root/ros2_ws/install/include/point_cloud_interfaces/point_cloud_interfaces
[28.889s] -- Up-to-date: /root/ros2_ws/install/include/point_cloud_interfaces/point_cloud_interfaces/msg
[28.891s] -- Installing: /root/ros2_ws/install/include/point_cloud_interfaces/point_cloud_interfaces/msg/compressed_point_cloud2.hpp
[28.891s] -- Up-to-date: /root/ros2_ws/install/include/point_cloud_interfaces/point_cloud_interfaces/msg/detail
[28.892s] -- Installing: /root/ros2_ws/install/include/point_cloud_interfaces/point_cloud_interfaces/msg/detail/compressed_point_cloud2__traits.hpp
[28.894s] -- Installing: /root/ros2_ws/install/include/point_cloud_interfaces/point_cloud_interfaces/msg/detail/compressed_point_cloud2__builder.hpp
[28.894s] -- Installing: /root/ros2_ws/install/include/point_cloud_interfaces/point_cloud_interfaces/msg/detail/compressed_point_cloud2__struct.hpp
[28.895s] -- Up-to-date: /root/ros2_ws/install/include/point_cloud_interfaces/point_cloud_interfaces
[28.896s] -- Up-to-date: /root/ros2_ws/install/include/point_cloud_interfaces/point_cloud_interfaces/msg
[28.897s] -- Up-to-date: /root/ros2_ws/install/include/point_cloud_interfaces/point_cloud_interfaces/msg/detail
[28.897s] -- Installing: /root/ros2_ws/install/include/point_cloud_interfaces/point_cloud_interfaces/msg/detail/dds_fastrtps
[28.898s] -- Installing: /root/ros2_ws/install/include/point_cloud_interfaces/point_cloud_interfaces/msg/detail/compressed_point_cloud2__rosidl_typesupport_fastrtps_cpp.hpp
[28.899s] -- Installing: /root/ros2_ws/install/include/point_cloud_interfaces/point_cloud_interfaces/msg/rosidl_typesupport_fastrtps_cpp__visibility_control.h
[28.900s] -- Installing: /root/ros2_ws/install/lib/libpoint_cloud_interfaces__rosidl_typesupport_fastrtps_cpp.so
[28.904s] -- Set runtime path of "/root/ros2_ws/install/lib/libpoint_cloud_interfaces__rosidl_typesupport_fastrtps_cpp.so" to ""
[28.905s] -- Up-to-date: /root/ros2_ws/install/include/point_cloud_interfaces/point_cloud_interfaces
[28.906s] -- Up-to-date: /root/ros2_ws/install/include/point_cloud_interfaces/point_cloud_interfaces/msg
[28.906s] -- Installing: /root/ros2_ws/install/include/point_cloud_interfaces/point_cloud_interfaces/msg/rosidl_typesupport_introspection_c__visibility_control.h
[28.907s] -- Up-to-date: /root/ros2_ws/install/include/point_cloud_interfaces/point_cloud_interfaces/msg/detail
[28.908s] -- Installing: /root/ros2_ws/install/include/point_cloud_interfaces/point_cloud_interfaces/msg/detail/compressed_point_cloud2__type_support.c
[28.908s] -- Installing: /root/ros2_ws/install/include/point_cloud_interfaces/point_cloud_interfaces/msg/detail/compressed_point_cloud2__rosidl_typesupport_introspection_c.h
[28.909s] -- Installing: /root/ros2_ws/install/lib/libpoint_cloud_interfaces__rosidl_typesupport_introspection_c.so
[28.913s] -- Set runtime path of "/root/ros2_ws/install/lib/libpoint_cloud_interfaces__rosidl_typesupport_introspection_c.so" to ""
[28.914s] -- Installing: /root/ros2_ws/install/lib/libpoint_cloud_interfaces__rosidl_typesupport_c.so
[28.917s] -- Set runtime path of "/root/ros2_ws/install/lib/libpoint_cloud_interfaces__rosidl_typesupport_c.so" to ""
[28.919s] -- Up-to-date: /root/ros2_ws/install/include/point_cloud_interfaces/point_cloud_interfaces
[28.919s] -- Up-to-date: /root/ros2_ws/install/include/point_cloud_interfaces/point_cloud_interfaces/msg
[28.920s] -- Up-to-date: /root/ros2_ws/install/include/point_cloud_interfaces/point_cloud_interfaces/msg/detail
[28.921s] -- Installing: /root/ros2_ws/install/include/point_cloud_interfaces/point_cloud_interfaces/msg/detail/compressed_point_cloud2__rosidl_typesupport_introspection_cpp.hpp
[28.921s] -- Installing: /root/ros2_ws/install/include/point_cloud_interfaces/point_cloud_interfaces/msg/detail/compressed_point_cloud2__type_support.cpp
[28.922s] -- Installing: /root/ros2_ws/install/lib/libpoint_cloud_interfaces__rosidl_typesupport_introspection_cpp.so
[28.926s] -- Set runtime path of "/root/ros2_ws/install/lib/libpoint_cloud_interfaces__rosidl_typesupport_introspection_cpp.so" to ""
[28.927s] -- Installing: /root/ros2_ws/install/lib/libpoint_cloud_interfaces__rosidl_typesupport_cpp.so
[28.930s] -- Set runtime path of "/root/ros2_ws/install/lib/libpoint_cloud_interfaces__rosidl_typesupport_cpp.so" to ""
[28.931s] -- Installing: /root/ros2_ws/install/share/point_cloud_interfaces/environment/pythonpath.sh
[28.932s] -- Installing: /root/ros2_ws/install/share/point_cloud_interfaces/environment/pythonpath.dsv
[28.934s] -- Installing: /root/ros2_ws/install/lib/python3.9/site-packages/point_cloud_interfaces-1.0.11-py3.9.egg-info
[28.934s] -- Installing: /root/ros2_ws/install/lib/python3.9/site-packages/point_cloud_interfaces-1.0.11-py3.9.egg-info/PKG-INFO
[28.936s] -- Installing: /root/ros2_ws/install/lib/python3.9/site-packages/point_cloud_interfaces-1.0.11-py3.9.egg-info/top_level.txt
[28.936s] -- Installing: /root/ros2_ws/install/lib/python3.9/site-packages/point_cloud_interfaces-1.0.11-py3.9.egg-info/dependency_links.txt
[28.939s] -- Installing: /root/ros2_ws/install/lib/python3.9/site-packages/point_cloud_interfaces-1.0.11-py3.9.egg-info/SOURCES.txt
[28.939s] -- Installing: /root/ros2_ws/install/lib/python3.9/site-packages/point_cloud_interfaces
[28.939s] -- Installing: /root/ros2_ws/install/lib/python3.9/site-packages/point_cloud_interfaces/point_cloud_interfaces_s__rosidl_typesupport_fastrtps_c.cpython-38-aarch64-linux-gnu.so
[28.941s] -- Installing: /root/ros2_ws/install/lib/python3.9/site-packages/point_cloud_interfaces/point_cloud_interfaces_s__rosidl_typesupport_c.cpython-38-aarch64-linux-gnu.so
[28.942s] -- Installing: /root/ros2_ws/install/lib/python3.9/site-packages/point_cloud_interfaces/_point_cloud_interfaces_s.ep.rosidl_typesupport_fastrtps_c.c
[28.943s] -- Installing: /root/ros2_ws/install/lib/python3.9/site-packages/point_cloud_interfaces/_point_cloud_interfaces_s.ep.rosidl_typesupport_introspection_c.c
[28.944s] -- Installing: /root/ros2_ws/install/lib/python3.9/site-packages/point_cloud_interfaces/point_cloud_interfaces_s__rosidl_typesupport_introspection_c.cpython-38-aarch64-linux-gnu.so
[28.945s] -- Installing: /root/ros2_ws/install/lib/python3.9/site-packages/point_cloud_interfaces/_point_cloud_interfaces_s.ep.rosidl_typesupport_c.c
[28.947s] -- Installing: /root/ros2_ws/install/lib/python3.9/site-packages/point_cloud_interfaces/__init__.py
[28.947s] -- Installing: /root/ros2_ws/install/lib/python3.9/site-packages/point_cloud_interfaces/msg
[28.948s] -- Installing: /root/ros2_ws/install/lib/python3.9/site-packages/point_cloud_interfaces/msg/_compressed_point_cloud2_s.c
[28.949s] -- Installing: /root/ros2_ws/install/lib/python3.9/site-packages/point_cloud_interfaces/msg/_compressed_point_cloud2.py
[28.950s] -- Installing: /root/ros2_ws/install/lib/python3.9/site-packages/point_cloud_interfaces/msg/__init__.py
[28.951s] -- Installing: /root/ros2_ws/install/lib/python3.9/site-packages/point_cloud_interfaces/libpoint_cloud_interfaces__rosidl_generator_py.so
[29.140s] Listing '/root/ros2_ws/install/lib/python3.9/site-packages/point_cloud_interfaces'...
[29.142s] Compiling '/root/ros2_ws/install/lib/python3.9/site-packages/point_cloud_interfaces/__init__.py'...
[29.144s] Listing '/root/ros2_ws/install/lib/python3.9/site-packages/point_cloud_interfaces/msg'...
[29.145s] Compiling '/root/ros2_ws/install/lib/python3.9/site-packages/point_cloud_interfaces/msg/__init__.py'...
[29.146s] Compiling '/root/ros2_ws/install/lib/python3.9/site-packages/point_cloud_interfaces/msg/_compressed_point_cloud2.py'...
[29.167s] -- Installing: /root/ros2_ws/install/lib/python3.9/site-packages/point_cloud_interfaces/point_cloud_interfaces_s__rosidl_typesupport_fastrtps_c.cpython-38-aarch64-linux-gnu.so
[29.171s] -- Set runtime path of "/root/ros2_ws/install/lib/python3.9/site-packages/point_cloud_interfaces/point_cloud_interfaces_s__rosidl_typesupport_fastrtps_c.cpython-38-aarch64-linux-gnu.so" to ""
[29.175s] -- Installing: /root/ros2_ws/install/lib/python3.9/site-packages/point_cloud_interfaces/point_cloud_interfaces_s__rosidl_typesupport_introspection_c.cpython-38-aarch64-linux-gnu.so
[29.179s] -- Set runtime path of "/root/ros2_ws/install/lib/python3.9/site-packages/point_cloud_interfaces/point_cloud_interfaces_s__rosidl_typesupport_introspection_c.cpython-38-aarch64-linux-gnu.so" to ""
[29.181s] -- Installing: /root/ros2_ws/install/lib/python3.9/site-packages/point_cloud_interfaces/point_cloud_interfaces_s__rosidl_typesupport_c.cpython-38-aarch64-linux-gnu.so
[29.185s] -- Set runtime path of "/root/ros2_ws/install/lib/python3.9/site-packages/point_cloud_interfaces/point_cloud_interfaces_s__rosidl_typesupport_c.cpython-38-aarch64-linux-gnu.so" to ""
[29.187s] -- Installing: /root/ros2_ws/install/lib/libpoint_cloud_interfaces__rosidl_generator_py.so
[29.190s] -- Set runtime path of "/root/ros2_ws/install/lib/libpoint_cloud_interfaces__rosidl_generator_py.so" to ""
[29.191s] -- Installing: /root/ros2_ws/install/share/point_cloud_interfaces/msg/CompressedPointCloud2.idl
[29.192s] -- Installing: /root/ros2_ws/install/share/point_cloud_interfaces/msg/CompressedPointCloud2.msg
[29.193s] -- Installing: /root/ros2_ws/install/share/ament_index/resource_index/package_run_dependencies/point_cloud_interfaces
[29.195s] -- Installing: /root/ros2_ws/install/share/ament_index/resource_index/parent_prefix_path/point_cloud_interfaces
[29.197s] -- Installing: /root/ros2_ws/install/share/point_cloud_interfaces/environment/ament_prefix_path.sh
[29.198s] -- Installing: /root/ros2_ws/install/share/point_cloud_interfaces/environment/ament_prefix_path.dsv
[29.199s] -- Installing: /root/ros2_ws/install/share/point_cloud_interfaces/environment/path.sh
[29.201s] -- Installing: /root/ros2_ws/install/share/point_cloud_interfaces/environment/path.dsv
[29.202s] -- Installing: /root/ros2_ws/install/share/point_cloud_interfaces/local_setup.bash
[29.204s] -- Installing: /root/ros2_ws/install/share/point_cloud_interfaces/local_setup.sh
[29.205s] -- Installing: /root/ros2_ws/install/share/point_cloud_interfaces/local_setup.zsh
[29.206s] -- Installing: /root/ros2_ws/install/share/point_cloud_interfaces/local_setup.dsv
[29.207s] -- Installing: /root/ros2_ws/install/share/point_cloud_interfaces/package.dsv
[29.208s] -- Installing: /root/ros2_ws/install/share/ament_index/resource_index/packages/point_cloud_interfaces
[29.210s] -- Installing: /root/ros2_ws/install/share/point_cloud_interfaces/cmake/export_point_cloud_interfaces__rosidl_generator_cExport.cmake
[29.211s] -- Installing: /root/ros2_ws/install/share/point_cloud_interfaces/cmake/export_point_cloud_interfaces__rosidl_generator_cExport-noconfig.cmake
[29.213s] -- Installing: /root/ros2_ws/install/share/point_cloud_interfaces/cmake/export_point_cloud_interfaces__rosidl_typesupport_fastrtps_cExport.cmake
[29.214s] -- Installing: /root/ros2_ws/install/share/point_cloud_interfaces/cmake/export_point_cloud_interfaces__rosidl_typesupport_fastrtps_cExport-noconfig.cmake
[29.216s] -- Installing: /root/ros2_ws/install/share/point_cloud_interfaces/cmake/export_point_cloud_interfaces__rosidl_generator_cppExport.cmake
[29.218s] -- Installing: /root/ros2_ws/install/share/point_cloud_interfaces/cmake/export_point_cloud_interfaces__rosidl_typesupport_fastrtps_cppExport.cmake
[29.219s] -- Installing: /root/ros2_ws/install/share/point_cloud_interfaces/cmake/export_point_cloud_interfaces__rosidl_typesupport_fastrtps_cppExport-noconfig.cmake
[29.221s] -- Installing: /root/ros2_ws/install/share/point_cloud_interfaces/cmake/point_cloud_interfaces__rosidl_typesupport_introspection_cExport.cmake
[29.222s] -- Installing: /root/ros2_ws/install/share/point_cloud_interfaces/cmake/point_cloud_interfaces__rosidl_typesupport_introspection_cExport-noconfig.cmake
[29.225s] -- Installing: /root/ros2_ws/install/share/point_cloud_interfaces/cmake/point_cloud_interfaces__rosidl_typesupport_cExport.cmake
[29.226s] -- Installing: /root/ros2_ws/install/share/point_cloud_interfaces/cmake/point_cloud_interfaces__rosidl_typesupport_cExport-noconfig.cmake
[29.228s] -- Installing: /root/ros2_ws/install/share/point_cloud_interfaces/cmake/point_cloud_interfaces__rosidl_typesupport_introspection_cppExport.cmake
[29.230s] -- Installing: /root/ros2_ws/install/share/point_cloud_interfaces/cmake/point_cloud_interfaces__rosidl_typesupport_introspection_cppExport-noconfig.cmake
[29.231s] -- Installing: /root/ros2_ws/install/share/point_cloud_interfaces/cmake/point_cloud_interfaces__rosidl_typesupport_cppExport.cmake
[29.233s] -- Installing: /root/ros2_ws/install/share/point_cloud_interfaces/cmake/point_cloud_interfaces__rosidl_typesupport_cppExport-noconfig.cmake
[29.234s] -- Installing: /root/ros2_ws/install/share/point_cloud_interfaces/cmake/export_point_cloud_interfaces__rosidl_generator_pyExport.cmake
[29.235s] -- Installing: /root/ros2_ws/install/share/point_cloud_interfaces/cmake/export_point_cloud_interfaces__rosidl_generator_pyExport-noconfig.cmake
[29.237s] -- Installing: /root/ros2_ws/install/share/point_cloud_interfaces/cmake/rosidl_cmake-extras.cmake
[29.238s] -- Installing: /root/ros2_ws/install/share/point_cloud_interfaces/cmake/ament_cmake_export_dependencies-extras.cmake
[29.239s] -- Installing: /root/ros2_ws/install/share/point_cloud_interfaces/cmake/ament_cmake_export_include_directories-extras.cmake
[29.240s] -- Installing: /root/ros2_ws/install/share/point_cloud_interfaces/cmake/ament_cmake_export_libraries-extras.cmake
[29.241s] -- Installing: /root/ros2_ws/install/share/point_cloud_interfaces/cmake/ament_cmake_export_targets-extras.cmake
[29.243s] -- Installing: /root/ros2_ws/install/share/point_cloud_interfaces/cmake/rosidl_cmake_export_typesupport_targets-extras.cmake
[29.244s] -- Installing: /root/ros2_ws/install/share/point_cloud_interfaces/cmake/rosidl_cmake_export_typesupport_libraries-extras.cmake
[29.245s] -- Installing: /root/ros2_ws/install/share/point_cloud_interfaces/cmake/point_cloud_interfacesConfig.cmake
[29.246s] -- Installing: /root/ros2_ws/install/share/point_cloud_interfaces/cmake/point_cloud_interfacesConfig-version.cmake
[29.248s] -- Installing: /root/ros2_ws/install/share/point_cloud_interfaces/package.xml
[29.268s] Invoked command in '/root/ros2_ws/build/point_cloud_interfaces' returned '0': CMAKE_PREFIX_PATH=/opt/ros/humble /usr/bin/cmake --install /root/ros2_ws/build/point_cloud_interfaces
