[1.896s] DEBUG:colcon:Command line arguments: ['/usr/bin/colcon', 'build', '--merge-install', '--event-handlers', 'console_direct+']
[1.896s] DEBUG:colcon:Parsed command line arguments: Namespace(ament_cmake_args=None, base_paths=['.'], build_base='build', catkin_cmake_args=None, catkin_skip_building_tests=False, cmake_args=None, cmake_clean_cache=False, cmake_clean_first=False, cmake_force_configure=False, cmake_target=None, cmake_target_skip_unavailable=False, continue_on_error=False, event_handlers=['console_direct+'], executor='parallel', ignore_user_meta=False, install_base='install', log_base=None, log_level=None, main=<bound method BuildVerb.main of <colcon_core.verb.build.BuildVerb object at 0xffffab144250>>, merge_install=True, metas=['./colcon.meta'], mixin=None, mixin_files=None, mixin_verb=('build',), packages_above=None, packages_above_and_dependencies=None, packages_above_depth=None, packages_end=None, packages_ignore=None, packages_ignore_regex=None, packages_select=None, packages_select_build_failed=False, packages_select_by_dep=None, packages_select_regex=None, packages_select_test_failures=False, packages_skip=None, packages_skip_build_finished=False, packages_skip_by_dep=None, packages_skip_regex=None, packages_skip_test_passed=False, packages_skip_up_to=None, packages_start=None, packages_up_to=None, packages_up_to_regex=None, parallel_workers=6, paths=None, symlink_install=False, test_result_base=None, verb_extension=<colcon_core.verb.build.BuildVerb object at 0xffffab144250>, verb_name='build', verb_parser=<colcon_mixin.mixin.mixin_argument.MixinArgumentDecorator object at 0xffffab080d30>)
[3.096s] Level 1:colcon.colcon_core.package_discovery:discover_packages(colcon_meta) check parameters
[3.097s] Level 1:colcon.colcon_core.package_discovery:discover_packages(recursive) check parameters
[3.098s] Level 1:colcon.colcon_core.package_discovery:discover_packages(ignore) check parameters
[3.098s] Level 1:colcon.colcon_core.package_discovery:discover_packages(path) check parameters
[3.098s] Level 1:colcon.colcon_core.package_discovery:discover_packages(colcon_meta) discover
[3.099s] Level 1:colcon.colcon_core.package_discovery:discover_packages(recursive) discover
[3.100s] INFO:colcon.colcon_core.package_discovery:Crawling recursively for packages in '/root/ros2_ws'
[3.101s] Level 1:colcon.colcon_core.package_identification:_identify(.) by extensions ['ignore', 'ignore_ament_install']
[3.101s] Level 1:colcon.colcon_core.package_identification:_identify(.) by extension 'ignore'
[3.103s] Level 1:colcon.colcon_core.package_identification:_identify(.) by extension 'ignore_ament_install'
[3.104s] Level 1:colcon.colcon_core.package_identification:_identify(.) by extensions ['colcon_pkg']
[3.104s] Level 1:colcon.colcon_core.package_identification:_identify(.) by extension 'colcon_pkg'
[3.105s] Level 1:colcon.colcon_core.package_identification:_identify(.) by extensions ['colcon_meta']
[3.105s] Level 1:colcon.colcon_core.package_identification:_identify(.) by extension 'colcon_meta'
[3.106s] Level 1:colcon.colcon_core.package_identification:_identify(.) by extensions ['ros']
[3.106s] Level 1:colcon.colcon_core.package_identification:_identify(.) by extension 'ros'
[3.186s] Level 1:colcon.colcon_core.package_identification:_identify(.) by extensions ['cmake', 'python']
[3.187s] Level 1:colcon.colcon_core.package_identification:_identify(.) by extension 'cmake'
[3.187s] Level 1:colcon.colcon_core.package_identification:_identify(.) by extension 'python'
[3.188s] Level 1:colcon.colcon_core.package_identification:_identify(.) by extensions ['python_setup_py']
[3.188s] Level 1:colcon.colcon_core.package_identification:_identify(.) by extension 'python_setup_py'
[3.189s] Level 1:colcon.colcon_core.package_identification:_identify(build) by extensions ['ignore', 'ignore_ament_install']
[3.190s] Level 1:colcon.colcon_core.package_identification:_identify(build) by extension 'ignore'
[3.190s] Level 1:colcon.colcon_core.package_identification:_identify(build) ignored
[3.191s] Level 1:colcon.colcon_core.package_identification:_identify(install) by extensions ['ignore', 'ignore_ament_install']
[3.191s] Level 1:colcon.colcon_core.package_identification:_identify(install) by extension 'ignore'
[3.192s] Level 1:colcon.colcon_core.package_identification:_identify(install) ignored
[3.193s] Level 1:colcon.colcon_core.package_identification:_identify(log) by extensions ['ignore', 'ignore_ament_install']
[3.193s] Level 1:colcon.colcon_core.package_identification:_identify(log) by extension 'ignore'
[3.193s] Level 1:colcon.colcon_core.package_identification:_identify(log) ignored
[3.194s] Level 1:colcon.colcon_core.package_identification:_identify(src) by extensions ['ignore', 'ignore_ament_install']
[3.195s] Level 1:colcon.colcon_core.package_identification:_identify(src) by extension 'ignore'
[3.195s] Level 1:colcon.colcon_core.package_identification:_identify(src) by extension 'ignore_ament_install'
[3.196s] Level 1:colcon.colcon_core.package_identification:_identify(src) by extensions ['colcon_pkg']
[3.196s] Level 1:colcon.colcon_core.package_identification:_identify(src) by extension 'colcon_pkg'
[3.196s] Level 1:colcon.colcon_core.package_identification:_identify(src) by extensions ['colcon_meta']
[3.196s] Level 1:colcon.colcon_core.package_identification:_identify(src) by extension 'colcon_meta'
[3.197s] Level 1:colcon.colcon_core.package_identification:_identify(src) by extensions ['ros']
[3.197s] Level 1:colcon.colcon_core.package_identification:_identify(src) by extension 'ros'
[3.198s] Level 1:colcon.colcon_core.package_identification:_identify(src) by extensions ['cmake', 'python']
[3.198s] Level 1:colcon.colcon_core.package_identification:_identify(src) by extension 'cmake'
[3.198s] Level 1:colcon.colcon_core.package_identification:_identify(src) by extension 'python'
[3.199s] Level 1:colcon.colcon_core.package_identification:_identify(src) by extensions ['python_setup_py']
[3.199s] Level 1:colcon.colcon_core.package_identification:_identify(src) by extension 'python_setup_py'
[3.200s] Level 1:colcon.colcon_core.package_identification:_identify(src/diane_encoder) by extensions ['ignore', 'ignore_ament_install']
[3.201s] Level 1:colcon.colcon_core.package_identification:_identify(src/diane_encoder) by extension 'ignore'
[3.201s] Level 1:colcon.colcon_core.package_identification:_identify(src/diane_encoder) by extension 'ignore_ament_install'
[3.202s] Level 1:colcon.colcon_core.package_identification:_identify(src/diane_encoder) by extensions ['colcon_pkg']
[3.202s] Level 1:colcon.colcon_core.package_identification:_identify(src/diane_encoder) by extension 'colcon_pkg'
[3.202s] Level 1:colcon.colcon_core.package_identification:_identify(src/diane_encoder) by extensions ['colcon_meta']
[3.202s] Level 1:colcon.colcon_core.package_identification:_identify(src/diane_encoder) by extension 'colcon_meta'
[3.203s] Level 1:colcon.colcon_core.package_identification:_identify(src/diane_encoder) by extensions ['ros']
[3.203s] Level 1:colcon.colcon_core.package_identification:_identify(src/diane_encoder) by extension 'ros'
[3.220s] DEBUG:colcon.colcon_core.package_identification:Package 'src/diane_encoder' with type 'ros.ament_python' and name 'diane_encoder'
[3.221s] Level 1:colcon.colcon_core.package_identification:_identify(src/point_cloud_transport_plugins-humble) by extensions ['ignore', 'ignore_ament_install']
[3.222s] Level 1:colcon.colcon_core.package_identification:_identify(src/point_cloud_transport_plugins-humble) by extension 'ignore'
[3.223s] Level 1:colcon.colcon_core.package_identification:_identify(src/point_cloud_transport_plugins-humble) by extension 'ignore_ament_install'
[3.223s] Level 1:colcon.colcon_core.package_identification:_identify(src/point_cloud_transport_plugins-humble) by extensions ['colcon_pkg']
[3.223s] Level 1:colcon.colcon_core.package_identification:_identify(src/point_cloud_transport_plugins-humble) by extension 'colcon_pkg'
[3.224s] Level 1:colcon.colcon_core.package_identification:_identify(src/point_cloud_transport_plugins-humble) by extensions ['colcon_meta']
[3.224s] Level 1:colcon.colcon_core.package_identification:_identify(src/point_cloud_transport_plugins-humble) by extension 'colcon_meta'
[3.225s] Level 1:colcon.colcon_core.package_identification:_identify(src/point_cloud_transport_plugins-humble) by extensions ['ros']
[3.225s] Level 1:colcon.colcon_core.package_identification:_identify(src/point_cloud_transport_plugins-humble) by extension 'ros'
[3.226s] Level 1:colcon.colcon_core.package_identification:_identify(src/point_cloud_transport_plugins-humble) by extensions ['cmake', 'python']
[3.226s] Level 1:colcon.colcon_core.package_identification:_identify(src/point_cloud_transport_plugins-humble) by extension 'cmake'
[3.226s] Level 1:colcon.colcon_core.package_identification:_identify(src/point_cloud_transport_plugins-humble) by extension 'python'
[3.227s] Level 1:colcon.colcon_core.package_identification:_identify(src/point_cloud_transport_plugins-humble) by extensions ['python_setup_py']
[3.227s] Level 1:colcon.colcon_core.package_identification:_identify(src/point_cloud_transport_plugins-humble) by extension 'python_setup_py'
[3.228s] Level 1:colcon.colcon_core.package_identification:_identify(src/point_cloud_transport_plugins-humble/diane_point_cloud_transport) by extensions ['ignore', 'ignore_ament_install']
[3.229s] Level 1:colcon.colcon_core.package_identification:_identify(src/point_cloud_transport_plugins-humble/diane_point_cloud_transport) by extension 'ignore'
[3.229s] Level 1:colcon.colcon_core.package_identification:_identify(src/point_cloud_transport_plugins-humble/diane_point_cloud_transport) by extension 'ignore_ament_install'
[3.230s] Level 1:colcon.colcon_core.package_identification:_identify(src/point_cloud_transport_plugins-humble/diane_point_cloud_transport) by extensions ['colcon_pkg']
[3.230s] Level 1:colcon.colcon_core.package_identification:_identify(src/point_cloud_transport_plugins-humble/diane_point_cloud_transport) by extension 'colcon_pkg'
[3.230s] Level 1:colcon.colcon_core.package_identification:_identify(src/point_cloud_transport_plugins-humble/diane_point_cloud_transport) by extensions ['colcon_meta']
[3.230s] Level 1:colcon.colcon_core.package_identification:_identify(src/point_cloud_transport_plugins-humble/diane_point_cloud_transport) by extension 'colcon_meta'
[3.231s] Level 1:colcon.colcon_core.package_identification:_identify(src/point_cloud_transport_plugins-humble/diane_point_cloud_transport) by extensions ['ros']
[3.231s] Level 1:colcon.colcon_core.package_identification:_identify(src/point_cloud_transport_plugins-humble/diane_point_cloud_transport) by extension 'ros'
[3.240s] DEBUG:colcon.colcon_core.package_identification:Package 'src/point_cloud_transport_plugins-humble/diane_point_cloud_transport' with type 'ros.ament_cmake' and name 'diane_point_cloud_transport'
[3.242s] Level 1:colcon.colcon_core.package_identification:_identify(src/point_cloud_transport_plugins-humble/draco_point_cloud_transport) by extensions ['ignore', 'ignore_ament_install']
[3.243s] Level 1:colcon.colcon_core.package_identification:_identify(src/point_cloud_transport_plugins-humble/draco_point_cloud_transport) by extension 'ignore'
[3.243s] Level 1:colcon.colcon_core.package_identification:_identify(src/point_cloud_transport_plugins-humble/draco_point_cloud_transport) ignored
[3.245s] Level 1:colcon.colcon_core.package_identification:_identify(src/point_cloud_transport_plugins-humble/point_cloud_interfaces) by extensions ['ignore', 'ignore_ament_install']
[3.245s] Level 1:colcon.colcon_core.package_identification:_identify(src/point_cloud_transport_plugins-humble/point_cloud_interfaces) by extension 'ignore'
[3.246s] Level 1:colcon.colcon_core.package_identification:_identify(src/point_cloud_transport_plugins-humble/point_cloud_interfaces) by extension 'ignore_ament_install'
[3.246s] Level 1:colcon.colcon_core.package_identification:_identify(src/point_cloud_transport_plugins-humble/point_cloud_interfaces) by extensions ['colcon_pkg']
[3.246s] Level 1:colcon.colcon_core.package_identification:_identify(src/point_cloud_transport_plugins-humble/point_cloud_interfaces) by extension 'colcon_pkg'
[3.246s] Level 1:colcon.colcon_core.package_identification:_identify(src/point_cloud_transport_plugins-humble/point_cloud_interfaces) by extensions ['colcon_meta']
[3.247s] Level 1:colcon.colcon_core.package_identification:_identify(src/point_cloud_transport_plugins-humble/point_cloud_interfaces) by extension 'colcon_meta'
[3.247s] Level 1:colcon.colcon_core.package_identification:_identify(src/point_cloud_transport_plugins-humble/point_cloud_interfaces) by extensions ['ros']
[3.247s] Level 1:colcon.colcon_core.package_identification:_identify(src/point_cloud_transport_plugins-humble/point_cloud_interfaces) by extension 'ros'
[3.253s] DEBUG:colcon.colcon_core.package_identification:Package 'src/point_cloud_transport_plugins-humble/point_cloud_interfaces' with type 'ros.ament_cmake' and name 'point_cloud_interfaces'
[3.255s] Level 1:colcon.colcon_core.package_identification:_identify(src/point_cloud_transport_plugins-humble/point_cloud_transport_plugins) by extensions ['ignore', 'ignore_ament_install']
[3.256s] Level 1:colcon.colcon_core.package_identification:_identify(src/point_cloud_transport_plugins-humble/point_cloud_transport_plugins) by extension 'ignore'
[3.256s] Level 1:colcon.colcon_core.package_identification:_identify(src/point_cloud_transport_plugins-humble/point_cloud_transport_plugins) by extension 'ignore_ament_install'
[3.257s] Level 1:colcon.colcon_core.package_identification:_identify(src/point_cloud_transport_plugins-humble/point_cloud_transport_plugins) by extensions ['colcon_pkg']
[3.257s] Level 1:colcon.colcon_core.package_identification:_identify(src/point_cloud_transport_plugins-humble/point_cloud_transport_plugins) by extension 'colcon_pkg'
[3.257s] Level 1:colcon.colcon_core.package_identification:_identify(src/point_cloud_transport_plugins-humble/point_cloud_transport_plugins) by extensions ['colcon_meta']
[3.257s] Level 1:colcon.colcon_core.package_identification:_identify(src/point_cloud_transport_plugins-humble/point_cloud_transport_plugins) by extension 'colcon_meta'
[3.258s] Level 1:colcon.colcon_core.package_identification:_identify(src/point_cloud_transport_plugins-humble/point_cloud_transport_plugins) by extensions ['ros']
[3.258s] Level 1:colcon.colcon_core.package_identification:_identify(src/point_cloud_transport_plugins-humble/point_cloud_transport_plugins) by extension 'ros'
[3.262s] DEBUG:colcon.colcon_core.package_identification:Package 'src/point_cloud_transport_plugins-humble/point_cloud_transport_plugins' with type 'ros.ament_cmake' and name 'point_cloud_transport_plugins'
[3.264s] Level 1:colcon.colcon_core.package_identification:_identify(src/point_cloud_transport_plugins-humble/zlib_point_cloud_transport) by extensions ['ignore', 'ignore_ament_install']
[3.264s] Level 1:colcon.colcon_core.package_identification:_identify(src/point_cloud_transport_plugins-humble/zlib_point_cloud_transport) by extension 'ignore'
[3.265s] Level 1:colcon.colcon_core.package_identification:_identify(src/point_cloud_transport_plugins-humble/zlib_point_cloud_transport) ignored
[3.266s] Level 1:colcon.colcon_core.package_identification:_identify(src/point_cloud_transport_plugins-humble/zstd_point_cloud_transport) by extensions ['ignore', 'ignore_ament_install']
[3.267s] Level 1:colcon.colcon_core.package_identification:_identify(src/point_cloud_transport_plugins-humble/zstd_point_cloud_transport) by extension 'ignore'
[3.267s] Level 1:colcon.colcon_core.package_identification:_identify(src/point_cloud_transport_plugins-humble/zstd_point_cloud_transport) ignored
[3.269s] Level 1:colcon.colcon_core.package_identification:_identify(src/zed_pointcloud_publisher) by extensions ['ignore', 'ignore_ament_install']
[3.269s] Level 1:colcon.colcon_core.package_identification:_identify(src/zed_pointcloud_publisher) by extension 'ignore'
[3.270s] Level 1:colcon.colcon_core.package_identification:_identify(src/zed_pointcloud_publisher) by extension 'ignore_ament_install'
[3.270s] Level 1:colcon.colcon_core.package_identification:_identify(src/zed_pointcloud_publisher) by extensions ['colcon_pkg']
[3.270s] Level 1:colcon.colcon_core.package_identification:_identify(src/zed_pointcloud_publisher) by extension 'colcon_pkg'
[3.271s] Level 1:colcon.colcon_core.package_identification:_identify(src/zed_pointcloud_publisher) by extensions ['colcon_meta']
[3.271s] Level 1:colcon.colcon_core.package_identification:_identify(src/zed_pointcloud_publisher) by extension 'colcon_meta'
[3.271s] Level 1:colcon.colcon_core.package_identification:_identify(src/zed_pointcloud_publisher) by extensions ['ros']
[3.271s] Level 1:colcon.colcon_core.package_identification:_identify(src/zed_pointcloud_publisher) by extension 'ros'
[3.276s] DEBUG:colcon.colcon_core.package_identification:Package 'src/zed_pointcloud_publisher' with type 'ros.ament_python' and name 'zed_pointcloud_publisher'
[3.277s] Level 1:colcon.colcon_core.package_discovery:discover_packages(recursive) using defaults
[3.277s] Level 1:colcon.colcon_core.package_discovery:discover_packages(ignore) discover
[3.277s] Level 1:colcon.colcon_core.package_discovery:discover_packages(ignore) using defaults
[3.278s] Level 1:colcon.colcon_core.package_discovery:discover_packages(path) discover
[3.278s] Level 1:colcon.colcon_core.package_discovery:discover_packages(path) using defaults
[3.463s] Level 5:colcon.colcon_core.verb:set package 'diane_encoder' build argument 'cmake_args' from command line to 'None'
[3.464s] Level 5:colcon.colcon_core.verb:set package 'diane_encoder' build argument 'cmake_target' from command line to 'None'
[3.464s] Level 5:colcon.colcon_core.verb:set package 'diane_encoder' build argument 'cmake_target_skip_unavailable' from command line to 'False'
[3.464s] Level 5:colcon.colcon_core.verb:set package 'diane_encoder' build argument 'cmake_clean_cache' from command line to 'False'
[3.465s] Level 5:colcon.colcon_core.verb:set package 'diane_encoder' build argument 'cmake_clean_first' from command line to 'False'
[3.465s] Level 5:colcon.colcon_core.verb:set package 'diane_encoder' build argument 'cmake_force_configure' from command line to 'False'
[3.465s] Level 5:colcon.colcon_core.verb:set package 'diane_encoder' build argument 'ament_cmake_args' from command line to 'None'
[3.465s] Level 5:colcon.colcon_core.verb:set package 'diane_encoder' build argument 'catkin_cmake_args' from command line to 'None'
[3.465s] Level 5:colcon.colcon_core.verb:set package 'diane_encoder' build argument 'catkin_skip_building_tests' from command line to 'False'
[3.466s] DEBUG:colcon.colcon_core.verb:Building package 'diane_encoder' with the following arguments: {'ament_cmake_args': None, 'build_base': '/root/ros2_ws/build/diane_encoder', 'catkin_cmake_args': None, 'catkin_skip_building_tests': False, 'cmake_args': None, 'cmake_clean_cache': False, 'cmake_clean_first': False, 'cmake_force_configure': False, 'cmake_target': None, 'cmake_target_skip_unavailable': False, 'install_base': '/root/ros2_ws/install', 'merge_install': True, 'path': '/root/ros2_ws/src/diane_encoder', 'symlink_install': False, 'test_result_base': None}
[3.468s] Level 5:colcon.colcon_core.verb:set package 'point_cloud_interfaces' build argument 'cmake_args' from command line to 'None'
[3.468s] Level 5:colcon.colcon_core.verb:set package 'point_cloud_interfaces' build argument 'cmake_target' from command line to 'None'
[3.469s] Level 5:colcon.colcon_core.verb:set package 'point_cloud_interfaces' build argument 'cmake_target_skip_unavailable' from command line to 'False'
[3.469s] Level 5:colcon.colcon_core.verb:set package 'point_cloud_interfaces' build argument 'cmake_clean_cache' from command line to 'False'
[3.469s] Level 5:colcon.colcon_core.verb:set package 'point_cloud_interfaces' build argument 'cmake_clean_first' from command line to 'False'
[3.469s] Level 5:colcon.colcon_core.verb:set package 'point_cloud_interfaces' build argument 'cmake_force_configure' from command line to 'False'
[3.469s] Level 5:colcon.colcon_core.verb:set package 'point_cloud_interfaces' build argument 'ament_cmake_args' from command line to 'None'
[3.469s] Level 5:colcon.colcon_core.verb:set package 'point_cloud_interfaces' build argument 'catkin_cmake_args' from command line to 'None'
[3.470s] Level 5:colcon.colcon_core.verb:set package 'point_cloud_interfaces' build argument 'catkin_skip_building_tests' from command line to 'False'
[3.470s] DEBUG:colcon.colcon_core.verb:Building package 'point_cloud_interfaces' with the following arguments: {'ament_cmake_args': None, 'build_base': '/root/ros2_ws/build/point_cloud_interfaces', 'catkin_cmake_args': None, 'catkin_skip_building_tests': False, 'cmake_args': None, 'cmake_clean_cache': False, 'cmake_clean_first': False, 'cmake_force_configure': False, 'cmake_target': None, 'cmake_target_skip_unavailable': False, 'install_base': '/root/ros2_ws/install', 'merge_install': True, 'path': '/root/ros2_ws/src/point_cloud_transport_plugins-humble/point_cloud_interfaces', 'symlink_install': False, 'test_result_base': None}
[3.472s] Level 5:colcon.colcon_core.verb:set package 'zed_pointcloud_publisher' build argument 'cmake_args' from command line to 'None'
[3.473s] Level 5:colcon.colcon_core.verb:set package 'zed_pointcloud_publisher' build argument 'cmake_target' from command line to 'None'
[3.473s] Level 5:colcon.colcon_core.verb:set package 'zed_pointcloud_publisher' build argument 'cmake_target_skip_unavailable' from command line to 'False'
[3.473s] Level 5:colcon.colcon_core.verb:set package 'zed_pointcloud_publisher' build argument 'cmake_clean_cache' from command line to 'False'
[3.473s] Level 5:colcon.colcon_core.verb:set package 'zed_pointcloud_publisher' build argument 'cmake_clean_first' from command line to 'False'
[3.474s] Level 5:colcon.colcon_core.verb:set package 'zed_pointcloud_publisher' build argument 'cmake_force_configure' from command line to 'False'
[3.474s] Level 5:colcon.colcon_core.verb:set package 'zed_pointcloud_publisher' build argument 'ament_cmake_args' from command line to 'None'
[3.474s] Level 5:colcon.colcon_core.verb:set package 'zed_pointcloud_publisher' build argument 'catkin_cmake_args' from command line to 'None'
[3.474s] Level 5:colcon.colcon_core.verb:set package 'zed_pointcloud_publisher' build argument 'catkin_skip_building_tests' from command line to 'False'
[3.474s] DEBUG:colcon.colcon_core.verb:Building package 'zed_pointcloud_publisher' with the following arguments: {'ament_cmake_args': None, 'build_base': '/root/ros2_ws/build/zed_pointcloud_publisher', 'catkin_cmake_args': None, 'catkin_skip_building_tests': False, 'cmake_args': None, 'cmake_clean_cache': False, 'cmake_clean_first': False, 'cmake_force_configure': False, 'cmake_target': None, 'cmake_target_skip_unavailable': False, 'install_base': '/root/ros2_ws/install', 'merge_install': True, 'path': '/root/ros2_ws/src/zed_pointcloud_publisher', 'symlink_install': False, 'test_result_base': None}
[3.477s] Level 5:colcon.colcon_core.verb:set package 'diane_point_cloud_transport' build argument 'cmake_args' from command line to 'None'
[3.477s] Level 5:colcon.colcon_core.verb:set package 'diane_point_cloud_transport' build argument 'cmake_target' from command line to 'None'
[3.477s] Level 5:colcon.colcon_core.verb:set package 'diane_point_cloud_transport' build argument 'cmake_target_skip_unavailable' from command line to 'False'
[3.477s] Level 5:colcon.colcon_core.verb:set package 'diane_point_cloud_transport' build argument 'cmake_clean_cache' from command line to 'False'
[3.477s] Level 5:colcon.colcon_core.verb:set package 'diane_point_cloud_transport' build argument 'cmake_clean_first' from command line to 'False'
[3.478s] Level 5:colcon.colcon_core.verb:set package 'diane_point_cloud_transport' build argument 'cmake_force_configure' from command line to 'False'
[3.478s] Level 5:colcon.colcon_core.verb:set package 'diane_point_cloud_transport' build argument 'ament_cmake_args' from command line to 'None'
[3.478s] Level 5:colcon.colcon_core.verb:set package 'diane_point_cloud_transport' build argument 'catkin_cmake_args' from command line to 'None'
[3.478s] Level 5:colcon.colcon_core.verb:set package 'diane_point_cloud_transport' build argument 'catkin_skip_building_tests' from command line to 'False'
[3.478s] DEBUG:colcon.colcon_core.verb:Building package 'diane_point_cloud_transport' with the following arguments: {'ament_cmake_args': None, 'build_base': '/root/ros2_ws/build/diane_point_cloud_transport', 'catkin_cmake_args': None, 'catkin_skip_building_tests': False, 'cmake_args': None, 'cmake_clean_cache': False, 'cmake_clean_first': False, 'cmake_force_configure': False, 'cmake_target': None, 'cmake_target_skip_unavailable': False, 'install_base': '/root/ros2_ws/install', 'merge_install': True, 'path': '/root/ros2_ws/src/point_cloud_transport_plugins-humble/diane_point_cloud_transport', 'symlink_install': False, 'test_result_base': None}
[3.481s] Level 5:colcon.colcon_core.verb:set package 'point_cloud_transport_plugins' build argument 'cmake_args' from command line to 'None'
[3.481s] Level 5:colcon.colcon_core.verb:set package 'point_cloud_transport_plugins' build argument 'cmake_target' from command line to 'None'
[3.481s] Level 5:colcon.colcon_core.verb:set package 'point_cloud_transport_plugins' build argument 'cmake_target_skip_unavailable' from command line to 'False'
[3.481s] Level 5:colcon.colcon_core.verb:set package 'point_cloud_transport_plugins' build argument 'cmake_clean_cache' from command line to 'False'
[3.481s] Level 5:colcon.colcon_core.verb:set package 'point_cloud_transport_plugins' build argument 'cmake_clean_first' from command line to 'False'
[3.482s] Level 5:colcon.colcon_core.verb:set package 'point_cloud_transport_plugins' build argument 'cmake_force_configure' from command line to 'False'
[3.482s] Level 5:colcon.colcon_core.verb:set package 'point_cloud_transport_plugins' build argument 'ament_cmake_args' from command line to 'None'
[3.482s] Level 5:colcon.colcon_core.verb:set package 'point_cloud_transport_plugins' build argument 'catkin_cmake_args' from command line to 'None'
[3.482s] Level 5:colcon.colcon_core.verb:set package 'point_cloud_transport_plugins' build argument 'catkin_skip_building_tests' from command line to 'False'
[3.482s] DEBUG:colcon.colcon_core.verb:Building package 'point_cloud_transport_plugins' with the following arguments: {'ament_cmake_args': None, 'build_base': '/root/ros2_ws/build/point_cloud_transport_plugins', 'catkin_cmake_args': None, 'catkin_skip_building_tests': False, 'cmake_args': None, 'cmake_clean_cache': False, 'cmake_clean_first': False, 'cmake_force_configure': False, 'cmake_target': None, 'cmake_target_skip_unavailable': False, 'install_base': '/root/ros2_ws/install', 'merge_install': True, 'path': '/root/ros2_ws/src/point_cloud_transport_plugins-humble/point_cloud_transport_plugins', 'symlink_install': False, 'test_result_base': None}
[3.483s] INFO:colcon.colcon_core.executor:Executing jobs using 'parallel' executor
[3.489s] DEBUG:colcon.colcon_parallel_executor.executor.parallel:run_until_complete
[3.491s] INFO:colcon.colcon_ros.task.ament_cmake.build:Building ROS package in '/root/ros2_ws/src/point_cloud_transport_plugins-humble/point_cloud_interfaces' with build type 'ament_cmake'
[3.492s] INFO:colcon.colcon_cmake.task.cmake.build:Building CMake package in '/root/ros2_ws/src/point_cloud_transport_plugins-humble/point_cloud_interfaces'
[3.520s] INFO:colcon.colcon_core.plugin_system:Skipping extension 'colcon_core.shell.bat': Not used on non-Windows systems
[3.521s] INFO:colcon.colcon_core.shell:Skip shell extension 'powershell' for command environment: Not usable outside of PowerShell
[3.522s] DEBUG:colcon.colcon_core.shell:Skip shell extension 'dsv' for command environment
[3.583s] INFO:colcon.colcon_ros.task.ament_python.build:Building ROS package in '/root/ros2_ws/src/diane_encoder' with build type 'ament_python'
[3.586s] Level 1:colcon.colcon_core.shell:create_environment_hook('diane_encoder', 'ament_prefix_path')
[3.593s] INFO:colcon.colcon_core.shell:Creating environment hook '/root/ros2_ws/install/share/diane_encoder/hook/ament_prefix_path.ps1'
[3.603s] INFO:colcon.colcon_core.shell:Creating environment descriptor '/root/ros2_ws/install/share/diane_encoder/hook/ament_prefix_path.dsv'
[3.608s] INFO:colcon.colcon_core.shell:Creating environment hook '/root/ros2_ws/install/share/diane_encoder/hook/ament_prefix_path.sh'
[3.615s] INFO:colcon.colcon_core.shell:Skip shell extension 'powershell' for command environment: Not usable outside of PowerShell
[3.616s] DEBUG:colcon.colcon_core.shell:Skip shell extension 'dsv' for command environment
[3.655s] INFO:colcon.colcon_ros.task.ament_python.build:Building ROS package in '/root/ros2_ws/src/zed_pointcloud_publisher' with build type 'ament_python'
[3.659s] Level 1:colcon.colcon_core.shell:create_environment_hook('zed_pointcloud_publisher', 'ament_prefix_path')
[3.668s] INFO:colcon.colcon_core.shell:Creating environment hook '/root/ros2_ws/install/share/zed_pointcloud_publisher/hook/ament_prefix_path.ps1'
[3.676s] INFO:colcon.colcon_core.shell:Creating environment descriptor '/root/ros2_ws/install/share/zed_pointcloud_publisher/hook/ament_prefix_path.dsv'
[3.681s] INFO:colcon.colcon_core.shell:Creating environment hook '/root/ros2_ws/install/share/zed_pointcloud_publisher/hook/ament_prefix_path.sh'
[3.686s] INFO:colcon.colcon_core.shell:Skip shell extension 'powershell' for command environment: Not usable outside of PowerShell
[3.687s] DEBUG:colcon.colcon_core.shell:Skip shell extension 'dsv' for command environment
[3.766s] DEBUG:colcon.colcon_core.event_handler.log_command:Invoking command in '/root/ros2_ws/build/point_cloud_interfaces': CMAKE_PREFIX_PATH=${CMAKE_PREFIX_PATH}:/opt/ros/humble /usr/bin/cmake --build /root/ros2_ws/build/point_cloud_interfaces -- -j6 -l6
[5.492s] INFO:colcon.colcon_core.task.python.build:Building Python package in '/root/ros2_ws/src/diane_encoder'
[5.497s] INFO:colcon.colcon_core.shell:Skip shell extension 'powershell' for command environment: Not usable outside of PowerShell
[5.497s] DEBUG:colcon.colcon_core.shell:Skip shell extension 'dsv' for command environment
[7.479s] INFO:colcon.colcon_core.task.python.build:Building Python package in '/root/ros2_ws/src/zed_pointcloud_publisher'
[7.484s] INFO:colcon.colcon_core.shell:Skip shell extension 'powershell' for command environment: Not usable outside of PowerShell
[7.485s] DEBUG:colcon.colcon_core.shell:Skip shell extension 'dsv' for command environment
[7.597s] DEBUG:colcon.colcon_core.event_handler.log_command:Invoked command in '/root/ros2_ws/build/point_cloud_interfaces' returned '0': CMAKE_PREFIX_PATH=${CMAKE_PREFIX_PATH}:/opt/ros/humble /usr/bin/cmake --build /root/ros2_ws/build/point_cloud_interfaces -- -j6 -l6
[7.659s] DEBUG:colcon.colcon_core.event_handler.log_command:Invoking command in '/root/ros2_ws/build/point_cloud_interfaces': CMAKE_PREFIX_PATH=${CMAKE_PREFIX_PATH}:/opt/ros/humble /usr/bin/cmake --install /root/ros2_ws/build/point_cloud_interfaces
[8.406s] Level 1:colcon.colcon_core.environment:create_environment_scripts_only(point_cloud_interfaces)
[8.410s] DEBUG:colcon.colcon_core.event_handler.log_command:Invoked command in '/root/ros2_ws/build/point_cloud_interfaces' returned '0': CMAKE_PREFIX_PATH=${CMAKE_PREFIX_PATH}:/opt/ros/humble /usr/bin/cmake --install /root/ros2_ws/build/point_cloud_interfaces
[8.441s] Level 1:colcon.colcon_core.environment:checking '/root/ros2_ws/install' for CMake module files
[8.453s] Level 1:colcon.colcon_core.environment:checking '/root/ros2_ws/install' for CMake config files
[8.458s] Level 1:colcon.colcon_core.shell:create_environment_hook('point_cloud_interfaces', 'cmake_prefix_path')
[8.461s] INFO:colcon.colcon_core.shell:Creating environment hook '/root/ros2_ws/install/share/point_cloud_interfaces/hook/cmake_prefix_path.ps1'
[8.469s] INFO:colcon.colcon_core.shell:Creating environment descriptor '/root/ros2_ws/install/share/point_cloud_interfaces/hook/cmake_prefix_path.dsv'
[8.472s] INFO:colcon.colcon_core.shell:Creating environment hook '/root/ros2_ws/install/share/point_cloud_interfaces/hook/cmake_prefix_path.sh'
[8.481s] Level 1:colcon.colcon_core.environment:checking '/root/ros2_ws/install/lib'
[8.483s] Level 1:colcon.colcon_core.shell:create_environment_hook('point_cloud_interfaces', 'ld_library_path_lib')
[8.485s] INFO:colcon.colcon_core.shell:Creating environment hook '/root/ros2_ws/install/share/point_cloud_interfaces/hook/ld_library_path_lib.ps1'
[8.488s] INFO:colcon.colcon_core.shell:Creating environment descriptor '/root/ros2_ws/install/share/point_cloud_interfaces/hook/ld_library_path_lib.dsv'
[8.491s] INFO:colcon.colcon_core.shell:Creating environment hook '/root/ros2_ws/install/share/point_cloud_interfaces/hook/ld_library_path_lib.sh'
[8.495s] Level 1:colcon.colcon_core.environment:checking '/root/ros2_ws/install/bin'
[8.495s] Level 1:colcon.colcon_core.environment:checking '/root/ros2_ws/install/lib/pkgconfig/point_cloud_interfaces.pc'
[8.497s] Level 1:colcon.colcon_core.environment:checking '/root/ros2_ws/install/lib/python3.8/site-packages'
[8.497s] Level 1:colcon.colcon_core.shell:create_environment_hook('point_cloud_interfaces', 'pythonpath')
[8.499s] INFO:colcon.colcon_core.shell:Creating environment hook '/root/ros2_ws/install/share/point_cloud_interfaces/hook/pythonpath.ps1'
[8.501s] INFO:colcon.colcon_core.shell:Creating environment descriptor '/root/ros2_ws/install/share/point_cloud_interfaces/hook/pythonpath.dsv'
[8.504s] INFO:colcon.colcon_core.shell:Creating environment hook '/root/ros2_ws/install/share/point_cloud_interfaces/hook/pythonpath.sh'
[8.507s] Level 1:colcon.colcon_core.environment:checking '/root/ros2_ws/install/bin'
[8.510s] INFO:colcon.colcon_core.shell:Creating package script '/root/ros2_ws/install/share/point_cloud_interfaces/package.ps1'
[8.518s] INFO:colcon.colcon_core.shell:Creating package descriptor '/root/ros2_ws/install/share/point_cloud_interfaces/package.dsv'
[8.522s] INFO:colcon.colcon_core.shell:Creating package script '/root/ros2_ws/install/share/point_cloud_interfaces/package.sh'
[8.530s] INFO:colcon.colcon_core.shell:Creating package script '/root/ros2_ws/install/share/point_cloud_interfaces/package.bash'
[8.535s] INFO:colcon.colcon_core.shell:Creating package script '/root/ros2_ws/install/share/point_cloud_interfaces/package.zsh'
[8.541s] Level 1:colcon.colcon_core.environment:create_file_with_runtime_dependencies(/root/ros2_ws/install/share/colcon-core/packages/point_cloud_interfaces)
[8.546s] Level 1:colcon.colcon_core.environment:create_environment_scripts_only(point_cloud_interfaces)
[8.548s] Level 1:colcon.colcon_core.environment:checking '/root/ros2_ws/install' for CMake module files
[8.553s] Level 1:colcon.colcon_core.environment:checking '/root/ros2_ws/install' for CMake config files
[8.554s] Level 1:colcon.colcon_core.shell:create_environment_hook('point_cloud_interfaces', 'cmake_prefix_path')
[8.557s] INFO:colcon.colcon_core.shell:Creating environment hook '/root/ros2_ws/install/share/point_cloud_interfaces/hook/cmake_prefix_path.ps1'
[8.560s] INFO:colcon.colcon_core.shell:Creating environment descriptor '/root/ros2_ws/install/share/point_cloud_interfaces/hook/cmake_prefix_path.dsv'
[8.562s] INFO:colcon.colcon_core.shell:Creating environment hook '/root/ros2_ws/install/share/point_cloud_interfaces/hook/cmake_prefix_path.sh'
[8.566s] Level 1:colcon.colcon_core.environment:checking '/root/ros2_ws/install/lib'
[8.566s] Level 1:colcon.colcon_core.shell:create_environment_hook('point_cloud_interfaces', 'ld_library_path_lib')
[8.568s] INFO:colcon.colcon_core.shell:Creating environment hook '/root/ros2_ws/install/share/point_cloud_interfaces/hook/ld_library_path_lib.ps1'
[8.570s] INFO:colcon.colcon_core.shell:Creating environment descriptor '/root/ros2_ws/install/share/point_cloud_interfaces/hook/ld_library_path_lib.dsv'
[8.572s] INFO:colcon.colcon_core.shell:Creating environment hook '/root/ros2_ws/install/share/point_cloud_interfaces/hook/ld_library_path_lib.sh'
[8.575s] Level 1:colcon.colcon_core.environment:checking '/root/ros2_ws/install/bin'
[8.575s] Level 1:colcon.colcon_core.environment:checking '/root/ros2_ws/install/lib/pkgconfig/point_cloud_interfaces.pc'
[8.577s] Level 1:colcon.colcon_core.environment:checking '/root/ros2_ws/install/lib/python3.8/site-packages'
[8.577s] Level 1:colcon.colcon_core.shell:create_environment_hook('point_cloud_interfaces', 'pythonpath')
[8.578s] INFO:colcon.colcon_core.shell:Creating environment hook '/root/ros2_ws/install/share/point_cloud_interfaces/hook/pythonpath.ps1'
[8.581s] INFO:colcon.colcon_core.shell:Creating environment descriptor '/root/ros2_ws/install/share/point_cloud_interfaces/hook/pythonpath.dsv'
[8.583s] INFO:colcon.colcon_core.shell:Creating environment hook '/root/ros2_ws/install/share/point_cloud_interfaces/hook/pythonpath.sh'
[8.586s] Level 1:colcon.colcon_core.environment:checking '/root/ros2_ws/install/bin'
[8.588s] INFO:colcon.colcon_core.shell:Creating package script '/root/ros2_ws/install/share/point_cloud_interfaces/package.ps1'
[8.592s] INFO:colcon.colcon_core.shell:Creating package descriptor '/root/ros2_ws/install/share/point_cloud_interfaces/package.dsv'
[8.595s] INFO:colcon.colcon_core.shell:Creating package script '/root/ros2_ws/install/share/point_cloud_interfaces/package.sh'
[8.599s] INFO:colcon.colcon_core.shell:Creating package script '/root/ros2_ws/install/share/point_cloud_interfaces/package.bash'
[8.602s] INFO:colcon.colcon_core.shell:Creating package script '/root/ros2_ws/install/share/point_cloud_interfaces/package.zsh'
[8.604s] Level 1:colcon.colcon_core.environment:create_file_with_runtime_dependencies(/root/ros2_ws/install/share/colcon-core/packages/point_cloud_interfaces)
[8.609s] INFO:colcon.colcon_ros.task.ament_cmake.build:Building ROS package in '/root/ros2_ws/src/point_cloud_transport_plugins-humble/diane_point_cloud_transport' with build type 'ament_cmake'
[8.610s] INFO:colcon.colcon_cmake.task.cmake.build:Building CMake package in '/root/ros2_ws/src/point_cloud_transport_plugins-humble/diane_point_cloud_transport'
[8.611s] INFO:colcon.colcon_core.shell:Skip shell extension 'powershell' for command environment: Not usable outside of PowerShell
[8.612s] DEBUG:colcon.colcon_core.shell:Skip shell extension 'dsv' for command environment
[8.748s] DEBUG:colcon.colcon_core.event_handler.log_command:Invoking command in '/root/ros2_ws/build/diane_point_cloud_transport': CMAKE_PREFIX_PATH=${CMAKE_PREFIX_PATH}:/opt/ros/humble LD_LIBRARY_PATH=/root/ros2_ws/install/lib:/usr/local/lib/python3.8/dist-packages/torch/lib:/usr/local/cuda/lib64:/usr/local/lib/python3.8/dist-packages/torch/lib:/opt/ros/humble/opt/rviz_ogre_vendor/lib:/opt/ros/humble/lib/aarch64-linux-gnu:/opt/ros/humble/lib:/usr/local/cuda/lib64 PYTHONPATH=/root/ros2_ws/install/lib/python3.8/site-packages:/root/ros2_ws/install/lib/python3.9/site-packages:/opt/ros/humble/lib/python3.8/site-packages /usr/bin/cmake --build /root/ros2_ws/build/diane_point_cloud_transport -- -j6 -l6
[10.723s] DEBUG:colcon.colcon_core.event_handler.log_command:Invoking command in '/root/ros2_ws/src/diane_encoder': PYTHONPATH=/root/ros2_ws/build/diane_encoder/prefix_override:/usr/lib/python3/dist-packages/colcon_core/task/python/colcon_distutils_commands:/root/ros2_ws/install/lib/python3.8/site-packages:${PYTHONPATH} /usr/bin/python3 -W ignore:setup.py install is deprecated -W ignore:easy_install command is deprecated setup.py egg_info --egg-base ../../build/diane_encoder build --build-base /root/ros2_ws/build/diane_encoder/build install --record /root/ros2_ws/build/diane_encoder/install.log --single-version-externally-managed install_data
[11.249s] DEBUG:colcon.colcon_core.event_handler.log_command:Invoking command in '/root/ros2_ws/src/zed_pointcloud_publisher': PYTHONPATH=/root/ros2_ws/build/zed_pointcloud_publisher/prefix_override:/usr/lib/python3/dist-packages/colcon_core/task/python/colcon_distutils_commands:/root/ros2_ws/install/lib/python3.8/site-packages:${PYTHONPATH} /usr/bin/python3 -W ignore:setup.py install is deprecated -W ignore:easy_install command is deprecated setup.py egg_info --egg-base ../../build/zed_pointcloud_publisher build --build-base /root/ros2_ws/build/zed_pointcloud_publisher/build install --record /root/ros2_ws/build/zed_pointcloud_publisher/install.log --single-version-externally-managed install_data
[13.220s] Level 1:colcon.colcon_core.environment:checking '/root/ros2_ws/install' for CMake module files
[13.224s] DEBUG:colcon.colcon_core.event_handler.log_command:Invoked command in '/root/ros2_ws/src/diane_encoder' returned '0': PYTHONPATH=/root/ros2_ws/build/diane_encoder/prefix_override:/usr/lib/python3/dist-packages/colcon_core/task/python/colcon_distutils_commands:/root/ros2_ws/install/lib/python3.8/site-packages:${PYTHONPATH} /usr/bin/python3 -W ignore:setup.py install is deprecated -W ignore:easy_install command is deprecated setup.py egg_info --egg-base ../../build/diane_encoder build --build-base /root/ros2_ws/build/diane_encoder/build install --record /root/ros2_ws/build/diane_encoder/install.log --single-version-externally-managed install_data
[13.232s] Level 1:colcon.colcon_core.environment:checking '/root/ros2_ws/install' for CMake config files
[13.234s] Level 1:colcon.colcon_core.shell:create_environment_hook('diane_encoder', 'cmake_prefix_path')
[13.237s] INFO:colcon.colcon_core.shell:Creating environment hook '/root/ros2_ws/install/share/diane_encoder/hook/cmake_prefix_path.ps1'
[13.245s] INFO:colcon.colcon_core.shell:Creating environment descriptor '/root/ros2_ws/install/share/diane_encoder/hook/cmake_prefix_path.dsv'
[13.249s] INFO:colcon.colcon_core.shell:Creating environment hook '/root/ros2_ws/install/share/diane_encoder/hook/cmake_prefix_path.sh'
[13.255s] Level 1:colcon.colcon_core.environment:checking '/root/ros2_ws/install/lib'
[13.256s] Level 1:colcon.colcon_core.shell:create_environment_hook('diane_encoder', 'ld_library_path_lib')
[13.260s] INFO:colcon.colcon_core.shell:Creating environment hook '/root/ros2_ws/install/share/diane_encoder/hook/ld_library_path_lib.ps1'
[13.263s] INFO:colcon.colcon_core.shell:Creating environment descriptor '/root/ros2_ws/install/share/diane_encoder/hook/ld_library_path_lib.dsv'
[13.269s] INFO:colcon.colcon_core.shell:Creating environment hook '/root/ros2_ws/install/share/diane_encoder/hook/ld_library_path_lib.sh'
[13.273s] Level 1:colcon.colcon_core.environment:checking '/root/ros2_ws/install/bin'
[13.273s] Level 1:colcon.colcon_core.environment:checking '/root/ros2_ws/install/lib/pkgconfig/diane_encoder.pc'
[13.276s] Level 1:colcon.colcon_core.environment:checking '/root/ros2_ws/install/lib/python3.8/site-packages'
[13.277s] Level 1:colcon.colcon_core.shell:create_environment_hook('diane_encoder', 'pythonpath')
[13.278s] INFO:colcon.colcon_core.shell:Creating environment hook '/root/ros2_ws/install/share/diane_encoder/hook/pythonpath.ps1'
[13.282s] INFO:colcon.colcon_core.shell:Creating environment descriptor '/root/ros2_ws/install/share/diane_encoder/hook/pythonpath.dsv'
[13.285s] INFO:colcon.colcon_core.shell:Creating environment hook '/root/ros2_ws/install/share/diane_encoder/hook/pythonpath.sh'
[13.288s] Level 1:colcon.colcon_core.environment:checking '/root/ros2_ws/install/bin'
[13.289s] Level 1:colcon.colcon_core.environment:create_environment_scripts_only(diane_encoder)
[13.292s] INFO:colcon.colcon_core.shell:Creating package script '/root/ros2_ws/install/share/diane_encoder/package.ps1'
[13.296s] INFO:colcon.colcon_core.shell:Creating package descriptor '/root/ros2_ws/install/share/diane_encoder/package.dsv'
[13.300s] INFO:colcon.colcon_core.shell:Creating package script '/root/ros2_ws/install/share/diane_encoder/package.sh'
[13.303s] INFO:colcon.colcon_core.shell:Creating package script '/root/ros2_ws/install/share/diane_encoder/package.bash'
[13.306s] INFO:colcon.colcon_core.shell:Creating package script '/root/ros2_ws/install/share/diane_encoder/package.zsh'
[13.308s] Level 1:colcon.colcon_core.environment:create_file_with_runtime_dependencies(/root/ros2_ws/install/share/colcon-core/packages/diane_encoder)
[13.318s] Level 1:colcon.colcon_core.environment:checking '/root/ros2_ws/install' for CMake module files
[13.321s] DEBUG:colcon.colcon_core.event_handler.log_command:Invoked command in '/root/ros2_ws/src/zed_pointcloud_publisher' returned '0': PYTHONPATH=/root/ros2_ws/build/zed_pointcloud_publisher/prefix_override:/usr/lib/python3/dist-packages/colcon_core/task/python/colcon_distutils_commands:/root/ros2_ws/install/lib/python3.8/site-packages:${PYTHONPATH} /usr/bin/python3 -W ignore:setup.py install is deprecated -W ignore:easy_install command is deprecated setup.py egg_info --egg-base ../../build/zed_pointcloud_publisher build --build-base /root/ros2_ws/build/zed_pointcloud_publisher/build install --record /root/ros2_ws/build/zed_pointcloud_publisher/install.log --single-version-externally-managed install_data
[13.324s] Level 1:colcon.colcon_core.environment:checking '/root/ros2_ws/install' for CMake config files
[13.326s] Level 1:colcon.colcon_core.shell:create_environment_hook('zed_pointcloud_publisher', 'cmake_prefix_path')
[13.327s] INFO:colcon.colcon_core.shell:Creating environment hook '/root/ros2_ws/install/share/zed_pointcloud_publisher/hook/cmake_prefix_path.ps1'
[13.331s] INFO:colcon.colcon_core.shell:Creating environment descriptor '/root/ros2_ws/install/share/zed_pointcloud_publisher/hook/cmake_prefix_path.dsv'
[13.334s] INFO:colcon.colcon_core.shell:Creating environment hook '/root/ros2_ws/install/share/zed_pointcloud_publisher/hook/cmake_prefix_path.sh'
[13.337s] Level 1:colcon.colcon_core.environment:checking '/root/ros2_ws/install/lib'
[13.338s] Level 1:colcon.colcon_core.shell:create_environment_hook('zed_pointcloud_publisher', 'ld_library_path_lib')
[13.340s] INFO:colcon.colcon_core.shell:Creating environment hook '/root/ros2_ws/install/share/zed_pointcloud_publisher/hook/ld_library_path_lib.ps1'
[13.343s] INFO:colcon.colcon_core.shell:Creating environment descriptor '/root/ros2_ws/install/share/zed_pointcloud_publisher/hook/ld_library_path_lib.dsv'
[13.346s] INFO:colcon.colcon_core.shell:Creating environment hook '/root/ros2_ws/install/share/zed_pointcloud_publisher/hook/ld_library_path_lib.sh'
[13.349s] Level 1:colcon.colcon_core.environment:checking '/root/ros2_ws/install/bin'
[13.349s] Level 1:colcon.colcon_core.environment:checking '/root/ros2_ws/install/lib/pkgconfig/zed_pointcloud_publisher.pc'
[13.350s] Level 1:colcon.colcon_core.environment:checking '/root/ros2_ws/install/lib/python3.8/site-packages'
[13.350s] Level 1:colcon.colcon_core.shell:create_environment_hook('zed_pointcloud_publisher', 'pythonpath')
[13.352s] INFO:colcon.colcon_core.shell:Creating environment hook '/root/ros2_ws/install/share/zed_pointcloud_publisher/hook/pythonpath.ps1'
[13.354s] INFO:colcon.colcon_core.shell:Creating environment descriptor '/root/ros2_ws/install/share/zed_pointcloud_publisher/hook/pythonpath.dsv'
[13.358s] INFO:colcon.colcon_core.shell:Creating environment hook '/root/ros2_ws/install/share/zed_pointcloud_publisher/hook/pythonpath.sh'
[13.362s] Level 1:colcon.colcon_core.environment:checking '/root/ros2_ws/install/bin'
[13.362s] Level 1:colcon.colcon_core.environment:create_environment_scripts_only(zed_pointcloud_publisher)
[13.364s] INFO:colcon.colcon_core.shell:Creating package script '/root/ros2_ws/install/share/zed_pointcloud_publisher/package.ps1'
[13.368s] INFO:colcon.colcon_core.shell:Creating package descriptor '/root/ros2_ws/install/share/zed_pointcloud_publisher/package.dsv'
[13.372s] INFO:colcon.colcon_core.shell:Creating package script '/root/ros2_ws/install/share/zed_pointcloud_publisher/package.sh'
[13.377s] INFO:colcon.colcon_core.shell:Creating package script '/root/ros2_ws/install/share/zed_pointcloud_publisher/package.bash'
[13.380s] INFO:colcon.colcon_core.shell:Creating package script '/root/ros2_ws/install/share/zed_pointcloud_publisher/package.zsh'
[13.382s] Level 1:colcon.colcon_core.environment:create_file_with_runtime_dependencies(/root/ros2_ws/install/share/colcon-core/packages/zed_pointcloud_publisher)
[138.374s] DEBUG:colcon.colcon_core.event_handler.log_command:Invoked command in '/root/ros2_ws/build/diane_point_cloud_transport' returned '2': CMAKE_PREFIX_PATH=${CMAKE_PREFIX_PATH}:/opt/ros/humble LD_LIBRARY_PATH=/root/ros2_ws/install/lib:/usr/local/lib/python3.8/dist-packages/torch/lib:/usr/local/cuda/lib64:/usr/local/lib/python3.8/dist-packages/torch/lib:/opt/ros/humble/opt/rviz_ogre_vendor/lib:/opt/ros/humble/lib/aarch64-linux-gnu:/opt/ros/humble/lib:/usr/local/cuda/lib64 PYTHONPATH=/root/ros2_ws/install/lib/python3.8/site-packages:/root/ros2_ws/install/lib/python3.9/site-packages:/opt/ros/humble/lib/python3.8/site-packages /usr/bin/cmake --build /root/ros2_ws/build/diane_point_cloud_transport -- -j6 -l6
[138.384s] Level 1:colcon.colcon_core.environment:create_environment_scripts_only(diane_point_cloud_transport)
[138.387s] Level 1:colcon.colcon_core.environment:checking '/root/ros2_ws/install' for CMake module files
[138.394s] Level 1:colcon.colcon_core.environment:checking '/root/ros2_ws/install' for CMake config files
[138.397s] Level 1:colcon.colcon_core.shell:create_environment_hook('diane_point_cloud_transport', 'cmake_prefix_path')
[138.399s] INFO:colcon.colcon_core.shell:Creating environment hook '/root/ros2_ws/install/share/diane_point_cloud_transport/hook/cmake_prefix_path.ps1'
[138.409s] INFO:colcon.colcon_core.shell:Creating environment descriptor '/root/ros2_ws/install/share/diane_point_cloud_transport/hook/cmake_prefix_path.dsv'
[138.414s] INFO:colcon.colcon_core.shell:Creating environment hook '/root/ros2_ws/install/share/diane_point_cloud_transport/hook/cmake_prefix_path.sh'
[138.421s] Level 1:colcon.colcon_core.environment:checking '/root/ros2_ws/install/lib'
[138.421s] Level 1:colcon.colcon_core.shell:create_environment_hook('diane_point_cloud_transport', 'ld_library_path_lib')
[138.423s] INFO:colcon.colcon_core.shell:Creating environment hook '/root/ros2_ws/install/share/diane_point_cloud_transport/hook/ld_library_path_lib.ps1'
[138.426s] INFO:colcon.colcon_core.shell:Creating environment descriptor '/root/ros2_ws/install/share/diane_point_cloud_transport/hook/ld_library_path_lib.dsv'
[138.429s] INFO:colcon.colcon_core.shell:Creating environment hook '/root/ros2_ws/install/share/diane_point_cloud_transport/hook/ld_library_path_lib.sh'
[138.432s] Level 1:colcon.colcon_core.environment:checking '/root/ros2_ws/install/bin'
[138.432s] Level 1:colcon.colcon_core.environment:checking '/root/ros2_ws/install/lib/pkgconfig/diane_point_cloud_transport.pc'
[138.435s] Level 1:colcon.colcon_core.environment:checking '/root/ros2_ws/install/lib/python3.8/site-packages'
[138.436s] Level 1:colcon.colcon_core.shell:create_environment_hook('diane_point_cloud_transport', 'pythonpath')
[138.438s] INFO:colcon.colcon_core.shell:Creating environment hook '/root/ros2_ws/install/share/diane_point_cloud_transport/hook/pythonpath.ps1'
[138.441s] INFO:colcon.colcon_core.shell:Creating environment descriptor '/root/ros2_ws/install/share/diane_point_cloud_transport/hook/pythonpath.dsv'
[138.446s] INFO:colcon.colcon_core.shell:Creating environment hook '/root/ros2_ws/install/share/diane_point_cloud_transport/hook/pythonpath.sh'
[138.450s] Level 1:colcon.colcon_core.environment:checking '/root/ros2_ws/install/bin'
[138.453s] INFO:colcon.colcon_core.shell:Creating package script '/root/ros2_ws/install/share/diane_point_cloud_transport/package.ps1'
[138.457s] INFO:colcon.colcon_core.shell:Creating package descriptor '/root/ros2_ws/install/share/diane_point_cloud_transport/package.dsv'
[138.462s] INFO:colcon.colcon_core.shell:Creating package script '/root/ros2_ws/install/share/diane_point_cloud_transport/package.sh'
[138.466s] INFO:colcon.colcon_core.shell:Creating package script '/root/ros2_ws/install/share/diane_point_cloud_transport/package.bash'
[138.471s] INFO:colcon.colcon_core.shell:Creating package script '/root/ros2_ws/install/share/diane_point_cloud_transport/package.zsh'
[138.475s] Level 1:colcon.colcon_core.environment:create_file_with_runtime_dependencies(/root/ros2_ws/install/share/colcon-core/packages/diane_point_cloud_transport)
[138.490s] DEBUG:colcon.colcon_parallel_executor.executor.parallel:closing loop
[138.495s] DEBUG:colcon.colcon_parallel_executor.executor.parallel:loop closed
[138.496s] DEBUG:colcon.colcon_parallel_executor.executor.parallel:run_until_complete finished with '2'
[138.496s] DEBUG:colcon.colcon_core.event_reactor:joining thread
[138.601s] INFO:colcon.colcon_core.plugin_system:Skipping extension 'colcon_notification.desktop_notification.notify_send': Could not find 'notify-send'
[138.602s] INFO:colcon.colcon_core.plugin_system:Skipping extension 'colcon_notification.desktop_notification.terminal_notifier': Not used on non-Darwin systems
[138.603s] INFO:colcon.colcon_core.plugin_system:Skipping extension 'colcon_notification.desktop_notification.win32': Not used on non-Windows systems
[138.603s] INFO:colcon.colcon_notification.desktop_notification:Sending desktop notification using 'notify2'
[138.680s] DEBUG:colcon.colcon_notification.desktop_notification.notify2:Failed to initialize notify2: org.freedesktop.DBus.Error.ServiceUnknown: The name org.freedesktop.Notifications was not provided by any .service files
[138.682s] DEBUG:colcon.colcon_core.event_reactor:joined thread
[138.688s] INFO:colcon.colcon_core.shell:Creating prefix script '/root/ros2_ws/install/local_setup.ps1'
[138.698s] INFO:colcon.colcon_core.shell:Creating prefix util module '/root/ros2_ws/install/_local_setup_util_ps1.py'
[138.712s] INFO:colcon.colcon_core.shell:Creating prefix chain script '/root/ros2_ws/install/setup.ps1'
[138.722s] INFO:colcon.colcon_core.shell:Creating prefix script '/root/ros2_ws/install/local_setup.sh'
[138.726s] INFO:colcon.colcon_core.shell:Creating prefix util module '/root/ros2_ws/install/_local_setup_util_sh.py'
[138.731s] INFO:colcon.colcon_core.shell:Creating prefix chain script '/root/ros2_ws/install/setup.sh'
[138.740s] INFO:colcon.colcon_core.shell:Creating prefix script '/root/ros2_ws/install/local_setup.bash'
[138.744s] INFO:colcon.colcon_core.shell:Creating prefix chain script '/root/ros2_ws/install/setup.bash'
[138.752s] INFO:colcon.colcon_core.shell:Creating prefix script '/root/ros2_ws/install/local_setup.zsh'
[138.757s] INFO:colcon.colcon_core.shell:Creating prefix chain script '/root/ros2_ws/install/setup.zsh'
