[0.272s] Invoking command in '/root/ros2_ws/build/point_cloud_interfaces': CMAKE_PREFIX_PATH=${CMAKE_PREFIX_PATH}:/opt/ros/humble /usr/bin/cmake --build /root/ros2_ws/build/point_cloud_interfaces -- -j6 -l6
[4.050s] [  9%] Built target point_cloud_interfaces__rosidl_generator_c
[4.053s] [  9%] Built target ament_cmake_python_copy_point_cloud_interfaces
[4.054s] [ 12%] Built target point_cloud_interfaces__cpp
[4.055s] [ 22%] Built target point_cloud_interfaces__rosidl_typesupport_c
[4.056s] [ 32%] Built target point_cloud_interfaces__rosidl_typesupport_introspection_c
[4.062s] [ 41%] Built target point_cloud_interfaces__rosidl_typesupport_fastrtps_c
[4.063s] [ 51%] Built target point_cloud_interfaces__rosidl_typesupport_cpp
[4.065s] [ 61%] Built target point_cloud_interfaces__rosidl_typesupport_introspection_cpp
[4.069s] [ 70%] Built target point_cloud_interfaces__rosidl_typesupport_fastrtps_cpp
[4.074s] [ 70%] Built target point_cloud_interfaces
[4.077s] [ 74%] Built target point_cloud_interfaces__py
[4.079s] [ 80%] Built target point_cloud_interfaces__rosidl_generator_py
[4.080s] [ 87%] Built target point_cloud_interfaces__rosidl_typesupport_c__pyext
[4.081s] [ 93%] Built target point_cloud_interfaces__rosidl_typesupport_introspection_c__pyext
[4.082s] [100%] Built target point_cloud_interfaces__rosidl_typesupport_fastrtps_c__pyext
[4.086s] running egg_info
[4.097s] writing point_cloud_interfaces.egg-info/PKG-INFO
[4.099s] writing dependency_links to point_cloud_interfaces.egg-info/dependency_links.txt
[4.099s] writing top-level names to point_cloud_interfaces.egg-info/top_level.txt
[4.100s] reading manifest file 'point_cloud_interfaces.egg-info/SOURCES.txt'
[4.101s] writing manifest file 'point_cloud_interfaces.egg-info/SOURCES.txt'
[4.102s] [100%] Built target ament_cmake_python_build_point_cloud_interfaces_egg
[4.104s] Invoked command in '/root/ros2_ws/build/point_cloud_interfaces' returned '0': CMAKE_PREFIX_PATH=${CMAKE_PREFIX_PATH}:/opt/ros/humble /usr/bin/cmake --build /root/ros2_ws/build/point_cloud_interfaces -- -j6 -l6
[4.166s] Invoking command in '/root/ros2_ws/build/point_cloud_interfaces': CMAKE_PREFIX_PATH=${CMAKE_PREFIX_PATH}:/opt/ros/humble /usr/bin/cmake --install /root/ros2_ws/build/point_cloud_interfaces
[4.242s] -- Install configuration: ""
[4.251s] -- Up-to-date: /root/ros2_ws/install/share/ament_index/resource_index/rosidl_interfaces/point_cloud_interfaces
[4.257s] -- Up-to-date: /root/ros2_ws/install/include/point_cloud_interfaces/point_cloud_interfaces
[4.259s] -- Up-to-date: /root/ros2_ws/install/include/point_cloud_interfaces/point_cloud_interfaces/msg
[4.260s] -- Up-to-date: /root/ros2_ws/install/include/point_cloud_interfaces/point_cloud_interfaces/msg/compressed_point_cloud2.h
[4.260s] -- Up-to-date: /root/ros2_ws/install/include/point_cloud_interfaces/point_cloud_interfaces/msg/detail
[4.261s] -- Up-to-date: /root/ros2_ws/install/include/point_cloud_interfaces/point_cloud_interfaces/msg/detail/compressed_point_cloud2__struct.h
[4.262s] -- Up-to-date: /root/ros2_ws/install/include/point_cloud_interfaces/point_cloud_interfaces/msg/detail/compressed_point_cloud2__functions.c
[4.262s] -- Up-to-date: /root/ros2_ws/install/include/point_cloud_interfaces/point_cloud_interfaces/msg/detail/compressed_point_cloud2__type_support.h
[4.262s] -- Up-to-date: /root/ros2_ws/install/include/point_cloud_interfaces/point_cloud_interfaces/msg/detail/compressed_point_cloud2__functions.h
[4.263s] -- Up-to-date: /root/ros2_ws/install/include/point_cloud_interfaces/point_cloud_interfaces/msg/rosidl_generator_c__visibility_control.h
[4.264s] -- Up-to-date: /root/ros2_ws/install/share/point_cloud_interfaces/environment/library_path.sh
[4.264s] -- Up-to-date: /root/ros2_ws/install/share/point_cloud_interfaces/environment/library_path.dsv
[4.269s] -- Up-to-date: /root/ros2_ws/install/lib/libpoint_cloud_interfaces__rosidl_generator_c.so
[4.271s] -- Up-to-date: /root/ros2_ws/install/include/point_cloud_interfaces/point_cloud_interfaces
[4.271s] -- Up-to-date: /root/ros2_ws/install/include/point_cloud_interfaces/point_cloud_interfaces/msg
[4.279s] -- Up-to-date: /root/ros2_ws/install/include/point_cloud_interfaces/point_cloud_interfaces/msg/rosidl_typesupport_fastrtps_c__visibility_control.h
[4.285s] -- Up-to-date: /root/ros2_ws/install/include/point_cloud_interfaces/point_cloud_interfaces/msg/detail
[4.301s] -- Up-to-date: /root/ros2_ws/install/include/point_cloud_interfaces/point_cloud_interfaces/msg/detail/compressed_point_cloud2__rosidl_typesupport_fastrtps_c.h
[4.309s] -- Up-to-date: /root/ros2_ws/install/lib/libpoint_cloud_interfaces__rosidl_typesupport_fastrtps_c.so
[4.310s] -- Up-to-date: /root/ros2_ws/install/include/point_cloud_interfaces/point_cloud_interfaces
[4.310s] -- Up-to-date: /root/ros2_ws/install/include/point_cloud_interfaces/point_cloud_interfaces/msg
[4.310s] -- Up-to-date: /root/ros2_ws/install/include/point_cloud_interfaces/point_cloud_interfaces/msg/compressed_point_cloud2.hpp
[4.311s] -- Up-to-date: /root/ros2_ws/install/include/point_cloud_interfaces/point_cloud_interfaces/msg/detail
[4.312s] -- Up-to-date: /root/ros2_ws/install/include/point_cloud_interfaces/point_cloud_interfaces/msg/detail/compressed_point_cloud2__traits.hpp
[4.312s] -- Up-to-date: /root/ros2_ws/install/include/point_cloud_interfaces/point_cloud_interfaces/msg/detail/compressed_point_cloud2__builder.hpp
[4.313s] -- Up-to-date: /root/ros2_ws/install/include/point_cloud_interfaces/point_cloud_interfaces/msg/detail/compressed_point_cloud2__struct.hpp
[4.321s] -- Up-to-date: /root/ros2_ws/install/include/point_cloud_interfaces/point_cloud_interfaces
[4.322s] -- Up-to-date: /root/ros2_ws/install/include/point_cloud_interfaces/point_cloud_interfaces/msg
[4.323s] -- Up-to-date: /root/ros2_ws/install/include/point_cloud_interfaces/point_cloud_interfaces/msg/detail
[4.325s] -- Up-to-date: /root/ros2_ws/install/include/point_cloud_interfaces/point_cloud_interfaces/msg/detail/dds_fastrtps
[4.325s] -- Up-to-date: /root/ros2_ws/install/include/point_cloud_interfaces/point_cloud_interfaces/msg/detail/compressed_point_cloud2__rosidl_typesupport_fastrtps_cpp.hpp
[4.326s] -- Up-to-date: /root/ros2_ws/install/include/point_cloud_interfaces/point_cloud_interfaces/msg/rosidl_typesupport_fastrtps_cpp__visibility_control.h
[4.326s] -- Up-to-date: /root/ros2_ws/install/lib/libpoint_cloud_interfaces__rosidl_typesupport_fastrtps_cpp.so
[4.327s] -- Up-to-date: /root/ros2_ws/install/include/point_cloud_interfaces/point_cloud_interfaces
[4.329s] -- Up-to-date: /root/ros2_ws/install/include/point_cloud_interfaces/point_cloud_interfaces/msg
[4.333s] -- Up-to-date: /root/ros2_ws/install/include/point_cloud_interfaces/point_cloud_interfaces/msg/rosidl_typesupport_introspection_c__visibility_control.h
[4.335s] -- Up-to-date: /root/ros2_ws/install/include/point_cloud_interfaces/point_cloud_interfaces/msg/detail
[4.335s] -- Up-to-date: /root/ros2_ws/install/include/point_cloud_interfaces/point_cloud_interfaces/msg/detail/compressed_point_cloud2__type_support.c
[4.338s] -- Up-to-date: /root/ros2_ws/install/include/point_cloud_interfaces/point_cloud_interfaces/msg/detail/compressed_point_cloud2__rosidl_typesupport_introspection_c.h
[4.339s] -- Up-to-date: /root/ros2_ws/install/lib/libpoint_cloud_interfaces__rosidl_typesupport_introspection_c.so
[4.344s] -- Up-to-date: /root/ros2_ws/install/lib/libpoint_cloud_interfaces__rosidl_typesupport_c.so
[4.348s] -- Up-to-date: /root/ros2_ws/install/include/point_cloud_interfaces/point_cloud_interfaces
[4.349s] -- Up-to-date: /root/ros2_ws/install/include/point_cloud_interfaces/point_cloud_interfaces/msg
[4.349s] -- Up-to-date: /root/ros2_ws/install/include/point_cloud_interfaces/point_cloud_interfaces/msg/detail
[4.350s] -- Up-to-date: /root/ros2_ws/install/include/point_cloud_interfaces/point_cloud_interfaces/msg/detail/compressed_point_cloud2__rosidl_typesupport_introspection_cpp.hpp
[4.350s] -- Up-to-date: /root/ros2_ws/install/include/point_cloud_interfaces/point_cloud_interfaces/msg/detail/compressed_point_cloud2__type_support.cpp
[4.356s] -- Up-to-date: /root/ros2_ws/install/lib/libpoint_cloud_interfaces__rosidl_typesupport_introspection_cpp.so
[4.358s] -- Up-to-date: /root/ros2_ws/install/lib/libpoint_cloud_interfaces__rosidl_typesupport_cpp.so
[4.360s] -- Up-to-date: /root/ros2_ws/install/share/point_cloud_interfaces/environment/pythonpath.sh
[4.361s] -- Up-to-date: /root/ros2_ws/install/share/point_cloud_interfaces/environment/pythonpath.dsv
[4.362s] -- Up-to-date: /root/ros2_ws/install/lib/python3.9/site-packages/point_cloud_interfaces-1.0.11-py3.9.egg-info
[4.365s] -- Installing: /root/ros2_ws/install/lib/python3.9/site-packages/point_cloud_interfaces-1.0.11-py3.9.egg-info/PKG-INFO
[4.366s] -- Installing: /root/ros2_ws/install/lib/python3.9/site-packages/point_cloud_interfaces-1.0.11-py3.9.egg-info/top_level.txt
[4.367s] -- Installing: /root/ros2_ws/install/lib/python3.9/site-packages/point_cloud_interfaces-1.0.11-py3.9.egg-info/dependency_links.txt
[4.370s] -- Installing: /root/ros2_ws/install/lib/python3.9/site-packages/point_cloud_interfaces-1.0.11-py3.9.egg-info/SOURCES.txt
[4.372s] -- Up-to-date: /root/ros2_ws/install/lib/python3.9/site-packages/point_cloud_interfaces
[4.374s] -- Up-to-date: /root/ros2_ws/install/lib/python3.9/site-packages/point_cloud_interfaces/point_cloud_interfaces_s__rosidl_typesupport_fastrtps_c.cpython-38-aarch64-linux-gnu.so
[4.375s] -- Up-to-date: /root/ros2_ws/install/lib/python3.9/site-packages/point_cloud_interfaces/point_cloud_interfaces_s__rosidl_typesupport_c.cpython-38-aarch64-linux-gnu.so
[4.377s] -- Up-to-date: /root/ros2_ws/install/lib/python3.9/site-packages/point_cloud_interfaces/_point_cloud_interfaces_s.ep.rosidl_typesupport_fastrtps_c.c
[4.378s] -- Up-to-date: /root/ros2_ws/install/lib/python3.9/site-packages/point_cloud_interfaces/_point_cloud_interfaces_s.ep.rosidl_typesupport_introspection_c.c
[4.378s] -- Up-to-date: /root/ros2_ws/install/lib/python3.9/site-packages/point_cloud_interfaces/point_cloud_interfaces_s__rosidl_typesupport_introspection_c.cpython-38-aarch64-linux-gnu.so
[4.379s] -- Up-to-date: /root/ros2_ws/install/lib/python3.9/site-packages/point_cloud_interfaces/_point_cloud_interfaces_s.ep.rosidl_typesupport_c.c
[4.381s] -- Up-to-date: /root/ros2_ws/install/lib/python3.9/site-packages/point_cloud_interfaces/__init__.py
[4.382s] -- Up-to-date: /root/ros2_ws/install/lib/python3.9/site-packages/point_cloud_interfaces/msg
[4.382s] -- Up-to-date: /root/ros2_ws/install/lib/python3.9/site-packages/point_cloud_interfaces/msg/_compressed_point_cloud2_s.c
[4.383s] -- Up-to-date: /root/ros2_ws/install/lib/python3.9/site-packages/point_cloud_interfaces/msg/_compressed_point_cloud2.py
[4.383s] -- Up-to-date: /root/ros2_ws/install/lib/python3.9/site-packages/point_cloud_interfaces/msg/__init__.py
[4.384s] -- Up-to-date: /root/ros2_ws/install/lib/python3.9/site-packages/point_cloud_interfaces/libpoint_cloud_interfaces__rosidl_generator_py.so
[4.628s] Listing '/root/ros2_ws/install/lib/python3.9/site-packages/point_cloud_interfaces'...
[4.631s] Listing '/root/ros2_ws/install/lib/python3.9/site-packages/point_cloud_interfaces/msg'...
[4.690s] -- Up-to-date: /root/ros2_ws/install/lib/python3.9/site-packages/point_cloud_interfaces/point_cloud_interfaces_s__rosidl_typesupport_fastrtps_c.cpython-38-aarch64-linux-gnu.so
[4.699s] -- Up-to-date: /root/ros2_ws/install/lib/python3.9/site-packages/point_cloud_interfaces/point_cloud_interfaces_s__rosidl_typesupport_introspection_c.cpython-38-aarch64-linux-gnu.so
[4.714s] -- Up-to-date: /root/ros2_ws/install/lib/python3.9/site-packages/point_cloud_interfaces/point_cloud_interfaces_s__rosidl_typesupport_c.cpython-38-aarch64-linux-gnu.so
[4.727s] -- Up-to-date: /root/ros2_ws/install/lib/libpoint_cloud_interfaces__rosidl_generator_py.so
[4.737s] -- Up-to-date: /root/ros2_ws/install/share/point_cloud_interfaces/msg/CompressedPointCloud2.idl
[4.739s] -- Up-to-date: /root/ros2_ws/install/share/point_cloud_interfaces/msg/CompressedPointCloud2.msg
[4.740s] -- Up-to-date: /root/ros2_ws/install/share/ament_index/resource_index/package_run_dependencies/point_cloud_interfaces
[4.741s] -- Up-to-date: /root/ros2_ws/install/share/ament_index/resource_index/parent_prefix_path/point_cloud_interfaces
[4.742s] -- Up-to-date: /root/ros2_ws/install/share/point_cloud_interfaces/environment/ament_prefix_path.sh
[4.743s] -- Up-to-date: /root/ros2_ws/install/share/point_cloud_interfaces/environment/ament_prefix_path.dsv
[4.746s] -- Up-to-date: /root/ros2_ws/install/share/point_cloud_interfaces/environment/path.sh
[4.746s] -- Up-to-date: /root/ros2_ws/install/share/point_cloud_interfaces/environment/path.dsv
[4.747s] -- Up-to-date: /root/ros2_ws/install/share/point_cloud_interfaces/local_setup.bash
[4.748s] -- Up-to-date: /root/ros2_ws/install/share/point_cloud_interfaces/local_setup.sh
[4.748s] -- Up-to-date: /root/ros2_ws/install/share/point_cloud_interfaces/local_setup.zsh
[4.749s] -- Up-to-date: /root/ros2_ws/install/share/point_cloud_interfaces/local_setup.dsv
[4.749s] -- Installing: /root/ros2_ws/install/share/point_cloud_interfaces/package.dsv
[4.751s] -- Up-to-date: /root/ros2_ws/install/share/ament_index/resource_index/packages/point_cloud_interfaces
[4.751s] -- Up-to-date: /root/ros2_ws/install/share/point_cloud_interfaces/cmake/export_point_cloud_interfaces__rosidl_generator_cExport.cmake
[4.755s] -- Up-to-date: /root/ros2_ws/install/share/point_cloud_interfaces/cmake/export_point_cloud_interfaces__rosidl_generator_cExport-noconfig.cmake
[4.766s] -- Up-to-date: /root/ros2_ws/install/share/point_cloud_interfaces/cmake/export_point_cloud_interfaces__rosidl_typesupport_fastrtps_cExport.cmake
[4.766s] -- Up-to-date: /root/ros2_ws/install/share/point_cloud_interfaces/cmake/export_point_cloud_interfaces__rosidl_typesupport_fastrtps_cExport-noconfig.cmake
[4.781s] -- Up-to-date: /root/ros2_ws/install/share/point_cloud_interfaces/cmake/export_point_cloud_interfaces__rosidl_generator_cppExport.cmake
[4.783s] -- Up-to-date: /root/ros2_ws/install/share/point_cloud_interfaces/cmake/export_point_cloud_interfaces__rosidl_typesupport_fastrtps_cppExport.cmake
[4.784s] -- Up-to-date: /root/ros2_ws/install/share/point_cloud_interfaces/cmake/export_point_cloud_interfaces__rosidl_typesupport_fastrtps_cppExport-noconfig.cmake
[4.793s] -- Up-to-date: /root/ros2_ws/install/share/point_cloud_interfaces/cmake/point_cloud_interfaces__rosidl_typesupport_introspection_cExport.cmake
[4.800s] -- Up-to-date: /root/ros2_ws/install/share/point_cloud_interfaces/cmake/point_cloud_interfaces__rosidl_typesupport_introspection_cExport-noconfig.cmake
[4.807s] -- Up-to-date: /root/ros2_ws/install/share/point_cloud_interfaces/cmake/point_cloud_interfaces__rosidl_typesupport_cExport.cmake
[4.811s] -- Up-to-date: /root/ros2_ws/install/share/point_cloud_interfaces/cmake/point_cloud_interfaces__rosidl_typesupport_cExport-noconfig.cmake
[4.821s] -- Up-to-date: /root/ros2_ws/install/share/point_cloud_interfaces/cmake/point_cloud_interfaces__rosidl_typesupport_introspection_cppExport.cmake
[4.837s] -- Up-to-date: /root/ros2_ws/install/share/point_cloud_interfaces/cmake/point_cloud_interfaces__rosidl_typesupport_introspection_cppExport-noconfig.cmake
[4.841s] -- Up-to-date: /root/ros2_ws/install/share/point_cloud_interfaces/cmake/point_cloud_interfaces__rosidl_typesupport_cppExport.cmake
[4.845s] -- Up-to-date: /root/ros2_ws/install/share/point_cloud_interfaces/cmake/point_cloud_interfaces__rosidl_typesupport_cppExport-noconfig.cmake
[4.846s] -- Up-to-date: /root/ros2_ws/install/share/point_cloud_interfaces/cmake/export_point_cloud_interfaces__rosidl_generator_pyExport.cmake
[4.848s] -- Up-to-date: /root/ros2_ws/install/share/point_cloud_interfaces/cmake/export_point_cloud_interfaces__rosidl_generator_pyExport-noconfig.cmake
[4.849s] -- Up-to-date: /root/ros2_ws/install/share/point_cloud_interfaces/cmake/rosidl_cmake-extras.cmake
[4.850s] -- Up-to-date: /root/ros2_ws/install/share/point_cloud_interfaces/cmake/ament_cmake_export_dependencies-extras.cmake
[4.853s] -- Up-to-date: /root/ros2_ws/install/share/point_cloud_interfaces/cmake/ament_cmake_export_include_directories-extras.cmake
[4.871s] -- Up-to-date: /root/ros2_ws/install/share/point_cloud_interfaces/cmake/ament_cmake_export_libraries-extras.cmake
[4.873s] -- Up-to-date: /root/ros2_ws/install/share/point_cloud_interfaces/cmake/ament_cmake_export_targets-extras.cmake
[4.876s] -- Up-to-date: /root/ros2_ws/install/share/point_cloud_interfaces/cmake/rosidl_cmake_export_typesupport_targets-extras.cmake
[4.879s] -- Up-to-date: /root/ros2_ws/install/share/point_cloud_interfaces/cmake/rosidl_cmake_export_typesupport_libraries-extras.cmake
[4.881s] -- Up-to-date: /root/ros2_ws/install/share/point_cloud_interfaces/cmake/point_cloud_interfacesConfig.cmake
[4.883s] -- Up-to-date: /root/ros2_ws/install/share/point_cloud_interfaces/cmake/point_cloud_interfacesConfig-version.cmake
[4.885s] -- Up-to-date: /root/ros2_ws/install/share/point_cloud_interfaces/package.xml
[4.917s] Invoked command in '/root/ros2_ws/build/point_cloud_interfaces' returned '0': CMAKE_PREFIX_PATH=${CMAKE_PREFIX_PATH}:/opt/ros/humble /usr/bin/cmake --install /root/ros2_ws/build/point_cloud_interfaces
