[0.072s] Invoking command in '/root/ros2_ws/build/diane_point_cloud_transport': AMENT_PREFIX_PATH=/root/ros2_ws/install:${AMENT_PREFIX_PATH} CMAKE_PREFIX_PATH=/root/ros2_ws/install:/opt/ros/humble LD_LIBRARY_PATH=/root/ros2_ws/install/lib:/opt/ros/humble/opt/rviz_ogre_vendor/lib:/opt/ros/humble/lib/aarch64-linux-gnu:/opt/ros/humble/lib:/usr/local/cuda/lib64 PYTHONPATH=/root/ros2_ws/install/lib/python3.9/site-packages:/root/ros2_ws/install/lib/python3.8/site-packages:${PYTHONPATH} /usr/bin/cmake /root/ros2_ws/src/point_cloud_transport_plugins-humble/diane_point_cloud_transport -DCMAKE_INSTALL_PREFIX=/root/ros2_ws/install
[0.419s] -- The C compiler identification is GNU 9.4.0
[0.766s] -- The CXX compiler identification is GNU 9.4.0
[0.800s] -- Check for working C compiler: /usr/bin/cc
[1.206s] -- Check for working C compiler: /usr/bin/cc -- works
[1.211s] -- Detecting C compiler ABI info
[1.611s] -- Detecting C compiler ABI info - done
[1.681s] -- Detecting C compile features
[1.683s] -- Detecting C compile features - done
[1.697s] -- Check for working CXX compiler: /usr/bin/c++
[2.148s] -- Check for working CXX compiler: /usr/bin/c++ -- works
[2.152s] -- Detecting CXX compiler ABI info
[2.609s] -- Detecting CXX compiler ABI info - done
[2.671s] -- Detecting CXX compile features
[2.673s] -- Detecting CXX compile features - done
[2.689s] -- Found ament_cmake: 1.3.6 (/opt/ros/humble/share/ament_cmake/cmake)
[3.391s] -- Found Python3: /usr/bin/python3.9 (found version "3.9.5") found components: Interpreter 
[3.797s] -- Found pluginlib: 5.1.0 (/opt/ros/humble/share/pluginlib/cmake)
[4.012s] -- Found point_cloud_interfaces: 1.0.11 (/root/ros2_ws/install/share/point_cloud_interfaces/cmake)
[4.156s] -- Found rosidl_generator_c: 3.1.5 (/opt/ros/humble/share/rosidl_generator_c/cmake)
[4.184s] -- Found rosidl_adapter: 3.1.5 (/opt/ros/humble/share/rosidl_adapter/cmake)
[4.234s] -- Found rosidl_generator_cpp: 3.1.5 (/opt/ros/humble/share/rosidl_generator_cpp/cmake)
[4.320s] -- Using all available rosidl_typesupport_c: rosidl_typesupport_fastrtps_c;rosidl_typesupport_introspection_c
[4.426s] -- Using all available rosidl_typesupport_cpp: rosidl_typesupport_fastrtps_cpp;rosidl_typesupport_introspection_cpp
[6.362s] -- Found point_cloud_transport: 1.0.15 (/opt/ros/humble/share/point_cloud_transport/cmake)
[6.744s] -- Found rmw_implementation_cmake: 6.1.1 (/opt/ros/humble/share/rmw_implementation_cmake/cmake)
[6.757s] -- Found rmw_fastrtps_cpp: 6.2.5 (/opt/ros/humble/share/rmw_fastrtps_cpp/cmake)
[6.985s] -- Found TinyXML2 via Config file: TinyXML2_DIR-NOTFOUND
[7.383s] -- Found OpenSSL: /usr/lib/aarch64-linux-gnu/libcrypto.so (found version "1.1.1f")  
[7.400s] -- Found TinyXML2 via Config file: TinyXML2_DIR-NOTFOUND
[7.478s] -- Found FastRTPS: /opt/ros/humble/include  
[7.536s] -- Found TinyXML2 via Config file: TinyXML2_DIR-NOTFOUND
[7.583s] -- Found TinyXML2 via Config file: TinyXML2_DIR-NOTFOUND
[7.633s] -- Using RMW implementation 'rmw_fastrtps_cpp' as default
[7.690s] -- Looking for pthread.h
[8.113s] -- Looking for pthread.h - found
[8.114s] -- Performing Test CMAKE_HAVE_LIBC_PTHREAD
[8.550s] -- Performing Test CMAKE_HAVE_LIBC_PTHREAD - Failed
[8.553s] -- Looking for pthread_create in pthreads
[8.902s] -- Looking for pthread_create in pthreads - not found
[8.903s] -- Looking for pthread_create in pthread
[9.309s] -- Looking for pthread_create in pthread - found
[9.316s] -- Found Threads: TRUE  
[10.411s] -- Found CUDA: /usr/local/cuda (found version "11.4") 
[13.940s] -- The CUDA compiler identification is NVIDIA 11.4.315
[13.967s] -- Check for working CUDA compiler: /usr/local/cuda/bin/nvcc
[17.305s] -- Check for working CUDA compiler: /usr/local/cuda/bin/nvcc -- works
[17.311s] -- Detecting CUDA compiler ABI info
[20.588s] -- Detecting CUDA compiler ABI info - done
[20.700s] -- Caffe2: CUDA detected: 11.4
[20.701s] -- Caffe2: CUDA nvcc is: /usr/local/cuda/bin/nvcc
[20.702s] -- Caffe2: CUDA toolkit directory: /usr/local/cuda
[21.295s] -- Caffe2: Header version is: 11.4
[21.317s] -- Found CUDNN: /usr/lib/aarch64-linux-gnu/libcudnn.so  
[21.319s] -- Found cuDNN: v8.6.0  (include: /usr/include, library: /usr/lib/aarch64-linux-gnu/libcudnn.so)
[21.476s] -- /usr/local/cuda/lib64/libnvrtc.so shorthash is 7c7201d5
[24.749s] -- Autodetected CUDA architecture(s):  7.2
[24.752s] -- Added CUDA NVCC flags for: -gencode;arch=compute_72,code=sm_72
[24.853s] -- Found Torch: /usr/local/lib/python3.8/dist-packages/torch/lib/libtorch.so  
[26.271s] -- Found OpenMP_C: -fopenmp (found version "4.5") 
[26.762s] -- Found OpenMP_CXX: -fopenmp (found version "4.5") 
[26.764s] -- Found OpenMP: TRUE (found version "4.5")  
[26.779s] -- Found ament_lint_auto: 0.12.9 (/opt/ros/humble/share/ament_lint_auto/cmake)
[27.196s] -- Added test 'copyright' to check source files copyright and LICENSE
[27.206s] -- Added test 'cppcheck' to perform static code analysis on C / C++ code
[27.207s] -- Configured cppcheck include dirs: /root/ros2_ws/src/point_cloud_transport_plugins-humble/diane_point_cloud_transport/include;$<BUILD_INTERFACE:/root/ros2_ws/src/point_cloud_transport_plugins-humble/diane_point_cloud_transport/include>
[27.208s] -- Configured cppcheck exclude dirs and/or files: 
[27.215s] -- Added test 'cpplint' to check C / C++ code against the Google style
[27.216s] -- Configured cpplint exclude dirs and/or files: 
[27.220s] -- Added test 'lint_cmake' to check CMake code style
[27.229s] -- Added test 'uncrustify' to check C / C++ code style
[27.230s] -- Configured uncrustify additional arguments: 
[27.233s] -- Added test 'xmllint' to check XML markup files
[27.279s] -- Configuring done
[27.419s] -- Generating done
[27.461s] -- Build files have been written to: /root/ros2_ws/build/diane_point_cloud_transport
[27.508s] Invoked command in '/root/ros2_ws/build/diane_point_cloud_transport' returned '0': AMENT_PREFIX_PATH=/root/ros2_ws/install:${AMENT_PREFIX_PATH} CMAKE_PREFIX_PATH=/root/ros2_ws/install:/opt/ros/humble LD_LIBRARY_PATH=/root/ros2_ws/install/lib:/opt/ros/humble/opt/rviz_ogre_vendor/lib:/opt/ros/humble/lib/aarch64-linux-gnu:/opt/ros/humble/lib:/usr/local/cuda/lib64 PYTHONPATH=/root/ros2_ws/install/lib/python3.9/site-packages:/root/ros2_ws/install/lib/python3.8/site-packages:${PYTHONPATH} /usr/bin/cmake /root/ros2_ws/src/point_cloud_transport_plugins-humble/diane_point_cloud_transport -DCMAKE_INSTALL_PREFIX=/root/ros2_ws/install
[27.520s] Invoking command in '/root/ros2_ws/build/diane_point_cloud_transport': AMENT_PREFIX_PATH=/root/ros2_ws/install:${AMENT_PREFIX_PATH} CMAKE_PREFIX_PATH=/root/ros2_ws/install:/opt/ros/humble LD_LIBRARY_PATH=/root/ros2_ws/install/lib:/opt/ros/humble/opt/rviz_ogre_vendor/lib:/opt/ros/humble/lib/aarch64-linux-gnu:/opt/ros/humble/lib:/usr/local/cuda/lib64 PYTHONPATH=/root/ros2_ws/install/lib/python3.9/site-packages:/root/ros2_ws/install/lib/python3.8/site-packages:${PYTHONPATH} /usr/bin/cmake --build /root/ros2_ws/build/diane_point_cloud_transport -- -j6 -l6
[27.754s] [35m[1mScanning dependencies of target diane_point_cloud_transport[0m
[35.565s] [ 20%] [32mBuilding CXX object CMakeFiles/diane_point_cloud_transport.dir/src/diane_encoder.cpp.o[0m
[35.615s] [ 40%] [32mBuilding CXX object CMakeFiles/diane_point_cloud_transport.dir/src/diane_publisher.cpp.o[0m
[35.639s] [ 60%] [32mBuilding CXX object CMakeFiles/diane_point_cloud_transport.dir/src/diane_subscriber.cpp.o[0m
[35.653s] [ 80%] [32mBuilding CXX object CMakeFiles/diane_point_cloud_transport.dir/src/manifest.cpp.o[0m
[148.666s] [100%] [32m[1mLinking CXX shared library libdiane_point_cloud_transport.so[0m
[153.403s] [100%] Built target diane_point_cloud_transport
[153.468s] Invoked command in '/root/ros2_ws/build/diane_point_cloud_transport' returned '0': AMENT_PREFIX_PATH=/root/ros2_ws/install:${AMENT_PREFIX_PATH} CMAKE_PREFIX_PATH=/root/ros2_ws/install:/opt/ros/humble LD_LIBRARY_PATH=/root/ros2_ws/install/lib:/opt/ros/humble/opt/rviz_ogre_vendor/lib:/opt/ros/humble/lib/aarch64-linux-gnu:/opt/ros/humble/lib:/usr/local/cuda/lib64 PYTHONPATH=/root/ros2_ws/install/lib/python3.9/site-packages:/root/ros2_ws/install/lib/python3.8/site-packages:${PYTHONPATH} /usr/bin/cmake --build /root/ros2_ws/build/diane_point_cloud_transport -- -j6 -l6
[153.483s] Invoking command in '/root/ros2_ws/build/diane_point_cloud_transport': AMENT_PREFIX_PATH=/root/ros2_ws/install:${AMENT_PREFIX_PATH} CMAKE_PREFIX_PATH=/root/ros2_ws/install:/opt/ros/humble LD_LIBRARY_PATH=/root/ros2_ws/install/lib:/opt/ros/humble/opt/rviz_ogre_vendor/lib:/opt/ros/humble/lib/aarch64-linux-gnu:/opt/ros/humble/lib:/usr/local/cuda/lib64 PYTHONPATH=/root/ros2_ws/install/lib/python3.9/site-packages:/root/ros2_ws/install/lib/python3.8/site-packages:${PYTHONPATH} /usr/bin/cmake --install /root/ros2_ws/build/diane_point_cloud_transport
[153.532s] -- Install configuration: ""
[153.534s] -- Installing: /root/ros2_ws/install/lib/libdiane_point_cloud_transport.so
[153.609s] -- Set runtime path of "/root/ros2_ws/install/lib/libdiane_point_cloud_transport.so" to ""
[153.611s] -- Installing: /root/ros2_ws/install/include/diane_point_cloud_transport
[153.613s] -- Installing: /root/ros2_ws/install/include/diane_point_cloud_transport/diane_subscriber.hpp
[153.613s] -- Installing: /root/ros2_ws/install/include/diane_point_cloud_transport/diane_publisher.hpp
[153.614s] -- Installing: /root/ros2_ws/install/include/diane_point_cloud_transport/diane_encoder.hpp
[153.615s] -- Installing: /root/ros2_ws/install/share/diane_point_cloud_transport/diane_plugins.xml
[153.618s] -- Installing: /root/ros2_ws/install/share/diane_point_cloud_transport/environment/library_path.sh
[153.619s] -- Installing: /root/ros2_ws/install/share/diane_point_cloud_transport/environment/library_path.dsv
[153.620s] -- Installing: /root/ros2_ws/install/share/ament_index/resource_index/package_run_dependencies/diane_point_cloud_transport
[153.625s] -- Installing: /root/ros2_ws/install/share/ament_index/resource_index/parent_prefix_path/diane_point_cloud_transport
[153.626s] -- Installing: /root/ros2_ws/install/share/diane_point_cloud_transport/environment/ament_prefix_path.sh
[153.628s] -- Installing: /root/ros2_ws/install/share/diane_point_cloud_transport/environment/ament_prefix_path.dsv
[153.629s] -- Installing: /root/ros2_ws/install/share/diane_point_cloud_transport/environment/path.sh
[153.630s] -- Installing: /root/ros2_ws/install/share/diane_point_cloud_transport/environment/path.dsv
[153.630s] -- Installing: /root/ros2_ws/install/share/diane_point_cloud_transport/local_setup.bash
[153.631s] -- Installing: /root/ros2_ws/install/share/diane_point_cloud_transport/local_setup.sh
[153.633s] -- Installing: /root/ros2_ws/install/share/diane_point_cloud_transport/local_setup.zsh
[153.634s] -- Installing: /root/ros2_ws/install/share/diane_point_cloud_transport/local_setup.dsv
[153.635s] -- Installing: /root/ros2_ws/install/share/diane_point_cloud_transport/package.dsv
[153.636s] -- Installing: /root/ros2_ws/install/share/ament_index/resource_index/packages/diane_point_cloud_transport
[153.637s] -- Installing: /root/ros2_ws/install/share/ament_index/resource_index/point_cloud_transport__pluginlib__plugin/diane_point_cloud_transport
[153.638s] -- Installing: /root/ros2_ws/install/share/diane_point_cloud_transport/cmake/ament_cmake_export_include_directories-extras.cmake
[153.641s] -- Installing: /root/ros2_ws/install/share/diane_point_cloud_transport/cmake/ament_cmake_export_libraries-extras.cmake
[153.642s] -- Installing: /root/ros2_ws/install/share/diane_point_cloud_transport/cmake/ament_cmake_export_dependencies-extras.cmake
[153.644s] -- Installing: /root/ros2_ws/install/share/diane_point_cloud_transport/cmake/diane_point_cloud_transportConfig.cmake
[153.645s] -- Installing: /root/ros2_ws/install/share/diane_point_cloud_transport/cmake/diane_point_cloud_transportConfig-version.cmake
[153.646s] -- Installing: /root/ros2_ws/install/share/diane_point_cloud_transport/package.xml
[153.662s] Invoked command in '/root/ros2_ws/build/diane_point_cloud_transport' returned '0': AMENT_PREFIX_PATH=/root/ros2_ws/install:${AMENT_PREFIX_PATH} CMAKE_PREFIX_PATH=/root/ros2_ws/install:/opt/ros/humble LD_LIBRARY_PATH=/root/ros2_ws/install/lib:/opt/ros/humble/opt/rviz_ogre_vendor/lib:/opt/ros/humble/lib/aarch64-linux-gnu:/opt/ros/humble/lib:/usr/local/cuda/lib64 PYTHONPATH=/root/ros2_ws/install/lib/python3.9/site-packages:/root/ros2_ws/install/lib/python3.8/site-packages:${PYTHONPATH} /usr/bin/cmake --install /root/ros2_ws/build/diane_point_cloud_transport
