[0.099s] Invoking command in '/root/ros2_ws/build/point_cloud_transport_plugins': AMENT_PREFIX_PATH=/root/ros2_ws/install:${AMENT_PREFIX_PATH} CMAKE_PREFIX_PATH=/root/ros2_ws/install:/opt/ros/humble LD_LIBRARY_PATH=/root/ros2_ws/install/lib:/opt/ros/humble/opt/rviz_ogre_vendor/lib:/opt/ros/humble/lib/aarch64-linux-gnu:/opt/ros/humble/lib:/usr/local/cuda/lib64 PYTHONPATH=/root/ros2_ws/install/lib/python3.8/site-packages:/root/ros2_ws/install/lib/python3.9/site-packages:${PYTHONPATH} /usr/bin/cmake /root/ros2_ws/src/point_cloud_transport_plugins-humble/point_cloud_transport_plugins -DCMAKE_INSTALL_PREFIX=/root/ros2_ws/install
[0.447s] -- The C compiler identification is GNU 9.4.0
[0.778s] -- The CXX compiler identification is GNU 9.4.0
[0.801s] -- Check for working C compiler: /usr/bin/cc
[1.207s] -- Check for working C compiler: /usr/bin/cc -- works
[1.211s] -- Detecting C compiler ABI info
[1.618s] -- Detecting C compiler ABI info - done
[1.673s] -- Detecting C compile features
[1.675s] -- Detecting C compile features - done
[1.688s] -- Check for working CXX compiler: /usr/bin/c++
[2.134s] -- Check for working CXX compiler: /usr/bin/c++ -- works
[2.139s] -- Detecting CXX compiler ABI info
[2.590s] -- Detecting CXX compiler ABI info - done
[2.644s] -- Detecting CXX compile features
[2.646s] -- Detecting CXX compile features - done
[2.664s] -- Found ament_cmake: 1.3.6 (/opt/ros/humble/share/ament_cmake/cmake)
[3.375s] -- Found Python3: /usr/bin/python3.9 (found version "3.9.5") found components: Interpreter 
[4.117s] -- Configuring done
[4.131s] -- Generating done
[4.143s] -- Build files have been written to: /root/ros2_ws/build/point_cloud_transport_plugins
[4.163s] Invoked command in '/root/ros2_ws/build/point_cloud_transport_plugins' returned '0': AMENT_PREFIX_PATH=/root/ros2_ws/install:${AMENT_PREFIX_PATH} CMAKE_PREFIX_PATH=/root/ros2_ws/install:/opt/ros/humble LD_LIBRARY_PATH=/root/ros2_ws/install/lib:/opt/ros/humble/opt/rviz_ogre_vendor/lib:/opt/ros/humble/lib/aarch64-linux-gnu:/opt/ros/humble/lib:/usr/local/cuda/lib64 PYTHONPATH=/root/ros2_ws/install/lib/python3.8/site-packages:/root/ros2_ws/install/lib/python3.9/site-packages:${PYTHONPATH} /usr/bin/cmake /root/ros2_ws/src/point_cloud_transport_plugins-humble/point_cloud_transport_plugins -DCMAKE_INSTALL_PREFIX=/root/ros2_ws/install
[4.178s] Invoking command in '/root/ros2_ws/build/point_cloud_transport_plugins': AMENT_PREFIX_PATH=/root/ros2_ws/install:${AMENT_PREFIX_PATH} CMAKE_PREFIX_PATH=/root/ros2_ws/install:/opt/ros/humble LD_LIBRARY_PATH=/root/ros2_ws/install/lib:/opt/ros/humble/opt/rviz_ogre_vendor/lib:/opt/ros/humble/lib/aarch64-linux-gnu:/opt/ros/humble/lib:/usr/local/cuda/lib64 PYTHONPATH=/root/ros2_ws/install/lib/python3.8/site-packages:/root/ros2_ws/install/lib/python3.9/site-packages:${PYTHONPATH} /usr/bin/cmake --build /root/ros2_ws/build/point_cloud_transport_plugins -- -j6 -l6
[4.387s] Invoked command in '/root/ros2_ws/build/point_cloud_transport_plugins' returned '0': AMENT_PREFIX_PATH=/root/ros2_ws/install:${AMENT_PREFIX_PATH} CMAKE_PREFIX_PATH=/root/ros2_ws/install:/opt/ros/humble LD_LIBRARY_PATH=/root/ros2_ws/install/lib:/opt/ros/humble/opt/rviz_ogre_vendor/lib:/opt/ros/humble/lib/aarch64-linux-gnu:/opt/ros/humble/lib:/usr/local/cuda/lib64 PYTHONPATH=/root/ros2_ws/install/lib/python3.8/site-packages:/root/ros2_ws/install/lib/python3.9/site-packages:${PYTHONPATH} /usr/bin/cmake --build /root/ros2_ws/build/point_cloud_transport_plugins -- -j6 -l6
[4.400s] Invoking command in '/root/ros2_ws/build/point_cloud_transport_plugins': AMENT_PREFIX_PATH=/root/ros2_ws/install:${AMENT_PREFIX_PATH} CMAKE_PREFIX_PATH=/root/ros2_ws/install:/opt/ros/humble LD_LIBRARY_PATH=/root/ros2_ws/install/lib:/opt/ros/humble/opt/rviz_ogre_vendor/lib:/opt/ros/humble/lib/aarch64-linux-gnu:/opt/ros/humble/lib:/usr/local/cuda/lib64 PYTHONPATH=/root/ros2_ws/install/lib/python3.8/site-packages:/root/ros2_ws/install/lib/python3.9/site-packages:${PYTHONPATH} /usr/bin/cmake --install /root/ros2_ws/build/point_cloud_transport_plugins
[4.446s] -- Install configuration: ""
[4.447s] -- Installing: /root/ros2_ws/install/share/ament_index/resource_index/package_run_dependencies/point_cloud_transport_plugins
[4.448s] -- Installing: /root/ros2_ws/install/share/ament_index/resource_index/parent_prefix_path/point_cloud_transport_plugins
[4.449s] -- Installing: /root/ros2_ws/install/share/point_cloud_transport_plugins/environment/ament_prefix_path.sh
[4.450s] -- Installing: /root/ros2_ws/install/share/point_cloud_transport_plugins/environment/ament_prefix_path.dsv
[4.452s] -- Installing: /root/ros2_ws/install/share/point_cloud_transport_plugins/environment/path.sh
[4.454s] -- Installing: /root/ros2_ws/install/share/point_cloud_transport_plugins/environment/path.dsv
[4.454s] -- Installing: /root/ros2_ws/install/share/point_cloud_transport_plugins/local_setup.bash
[4.455s] -- Installing: /root/ros2_ws/install/share/point_cloud_transport_plugins/local_setup.sh
[4.457s] -- Installing: /root/ros2_ws/install/share/point_cloud_transport_plugins/local_setup.zsh
[4.458s] -- Installing: /root/ros2_ws/install/share/point_cloud_transport_plugins/local_setup.dsv
[4.459s] -- Installing: /root/ros2_ws/install/share/point_cloud_transport_plugins/package.dsv
[4.460s] -- Installing: /root/ros2_ws/install/share/ament_index/resource_index/packages/point_cloud_transport_plugins
[4.461s] -- Installing: /root/ros2_ws/install/share/point_cloud_transport_plugins/cmake/point_cloud_transport_pluginsConfig.cmake
[4.462s] -- Installing: /root/ros2_ws/install/share/point_cloud_transport_plugins/cmake/point_cloud_transport_pluginsConfig-version.cmake
[4.463s] -- Installing: /root/ros2_ws/install/share/point_cloud_transport_plugins/package.xml
[4.479s] Invoked command in '/root/ros2_ws/build/point_cloud_transport_plugins' returned '0': AMENT_PREFIX_PATH=/root/ros2_ws/install:${AMENT_PREFIX_PATH} CMAKE_PREFIX_PATH=/root/ros2_ws/install:/opt/ros/humble LD_LIBRARY_PATH=/root/ros2_ws/install/lib:/opt/ros/humble/opt/rviz_ogre_vendor/lib:/opt/ros/humble/lib/aarch64-linux-gnu:/opt/ros/humble/lib:/usr/local/cuda/lib64 PYTHONPATH=/root/ros2_ws/install/lib/python3.8/site-packages:/root/ros2_ws/install/lib/python3.9/site-packages:${PYTHONPATH} /usr/bin/cmake --install /root/ros2_ws/build/point_cloud_transport_plugins
