[6.832s] Invoking command in '/root/ros2_ws/src/diane_encoder': PYTHONPATH=/root/ros2_ws/build/diane_encoder/prefix_override:/usr/lib/python3/dist-packages/colcon_core/task/python/colcon_distutils_commands:/root/ros2_ws/install/lib/python3.8/site-packages:${PYTHONPATH} /usr/bin/python3 -W ignore:setup.py install is deprecated -W ignore:easy_install command is deprecated setup.py egg_info --egg-base ../../build/diane_encoder build --build-base /root/ros2_ws/build/diane_encoder/build install --record /root/ros2_ws/build/diane_encoder/install.log --single-version-externally-managed install_data
[8.370s] running egg_info
[8.377s] writing ../../build/diane_encoder/diane_encoder.egg-info/PKG-INFO
[8.400s] writing dependency_links to ../../build/diane_encoder/diane_encoder.egg-info/dependency_links.txt
[8.406s] writing entry points to ../../build/diane_encoder/diane_encoder.egg-info/entry_points.txt
[8.407s] writing requirements to ../../build/diane_encoder/diane_encoder.egg-info/requires.txt
[8.407s] writing top-level names to ../../build/diane_encoder/diane_encoder.egg-info/top_level.txt
[8.614s] reading manifest file '../../build/diane_encoder/diane_encoder.egg-info/SOURCES.txt'
[8.639s] writing manifest file '../../build/diane_encoder/diane_encoder.egg-info/SOURCES.txt'
[8.640s] running build
[8.640s] running build_py
[8.643s] running install
[8.653s] running install_lib
[8.664s] running install_data
[8.671s] running install_egg_info
[8.690s] removing '/root/ros2_ws/install/lib/python3.8/site-packages/diane_encoder-0.0.0-py3.8.egg-info' (and everything under it)
[8.692s] Copying ../../build/diane_encoder/diane_encoder.egg-info to /root/ros2_ws/install/lib/python3.8/site-packages/diane_encoder-0.0.0-py3.8.egg-info
[8.693s] running install_scripts
[8.803s] Installing diane_publisher script to /root/ros2_ws/install/lib/diane_encoder
[8.808s] writing list of installed files to '/root/ros2_ws/build/diane_encoder/install.log'
[8.938s] Invoked command in '/root/ros2_ws/src/diane_encoder' returned '0': PYTHONPATH=/root/ros2_ws/build/diane_encoder/prefix_override:/usr/lib/python3/dist-packages/colcon_core/task/python/colcon_distutils_commands:/root/ros2_ws/install/lib/python3.8/site-packages:${PYTHONPATH} /usr/bin/python3 -W ignore:setup.py install is deprecated -W ignore:easy_install command is deprecated setup.py egg_info --egg-base ../../build/diane_encoder build --build-base /root/ros2_ws/build/diane_encoder/build install --record /root/ros2_ws/build/diane_encoder/install.log --single-version-externally-managed install_data
