[7.588s] Invoking command in '/root/ros2_ws/src/zed_pointcloud_publisher': PYTHONPATH=/root/ros2_ws/build/zed_pointcloud_publisher/prefix_override:/usr/lib/python3/dist-packages/colcon_core/task/python/colcon_distutils_commands:/root/ros2_ws/install/lib/python3.8/site-packages:${PYTHONPATH} /usr/bin/python3 -W ignore:setup.py install is deprecated -W ignore:easy_install command is deprecated setup.py egg_info --egg-base ../../build/zed_pointcloud_publisher build --build-base /root/ros2_ws/build/zed_pointcloud_publisher/build install --record /root/ros2_ws/build/zed_pointcloud_publisher/install.log --single-version-externally-managed install_data
[9.078s] running egg_info
[9.084s] writing ../../build/zed_pointcloud_publisher/zed_pointcloud_publisher.egg-info/PKG-INFO
[9.102s] writing dependency_links to ../../build/zed_pointcloud_publisher/zed_pointcloud_publisher.egg-info/dependency_links.txt
[9.106s] writing entry points to ../../build/zed_pointcloud_publisher/zed_pointcloud_publisher.egg-info/entry_points.txt
[9.109s] writing requirements to ../../build/zed_pointcloud_publisher/zed_pointcloud_publisher.egg-info/requires.txt
[9.112s] writing top-level names to ../../build/zed_pointcloud_publisher/zed_pointcloud_publisher.egg-info/top_level.txt
[9.318s] reading manifest file '../../build/zed_pointcloud_publisher/zed_pointcloud_publisher.egg-info/SOURCES.txt'
[9.326s] writing manifest file '../../build/zed_pointcloud_publisher/zed_pointcloud_publisher.egg-info/SOURCES.txt'
[9.328s] running build
[9.328s] running build_py
[9.335s] running install
[9.341s] running install_lib
[9.357s] running install_data
[9.359s] running install_egg_info
[9.369s] removing '/root/ros2_ws/install/lib/python3.8/site-packages/zed_pointcloud_publisher-0.0.0-py3.8.egg-info' (and everything under it)
[9.370s] Copying ../../build/zed_pointcloud_publisher/zed_pointcloud_publisher.egg-info to /root/ros2_ws/install/lib/python3.8/site-packages/zed_pointcloud_publisher-0.0.0-py3.8.egg-info
[9.379s] running install_scripts
[9.479s] Installing zed_pointcloud_publisher script to /root/ros2_ws/install/lib/zed_pointcloud_publisher
[9.484s] writing list of installed files to '/root/ros2_ws/build/zed_pointcloud_publisher/install.log'
[9.661s] Invoked command in '/root/ros2_ws/src/zed_pointcloud_publisher' returned '0': PYTHONPATH=/root/ros2_ws/build/zed_pointcloud_publisher/prefix_override:/usr/lib/python3/dist-packages/colcon_core/task/python/colcon_distutils_commands:/root/ros2_ws/install/lib/python3.8/site-packages:${PYTHONPATH} /usr/bin/python3 -W ignore:setup.py install is deprecated -W ignore:easy_install command is deprecated setup.py egg_info --egg-base ../../build/zed_pointcloud_publisher build --build-base /root/ros2_ws/build/zed_pointcloud_publisher/build install --record /root/ros2_ws/build/zed_pointcloud_publisher/install.log --single-version-externally-managed install_data
