[5.973s] Invoking command in '/root/ros2_ws/src/zed_pointcloud_publisher': PYTHONPATH=/root/ros2_ws/build/zed_pointcloud_publisher/prefix_override:/usr/lib/python3/dist-packages/colcon_core/task/python/colcon_distutils_commands:/root/ros2_ws/install/lib/python3.8/site-packages:${PYTHONPATH} /usr/bin/python3 -W ignore:setup.py install is deprecated -W ignore:easy_install command is deprecated setup.py egg_info --egg-base ../../build/zed_pointcloud_publisher build --build-base /root/ros2_ws/build/zed_pointcloud_publisher/build install --record /root/ros2_ws/build/zed_pointcloud_publisher/install.log --single-version-externally-managed install_data
[7.398s] running egg_info
[7.402s] creating ../../build/zed_pointcloud_publisher/zed_pointcloud_publisher.egg-info
[7.404s] writing ../../build/zed_pointcloud_publisher/zed_pointcloud_publisher.egg-info/PKG-INFO
[7.408s] writing dependency_links to ../../build/zed_pointcloud_publisher/zed_pointcloud_publisher.egg-info/dependency_links.txt
[7.411s] writing entry points to ../../build/zed_pointcloud_publisher/zed_pointcloud_publisher.egg-info/entry_points.txt
[7.413s] writing requirements to ../../build/zed_pointcloud_publisher/zed_pointcloud_publisher.egg-info/requires.txt
[7.414s] writing top-level names to ../../build/zed_pointcloud_publisher/zed_pointcloud_publisher.egg-info/top_level.txt
[7.418s] writing manifest file '../../build/zed_pointcloud_publisher/zed_pointcloud_publisher.egg-info/SOURCES.txt'
[7.593s] reading manifest file '../../build/zed_pointcloud_publisher/zed_pointcloud_publisher.egg-info/SOURCES.txt'
[7.603s] writing manifest file '../../build/zed_pointcloud_publisher/zed_pointcloud_publisher.egg-info/SOURCES.txt'
[7.605s] running build
[7.608s] running build_py
[7.610s] creating /root/ros2_ws/build/zed_pointcloud_publisher/build
[7.612s] creating /root/ros2_ws/build/zed_pointcloud_publisher/build/lib
[7.613s] creating /root/ros2_ws/build/zed_pointcloud_publisher/build/lib/zed_pointcloud_publisher
[7.614s] copying zed_pointcloud_publisher/zed_pointcloud_publisher.py -> /root/ros2_ws/build/zed_pointcloud_publisher/build/lib/zed_pointcloud_publisher
[7.618s] copying zed_pointcloud_publisher/__init__.py -> /root/ros2_ws/build/zed_pointcloud_publisher/build/lib/zed_pointcloud_publisher
[7.619s] running install
[7.620s] running install_lib
[7.622s] creating /root/ros2_ws/install/lib/python3.8/site-packages/zed_pointcloud_publisher
[7.626s] copying /root/ros2_ws/build/zed_pointcloud_publisher/build/lib/zed_pointcloud_publisher/zed_pointcloud_publisher.py -> /root/ros2_ws/install/lib/python3.8/site-packages/zed_pointcloud_publisher
[7.627s] copying /root/ros2_ws/build/zed_pointcloud_publisher/build/lib/zed_pointcloud_publisher/__init__.py -> /root/ros2_ws/install/lib/python3.8/site-packages/zed_pointcloud_publisher
[7.630s] byte-compiling /root/ros2_ws/install/lib/python3.8/site-packages/zed_pointcloud_publisher/zed_pointcloud_publisher.py to zed_pointcloud_publisher.cpython-38.pyc
[7.638s] byte-compiling /root/ros2_ws/install/lib/python3.8/site-packages/zed_pointcloud_publisher/__init__.py to __init__.cpython-38.pyc
[7.639s] running install_data
[7.639s] copying resource/zed_pointcloud_publisher -> /root/ros2_ws/install/share/ament_index/resource_index/packages
[7.640s] copying package.xml -> /root/ros2_ws/install/share/zed_pointcloud_publisher
[7.641s] running install_egg_info
[7.644s] Copying ../../build/zed_pointcloud_publisher/zed_pointcloud_publisher.egg-info to /root/ros2_ws/install/lib/python3.8/site-packages/zed_pointcloud_publisher-0.0.0-py3.8.egg-info
[7.652s] running install_scripts
[7.747s] Installing zed_pointcloud_publisher script to /root/ros2_ws/install/lib/zed_pointcloud_publisher
[7.750s] writing list of installed files to '/root/ros2_ws/build/zed_pointcloud_publisher/install.log'
[7.958s] Invoked command in '/root/ros2_ws/src/zed_pointcloud_publisher' returned '0': PYTHONPATH=/root/ros2_ws/build/zed_pointcloud_publisher/prefix_override:/usr/lib/python3/dist-packages/colcon_core/task/python/colcon_distutils_commands:/root/ros2_ws/install/lib/python3.8/site-packages:${PYTHONPATH} /usr/bin/python3 -W ignore:setup.py install is deprecated -W ignore:easy_install command is deprecated setup.py egg_info --egg-base ../../build/zed_pointcloud_publisher build --build-base /root/ros2_ws/build/zed_pointcloud_publisher/build install --record /root/ros2_ws/build/zed_pointcloud_publisher/install.log --single-version-externally-managed install_data
