[0.162s] Invoking command in '/root/ros2_ws/build/point_cloud_transport_plugins': CMAKE_PREFIX_PATH=${CMAKE_PREFIX_PATH}:/opt/ros/humble LD_LIBRARY_PATH=/root/ros2_ws/install/lib:/usr/local/lib/python3.8/dist-packages/torch/lib:/usr/local/cuda/lib64:/usr/local/lib/python3.8/dist-packages/torch/lib:/opt/ros/humble/opt/rviz_ogre_vendor/lib:/opt/ros/humble/lib/aarch64-linux-gnu:/opt/ros/humble/lib:/usr/local/cuda/lib64 PYTHONPATH=/root/ros2_ws/install/lib/python3.8/site-packages:/root/ros2_ws/install/lib/python3.9/site-packages:/opt/ros/humble/lib/python3.8/site-packages /usr/bin/cmake --build /root/ros2_ws/build/point_cloud_transport_plugins -- -j6 -l6
[0.379s] Invoked command in '/root/ros2_ws/build/point_cloud_transport_plugins' returned '0': CMAKE_PREFIX_PATH=${CMAKE_PREFIX_PATH}:/opt/ros/humble LD_LIBRARY_PATH=/root/ros2_ws/install/lib:/usr/local/lib/python3.8/dist-packages/torch/lib:/usr/local/cuda/lib64:/usr/local/lib/python3.8/dist-packages/torch/lib:/opt/ros/humble/opt/rviz_ogre_vendor/lib:/opt/ros/humble/lib/aarch64-linux-gnu:/opt/ros/humble/lib:/usr/local/cuda/lib64 PYTHONPATH=/root/ros2_ws/install/lib/python3.8/site-packages:/root/ros2_ws/install/lib/python3.9/site-packages:/opt/ros/humble/lib/python3.8/site-packages /usr/bin/cmake --build /root/ros2_ws/build/point_cloud_transport_plugins -- -j6 -l6
[0.396s] Invoking command in '/root/ros2_ws/build/point_cloud_transport_plugins': CMAKE_PREFIX_PATH=${CMAKE_PREFIX_PATH}:/opt/ros/humble LD_LIBRARY_PATH=/root/ros2_ws/install/lib:/usr/local/lib/python3.8/dist-packages/torch/lib:/usr/local/cuda/lib64:/usr/local/lib/python3.8/dist-packages/torch/lib:/opt/ros/humble/opt/rviz_ogre_vendor/lib:/opt/ros/humble/lib/aarch64-linux-gnu:/opt/ros/humble/lib:/usr/local/cuda/lib64 PYTHONPATH=/root/ros2_ws/install/lib/python3.8/site-packages:/root/ros2_ws/install/lib/python3.9/site-packages:/opt/ros/humble/lib/python3.8/site-packages /usr/bin/cmake --install /root/ros2_ws/build/point_cloud_transport_plugins
[0.447s] -- Install configuration: ""
[0.448s] -- Up-to-date: /root/ros2_ws/install/share/ament_index/resource_index/package_run_dependencies/point_cloud_transport_plugins
[0.451s] -- Up-to-date: /root/ros2_ws/install/share/ament_index/resource_index/parent_prefix_path/point_cloud_transport_plugins
[0.454s] -- Up-to-date: /root/ros2_ws/install/share/point_cloud_transport_plugins/environment/ament_prefix_path.sh
[0.456s] -- Up-to-date: /root/ros2_ws/install/share/point_cloud_transport_plugins/environment/ament_prefix_path.dsv
[0.458s] -- Up-to-date: /root/ros2_ws/install/share/point_cloud_transport_plugins/environment/path.sh
[0.460s] -- Up-to-date: /root/ros2_ws/install/share/point_cloud_transport_plugins/environment/path.dsv
[0.464s] -- Up-to-date: /root/ros2_ws/install/share/point_cloud_transport_plugins/local_setup.bash
[0.465s] -- Up-to-date: /root/ros2_ws/install/share/point_cloud_transport_plugins/local_setup.sh
[0.483s] -- Up-to-date: /root/ros2_ws/install/share/point_cloud_transport_plugins/local_setup.zsh
[0.484s] -- Up-to-date: /root/ros2_ws/install/share/point_cloud_transport_plugins/local_setup.dsv
[0.484s] -- Up-to-date: /root/ros2_ws/install/share/point_cloud_transport_plugins/package.dsv
[0.485s] -- Up-to-date: /root/ros2_ws/install/share/ament_index/resource_index/packages/point_cloud_transport_plugins
[0.486s] -- Up-to-date: /root/ros2_ws/install/share/point_cloud_transport_plugins/cmake/point_cloud_transport_pluginsConfig.cmake
[0.486s] -- Up-to-date: /root/ros2_ws/install/share/point_cloud_transport_plugins/cmake/point_cloud_transport_pluginsConfig-version.cmake
[0.487s] -- Up-to-date: /root/ros2_ws/install/share/point_cloud_transport_plugins/package.xml
[0.487s] Invoked command in '/root/ros2_ws/build/point_cloud_transport_plugins' returned '0': CMAKE_PREFIX_PATH=${CMAKE_PREFIX_PATH}:/opt/ros/humble LD_LIBRARY_PATH=/root/ros2_ws/install/lib:/usr/local/lib/python3.8/dist-packages/torch/lib:/usr/local/cuda/lib64:/usr/local/lib/python3.8/dist-packages/torch/lib:/opt/ros/humble/opt/rviz_ogre_vendor/lib:/opt/ros/humble/lib/aarch64-linux-gnu:/opt/ros/humble/lib:/usr/local/cuda/lib64 PYTHONPATH=/root/ros2_ws/install/lib/python3.8/site-packages:/root/ros2_ws/install/lib/python3.9/site-packages:/opt/ros/humble/lib/python3.8/site-packages /usr/bin/cmake --install /root/ros2_ws/build/point_cloud_transport_plugins
