-- The C compiler identification is GNU 9.4.0
-- The CXX compiler identification is GNU 9.4.0
-- Check for working C compiler: /usr/bin/cc
-- Check for working C compiler: /usr/bin/cc -- works
-- Detecting C compiler ABI info
-- Detecting C compiler ABI info - done
-- Detecting C compile features
-- Detecting C compile features - done
-- Check for working CXX compiler: /usr/bin/c++
-- Check for working CXX compiler: /usr/bin/c++ -- works
-- Detecting CXX compiler ABI info
-- Detecting CXX compiler ABI info - done
-- Detecting CXX compile features
-- Detecting CXX compile features - done
-- Found ament_cmake: 1.3.6 (/opt/ros/humble/share/ament_cmake/cmake)
-- Found Python3: /usr/bin/python3.9 (found version "3.9.5") found components: Interpreter 
-- Found pluginlib: 5.1.0 (/opt/ros/humble/share/pluginlib/cmake)
-- Found point_cloud_interfaces: 1.0.11 (/root/ros2_ws/install/share/point_cloud_interfaces/cmake)
-- Found rosidl_generator_c: 3.1.5 (/opt/ros/humble/share/rosidl_generator_c/cmake)
-- Found rosidl_adapter: 3.1.5 (/opt/ros/humble/share/rosidl_adapter/cmake)
-- Found rosidl_generator_cpp: 3.1.5 (/opt/ros/humble/share/rosidl_generator_cpp/cmake)
-- Using all available rosidl_typesupport_c: rosidl_typesupport_fastrtps_c;rosidl_typesupport_introspection_c
-- Using all available rosidl_typesupport_cpp: rosidl_typesupport_fastrtps_cpp;rosidl_typesupport_introspection_cpp
-- Found point_cloud_transport: 1.0.15 (/opt/ros/humble/share/point_cloud_transport/cmake)
-- Found rmw_implementation_cmake: 6.1.1 (/opt/ros/humble/share/rmw_implementation_cmake/cmake)
-- Found rmw_fastrtps_cpp: 6.2.5 (/opt/ros/humble/share/rmw_fastrtps_cpp/cmake)
-- Found TinyXML2 via Config file: TinyXML2_DIR-NOTFOUND
-- Found OpenSSL: /usr/lib/aarch64-linux-gnu/libcrypto.so (found version "1.1.1f")  
-- Found TinyXML2 via Config file: TinyXML2_DIR-NOTFOUND
-- Found FastRTPS: /opt/ros/humble/include  
-- Found TinyXML2 via Config file: TinyXML2_DIR-NOTFOUND
-- Found TinyXML2 via Config file: TinyXML2_DIR-NOTFOUND
-- Using RMW implementation 'rmw_fastrtps_cpp' as default
-- Looking for pthread.h
-- Looking for pthread.h - found
-- Performing Test CMAKE_HAVE_LIBC_PTHREAD
-- Performing Test CMAKE_HAVE_LIBC_PTHREAD - Failed
-- Looking for pthread_create in pthreads
-- Looking for pthread_create in pthreads - not found
-- Looking for pthread_create in pthread
-- Looking for pthread_create in pthread - found
-- Found Threads: TRUE  
-- Found CUDA: /usr/local/cuda (found version "11.4") 
-- The CUDA compiler identification is NVIDIA 11.4.315
-- Check for working CUDA compiler: /usr/local/cuda/bin/nvcc
-- Check for working CUDA compiler: /usr/local/cuda/bin/nvcc -- works
-- Detecting CUDA compiler ABI info
-- Detecting CUDA compiler ABI info - done
-- Caffe2: CUDA detected: 11.4
-- Caffe2: CUDA nvcc is: /usr/local/cuda/bin/nvcc
-- Caffe2: CUDA toolkit directory: /usr/local/cuda
-- Caffe2: Header version is: 11.4
-- Found CUDNN: /usr/lib/aarch64-linux-gnu/libcudnn.so  
-- Found cuDNN: v8.6.0  (include: /usr/include, library: /usr/lib/aarch64-linux-gnu/libcudnn.so)
-- /usr/local/cuda/lib64/libnvrtc.so shorthash is 7c7201d5
-- Autodetected CUDA architecture(s):  7.2
-- Added CUDA NVCC flags for: -gencode;arch=compute_72,code=sm_72
-- Found Torch: /usr/local/lib/python3.8/dist-packages/torch/lib/libtorch.so  
-- Found OpenMP_C: -fopenmp (found version "4.5") 
-- Found OpenMP_CXX: -fopenmp (found version "4.5") 
-- Found OpenMP: TRUE (found version "4.5")  
-- Found ament_lint_auto: 0.12.9 (/opt/ros/humble/share/ament_lint_auto/cmake)
-- Added test 'copyright' to check source files copyright and LICENSE
-- Added test 'cppcheck' to perform static code analysis on C / C++ code
-- Configured cppcheck include dirs: /root/ros2_ws/src/point_cloud_transport_plugins-humble/diane_point_cloud_transport/include;$<BUILD_INTERFACE:/root/ros2_ws/src/point_cloud_transport_plugins-humble/diane_point_cloud_transport/include>
-- Configured cppcheck exclude dirs and/or files: 
-- Added test 'cpplint' to check C / C++ code against the Google style
-- Configured cpplint exclude dirs and/or files: 
-- Added test 'lint_cmake' to check CMake code style
-- Added test 'uncrustify' to check C / C++ code style
-- Configured uncrustify additional arguments: 
-- Added test 'xmllint' to check XML markup files
-- Configuring done
-- Generating done
-- Build files have been written to: /root/ros2_ws/build/diane_point_cloud_transport
[35m[1mScanning dependencies of target diane_point_cloud_transport[0m
[ 20%] [32mBuilding CXX object CMakeFiles/diane_point_cloud_transport.dir/src/diane_encoder.cpp.o[0m
[ 40%] [32mBuilding CXX object CMakeFiles/diane_point_cloud_transport.dir/src/diane_publisher.cpp.o[0m
[ 60%] [32mBuilding CXX object CMakeFiles/diane_point_cloud_transport.dir/src/diane_subscriber.cpp.o[0m
[ 80%] [32mBuilding CXX object CMakeFiles/diane_point_cloud_transport.dir/src/manifest.cpp.o[0m
[100%] [32m[1mLinking CXX shared library libdiane_point_cloud_transport.so[0m
[100%] Built target diane_point_cloud_transport
-- Install configuration: ""
-- Installing: /root/ros2_ws/install/lib/libdiane_point_cloud_transport.so
-- Set runtime path of "/root/ros2_ws/install/lib/libdiane_point_cloud_transport.so" to ""
-- Installing: /root/ros2_ws/install/include/diane_point_cloud_transport
-- Installing: /root/ros2_ws/install/include/diane_point_cloud_transport/diane_subscriber.hpp
-- Installing: /root/ros2_ws/install/include/diane_point_cloud_transport/diane_publisher.hpp
-- Installing: /root/ros2_ws/install/include/diane_point_cloud_transport/diane_encoder.hpp
-- Installing: /root/ros2_ws/install/share/diane_point_cloud_transport/diane_plugins.xml
-- Installing: /root/ros2_ws/install/share/diane_point_cloud_transport/environment/library_path.sh
-- Installing: /root/ros2_ws/install/share/diane_point_cloud_transport/environment/library_path.dsv
-- Installing: /root/ros2_ws/install/share/ament_index/resource_index/package_run_dependencies/diane_point_cloud_transport
-- Installing: /root/ros2_ws/install/share/ament_index/resource_index/parent_prefix_path/diane_point_cloud_transport
-- Installing: /root/ros2_ws/install/share/diane_point_cloud_transport/environment/ament_prefix_path.sh
-- Installing: /root/ros2_ws/install/share/diane_point_cloud_transport/environment/ament_prefix_path.dsv
-- Installing: /root/ros2_ws/install/share/diane_point_cloud_transport/environment/path.sh
-- Installing: /root/ros2_ws/install/share/diane_point_cloud_transport/environment/path.dsv
-- Installing: /root/ros2_ws/install/share/diane_point_cloud_transport/local_setup.bash
-- Installing: /root/ros2_ws/install/share/diane_point_cloud_transport/local_setup.sh
-- Installing: /root/ros2_ws/install/share/diane_point_cloud_transport/local_setup.zsh
-- Installing: /root/ros2_ws/install/share/diane_point_cloud_transport/local_setup.dsv
-- Installing: /root/ros2_ws/install/share/diane_point_cloud_transport/package.dsv
-- Installing: /root/ros2_ws/install/share/ament_index/resource_index/packages/diane_point_cloud_transport
-- Installing: /root/ros2_ws/install/share/ament_index/resource_index/point_cloud_transport__pluginlib__plugin/diane_point_cloud_transport
-- Installing: /root/ros2_ws/install/share/diane_point_cloud_transport/cmake/ament_cmake_export_include_directories-extras.cmake
-- Installing: /root/ros2_ws/install/share/diane_point_cloud_transport/cmake/ament_cmake_export_libraries-extras.cmake
-- Installing: /root/ros2_ws/install/share/diane_point_cloud_transport/cmake/ament_cmake_export_dependencies-extras.cmake
-- Installing: /root/ros2_ws/install/share/diane_point_cloud_transport/cmake/diane_point_cloud_transportConfig.cmake
-- Installing: /root/ros2_ws/install/share/diane_point_cloud_transport/cmake/diane_point_cloud_transportConfig-version.cmake
-- Installing: /root/ros2_ws/install/share/diane_point_cloud_transport/package.xml
