[0.079s] Invoking command in '/root/ros2_ws/build/diane_point_cloud_transport': AMENT_PREFIX_PATH=/root/ros2_ws/install:${AMENT_PREFIX_PATH} CMAKE_PREFIX_PATH=/root/ros2_ws/install:/opt/ros/humble LD_LIBRARY_PATH=/root/ros2_ws/install/lib:/usr/local/lib/python3.8/dist-packages/torch/lib:/usr/local/cuda/lib64:/usr/local/lib/python3.8/dist-packages/torch/lib:/opt/ros/humble/opt/rviz_ogre_vendor/lib:/opt/ros/humble/lib/aarch64-linux-gnu:/opt/ros/humble/lib:/usr/local/cuda/lib64 PYTHONPATH=/root/ros2_ws/install/lib/python3.9/site-packages:/root/ros2_ws/install/lib/python3.8/site-packages:${PYTHONPATH} /usr/bin/cmake /root/ros2_ws/src/point_cloud_transport_plugins-humble/diane_point_cloud_transport -DCMAKE_INSTALL_PREFIX=/root/ros2_ws/install
[0.461s] -- The C compiler identification is GNU 9.4.0
[0.832s] -- The CXX compiler identification is GNU 9.4.0
[0.868s] -- Check for working C compiler: /usr/bin/cc
[1.312s] -- Check for working C compiler: /usr/bin/cc -- works
[1.317s] -- Detecting C compiler ABI info
[1.755s] -- Detecting C compiler ABI info - done
[1.836s] -- Detecting C compile features
[1.838s] -- Detecting C compile features - done
[1.855s] -- Check for working CXX compiler: /usr/bin/c++
[2.347s] -- Check for working CXX compiler: /usr/bin/c++ -- works
[2.353s] -- Detecting CXX compiler ABI info
[2.856s] -- Detecting CXX compiler ABI info - done
[2.940s] -- Detecting CXX compile features
[2.943s] -- Detecting CXX compile features - done
[2.961s] -- Found ament_cmake: 1.3.6 (/opt/ros/humble/share/ament_cmake/cmake)
[3.730s] -- Found Python3: /usr/bin/python3.9 (found version "3.9.5") found components: Interpreter 
[4.214s] -- Found pluginlib: 5.1.0 (/opt/ros/humble/share/pluginlib/cmake)
[4.470s] -- Found point_cloud_interfaces: 1.0.11 (/root/ros2_ws/install/share/point_cloud_interfaces/cmake)
[4.639s] -- Found rosidl_generator_c: 3.1.5 (/opt/ros/humble/share/rosidl_generator_c/cmake)
[4.670s] -- Found rosidl_adapter: 3.1.5 (/opt/ros/humble/share/rosidl_adapter/cmake)
[4.726s] -- Found rosidl_generator_cpp: 3.1.5 (/opt/ros/humble/share/rosidl_generator_cpp/cmake)
[4.831s] -- Using all available rosidl_typesupport_c: rosidl_typesupport_fastrtps_c;rosidl_typesupport_introspection_c
[4.945s] -- Using all available rosidl_typesupport_cpp: rosidl_typesupport_fastrtps_cpp;rosidl_typesupport_introspection_cpp
[6.938s] -- Found point_cloud_transport: 1.0.15 (/opt/ros/humble/share/point_cloud_transport/cmake)
[7.367s] -- Found rmw_implementation_cmake: 6.1.1 (/opt/ros/humble/share/rmw_implementation_cmake/cmake)
[7.386s] -- Found rmw_fastrtps_cpp: 6.2.5 (/opt/ros/humble/share/rmw_fastrtps_cpp/cmake)
[7.668s] -- Found TinyXML2 via Config file: TinyXML2_DIR-NOTFOUND
[8.168s] -- Found OpenSSL: /usr/lib/aarch64-linux-gnu/libcrypto.so (found version "1.1.1f")  
[8.190s] -- Found TinyXML2 via Config file: TinyXML2_DIR-NOTFOUND
[8.278s] -- Found FastRTPS: /opt/ros/humble/include  
[8.337s] -- Found TinyXML2 via Config file: TinyXML2_DIR-NOTFOUND
[8.387s] -- Found TinyXML2 via Config file: TinyXML2_DIR-NOTFOUND
[8.450s] -- Using RMW implementation 'rmw_fastrtps_cpp' as default
[8.517s] -- Looking for pthread.h
[8.986s] -- Looking for pthread.h - found
[8.989s] -- Performing Test CMAKE_HAVE_LIBC_PTHREAD
[9.474s] -- Performing Test CMAKE_HAVE_LIBC_PTHREAD - Failed
[9.476s] -- Looking for pthread_create in pthreads
[9.873s] -- Looking for pthread_create in pthreads - not found
[9.875s] -- Looking for pthread_create in pthread
[10.333s] -- Looking for pthread_create in pthread - found
[10.342s] -- Found Threads: TRUE  
[11.488s] -- Found CUDA: /usr/local/cuda (found version "11.4") 
[15.530s] -- The CUDA compiler identification is NVIDIA 11.4.315
[15.562s] -- Check for working CUDA compiler: /usr/local/cuda/bin/nvcc
[19.164s] -- Check for working CUDA compiler: /usr/local/cuda/bin/nvcc -- works
[19.173s] -- Detecting CUDA compiler ABI info
[22.692s] -- Detecting CUDA compiler ABI info - done
[22.796s] -- Caffe2: CUDA detected: 11.4
[22.797s] -- Caffe2: CUDA nvcc is: /usr/local/cuda/bin/nvcc
[22.800s] -- Caffe2: CUDA toolkit directory: /usr/local/cuda
[23.473s] -- Caffe2: Header version is: 11.4
[23.529s] -- Found CUDNN: /usr/lib/aarch64-linux-gnu/libcudnn.so  
[23.532s] -- Found cuDNN: v8.6.0  (include: /usr/include, library: /usr/lib/aarch64-linux-gnu/libcudnn.so)
[23.761s] -- /usr/local/cuda/lib64/libnvrtc.so shorthash is 7c7201d5
[27.348s] -- Autodetected CUDA architecture(s):  7.2
[27.351s] -- Added CUDA NVCC flags for: -gencode;arch=compute_72,code=sm_72
[27.513s] -- Found Torch: /usr/local/lib/python3.8/dist-packages/torch/lib/libtorch.so  
[29.090s] -- Found OpenMP_C: -fopenmp (found version "4.5") 
[29.630s] -- Found OpenMP_CXX: -fopenmp (found version "4.5") 
[29.633s] -- Found OpenMP: TRUE (found version "4.5")  
[29.652s] -- Found ament_lint_auto: 0.12.9 (/opt/ros/humble/share/ament_lint_auto/cmake)
[30.114s] -- Added test 'copyright' to check source files copyright and LICENSE
[30.126s] -- Added test 'cppcheck' to perform static code analysis on C / C++ code
[30.127s] -- Configured cppcheck include dirs: /root/ros2_ws/src/point_cloud_transport_plugins-humble/diane_point_cloud_transport/include;$<BUILD_INTERFACE:/root/ros2_ws/src/point_cloud_transport_plugins-humble/diane_point_cloud_transport/include>
[30.129s] -- Configured cppcheck exclude dirs and/or files: 
[30.137s] -- Added test 'cpplint' to check C / C++ code against the Google style
[30.138s] -- Configured cpplint exclude dirs and/or files: 
[30.144s] -- Added test 'lint_cmake' to check CMake code style
[30.155s] -- Added test 'uncrustify' to check C / C++ code style
[30.156s] -- Configured uncrustify additional arguments: 
[30.160s] -- Added test 'xmllint' to check XML markup files
[30.211s] -- Configuring done
[30.367s] -- Generating done
[30.413s] -- Build files have been written to: /root/ros2_ws/build/diane_point_cloud_transport
[30.463s] Invoked command in '/root/ros2_ws/build/diane_point_cloud_transport' returned '0': AMENT_PREFIX_PATH=/root/ros2_ws/install:${AMENT_PREFIX_PATH} CMAKE_PREFIX_PATH=/root/ros2_ws/install:/opt/ros/humble LD_LIBRARY_PATH=/root/ros2_ws/install/lib:/usr/local/lib/python3.8/dist-packages/torch/lib:/usr/local/cuda/lib64:/usr/local/lib/python3.8/dist-packages/torch/lib:/opt/ros/humble/opt/rviz_ogre_vendor/lib:/opt/ros/humble/lib/aarch64-linux-gnu:/opt/ros/humble/lib:/usr/local/cuda/lib64 PYTHONPATH=/root/ros2_ws/install/lib/python3.9/site-packages:/root/ros2_ws/install/lib/python3.8/site-packages:${PYTHONPATH} /usr/bin/cmake /root/ros2_ws/src/point_cloud_transport_plugins-humble/diane_point_cloud_transport -DCMAKE_INSTALL_PREFIX=/root/ros2_ws/install
[30.478s] Invoking command in '/root/ros2_ws/build/diane_point_cloud_transport': AMENT_PREFIX_PATH=/root/ros2_ws/install:${AMENT_PREFIX_PATH} CMAKE_PREFIX_PATH=/root/ros2_ws/install:/opt/ros/humble LD_LIBRARY_PATH=/root/ros2_ws/install/lib:/usr/local/lib/python3.8/dist-packages/torch/lib:/usr/local/cuda/lib64:/usr/local/lib/python3.8/dist-packages/torch/lib:/opt/ros/humble/opt/rviz_ogre_vendor/lib:/opt/ros/humble/lib/aarch64-linux-gnu:/opt/ros/humble/lib:/usr/local/cuda/lib64 PYTHONPATH=/root/ros2_ws/install/lib/python3.9/site-packages:/root/ros2_ws/install/lib/python3.8/site-packages:${PYTHONPATH} /usr/bin/cmake --build /root/ros2_ws/build/diane_point_cloud_transport -- -j6 -l6
[30.739s] [35m[1mScanning dependencies of target diane_point_cloud_transport[0m
[40.066s] [ 20%] [32mBuilding CXX object CMakeFiles/diane_point_cloud_transport.dir/src/diane_encoder.cpp.o[0m
[40.124s] [ 40%] [32mBuilding CXX object CMakeFiles/diane_point_cloud_transport.dir/src/diane_publisher.cpp.o[0m
[40.153s] [ 60%] [32mBuilding CXX object CMakeFiles/diane_point_cloud_transport.dir/src/diane_subscriber.cpp.o[0m
[40.172s] [ 80%] [32mBuilding CXX object CMakeFiles/diane_point_cloud_transport.dir/src/manifest.cpp.o[0m
[151.175s] [100%] [32m[1mLinking CXX shared library libdiane_point_cloud_transport.so[0m
[155.978s] [100%] Built target diane_point_cloud_transport
[156.043s] Invoked command in '/root/ros2_ws/build/diane_point_cloud_transport' returned '0': AMENT_PREFIX_PATH=/root/ros2_ws/install:${AMENT_PREFIX_PATH} CMAKE_PREFIX_PATH=/root/ros2_ws/install:/opt/ros/humble LD_LIBRARY_PATH=/root/ros2_ws/install/lib:/usr/local/lib/python3.8/dist-packages/torch/lib:/usr/local/cuda/lib64:/usr/local/lib/python3.8/dist-packages/torch/lib:/opt/ros/humble/opt/rviz_ogre_vendor/lib:/opt/ros/humble/lib/aarch64-linux-gnu:/opt/ros/humble/lib:/usr/local/cuda/lib64 PYTHONPATH=/root/ros2_ws/install/lib/python3.9/site-packages:/root/ros2_ws/install/lib/python3.8/site-packages:${PYTHONPATH} /usr/bin/cmake --build /root/ros2_ws/build/diane_point_cloud_transport -- -j6 -l6
[156.060s] Invoking command in '/root/ros2_ws/build/diane_point_cloud_transport': AMENT_PREFIX_PATH=/root/ros2_ws/install:${AMENT_PREFIX_PATH} CMAKE_PREFIX_PATH=/root/ros2_ws/install:/opt/ros/humble LD_LIBRARY_PATH=/root/ros2_ws/install/lib:/usr/local/lib/python3.8/dist-packages/torch/lib:/usr/local/cuda/lib64:/usr/local/lib/python3.8/dist-packages/torch/lib:/opt/ros/humble/opt/rviz_ogre_vendor/lib:/opt/ros/humble/lib/aarch64-linux-gnu:/opt/ros/humble/lib:/usr/local/cuda/lib64 PYTHONPATH=/root/ros2_ws/install/lib/python3.9/site-packages:/root/ros2_ws/install/lib/python3.8/site-packages:${PYTHONPATH} /usr/bin/cmake --install /root/ros2_ws/build/diane_point_cloud_transport
[156.108s] -- Install configuration: ""
[156.109s] -- Installing: /root/ros2_ws/install/lib/libdiane_point_cloud_transport.so
[156.191s] -- Set runtime path of "/root/ros2_ws/install/lib/libdiane_point_cloud_transport.so" to ""
[156.192s] -- Installing: /root/ros2_ws/install/include/diane_point_cloud_transport
[156.193s] -- Installing: /root/ros2_ws/install/include/diane_point_cloud_transport/diane_subscriber.hpp
[156.194s] -- Installing: /root/ros2_ws/install/include/diane_point_cloud_transport/diane_publisher.hpp
[156.195s] -- Installing: /root/ros2_ws/install/include/diane_point_cloud_transport/diane_encoder.hpp
[156.197s] -- Installing: /root/ros2_ws/install/share/diane_point_cloud_transport/diane_plugins.xml
[156.200s] -- Installing: /root/ros2_ws/install/share/diane_point_cloud_transport/environment/library_path.sh
[156.202s] -- Installing: /root/ros2_ws/install/share/diane_point_cloud_transport/environment/library_path.dsv
[156.203s] -- Installing: /root/ros2_ws/install/share/ament_index/resource_index/package_run_dependencies/diane_point_cloud_transport
[156.204s] -- Installing: /root/ros2_ws/install/share/ament_index/resource_index/parent_prefix_path/diane_point_cloud_transport
[156.206s] -- Installing: /root/ros2_ws/install/share/diane_point_cloud_transport/environment/ament_prefix_path.sh
[156.207s] -- Installing: /root/ros2_ws/install/share/diane_point_cloud_transport/environment/ament_prefix_path.dsv
[156.209s] -- Installing: /root/ros2_ws/install/share/diane_point_cloud_transport/environment/path.sh
[156.210s] -- Installing: /root/ros2_ws/install/share/diane_point_cloud_transport/environment/path.dsv
[156.212s] -- Installing: /root/ros2_ws/install/share/diane_point_cloud_transport/local_setup.bash
[156.214s] -- Installing: /root/ros2_ws/install/share/diane_point_cloud_transport/local_setup.sh
[156.215s] -- Installing: /root/ros2_ws/install/share/diane_point_cloud_transport/local_setup.zsh
[156.217s] -- Installing: /root/ros2_ws/install/share/diane_point_cloud_transport/local_setup.dsv
[156.219s] -- Installing: /root/ros2_ws/install/share/diane_point_cloud_transport/package.dsv
[156.220s] -- Installing: /root/ros2_ws/install/share/ament_index/resource_index/packages/diane_point_cloud_transport
[156.221s] -- Installing: /root/ros2_ws/install/share/ament_index/resource_index/point_cloud_transport__pluginlib__plugin/diane_point_cloud_transport
[156.223s] -- Installing: /root/ros2_ws/install/share/diane_point_cloud_transport/cmake/ament_cmake_export_include_directories-extras.cmake
[156.224s] -- Installing: /root/ros2_ws/install/share/diane_point_cloud_transport/cmake/ament_cmake_export_libraries-extras.cmake
[156.226s] -- Installing: /root/ros2_ws/install/share/diane_point_cloud_transport/cmake/ament_cmake_export_dependencies-extras.cmake
[156.227s] -- Installing: /root/ros2_ws/install/share/diane_point_cloud_transport/cmake/diane_point_cloud_transportConfig.cmake
[156.228s] -- Installing: /root/ros2_ws/install/share/diane_point_cloud_transport/cmake/diane_point_cloud_transportConfig-version.cmake
[156.229s] -- Installing: /root/ros2_ws/install/share/diane_point_cloud_transport/package.xml
[156.245s] Invoked command in '/root/ros2_ws/build/diane_point_cloud_transport' returned '0': AMENT_PREFIX_PATH=/root/ros2_ws/install:${AMENT_PREFIX_PATH} CMAKE_PREFIX_PATH=/root/ros2_ws/install:/opt/ros/humble LD_LIBRARY_PATH=/root/ros2_ws/install/lib:/usr/local/lib/python3.8/dist-packages/torch/lib:/usr/local/cuda/lib64:/usr/local/lib/python3.8/dist-packages/torch/lib:/opt/ros/humble/opt/rviz_ogre_vendor/lib:/opt/ros/humble/lib/aarch64-linux-gnu:/opt/ros/humble/lib:/usr/local/cuda/lib64 PYTHONPATH=/root/ros2_ws/install/lib/python3.9/site-packages:/root/ros2_ws/install/lib/python3.8/site-packages:${PYTHONPATH} /usr/bin/cmake --install /root/ros2_ws/build/diane_point_cloud_transport
