[6.805s] Invoking command in '/root/ros2_ws/src/zed_pointcloud_publisher': PYTHONPATH=/root/ros2_ws/build/zed_pointcloud_publisher/prefix_override:/usr/lib/python3/dist-packages/colcon_core/task/python/colcon_distutils_commands:/root/ros2_ws/install/lib/python3.8/site-packages:${PYTHONPATH} /usr/bin/python3 -W ignore:setup.py install is deprecated -W ignore:easy_install command is deprecated setup.py egg_info --egg-base ../../build/zed_pointcloud_publisher build --build-base /root/ros2_ws/build/zed_pointcloud_publisher/build install --record /root/ros2_ws/build/zed_pointcloud_publisher/install.log --single-version-externally-managed install_data
[8.339s] running egg_info
[8.339s] writing ../../build/zed_pointcloud_publisher/zed_pointcloud_publisher.egg-info/PKG-INFO
[8.340s] writing dependency_links to ../../build/zed_pointcloud_publisher/zed_pointcloud_publisher.egg-info/dependency_links.txt
[8.340s] writing entry points to ../../build/zed_pointcloud_publisher/zed_pointcloud_publisher.egg-info/entry_points.txt
[8.346s] writing requirements to ../../build/zed_pointcloud_publisher/zed_pointcloud_publisher.egg-info/requires.txt
[8.350s] writing top-level names to ../../build/zed_pointcloud_publisher/zed_pointcloud_publisher.egg-info/top_level.txt
[8.559s] reading manifest file '../../build/zed_pointcloud_publisher/zed_pointcloud_publisher.egg-info/SOURCES.txt'
[8.562s] writing manifest file '../../build/zed_pointcloud_publisher/zed_pointcloud_publisher.egg-info/SOURCES.txt'
[8.564s] running build
[8.565s] running build_py
[8.568s] running install
[8.568s] running install_lib
[8.580s] running install_data
[8.581s] running install_egg_info
[8.595s] removing '/root/ros2_ws/install/lib/python3.8/site-packages/zed_pointcloud_publisher-0.0.0-py3.8.egg-info' (and everything under it)
[8.599s] Copying ../../build/zed_pointcloud_publisher/zed_pointcloud_publisher.egg-info to /root/ros2_ws/install/lib/python3.8/site-packages/zed_pointcloud_publisher-0.0.0-py3.8.egg-info
[8.610s] running install_scripts
[8.713s] Installing zed_pointcloud_publisher script to /root/ros2_ws/install/lib/zed_pointcloud_publisher
[8.716s] writing list of installed files to '/root/ros2_ws/build/zed_pointcloud_publisher/install.log'
[8.954s] Invoked command in '/root/ros2_ws/src/zed_pointcloud_publisher' returned '0': PYTHONPATH=/root/ros2_ws/build/zed_pointcloud_publisher/prefix_override:/usr/lib/python3/dist-packages/colcon_core/task/python/colcon_distutils_commands:/root/ros2_ws/install/lib/python3.8/site-packages:${PYTHONPATH} /usr/bin/python3 -W ignore:setup.py install is deprecated -W ignore:easy_install command is deprecated setup.py egg_info --egg-base ../../build/zed_pointcloud_publisher build --build-base /root/ros2_ws/build/zed_pointcloud_publisher/build install --record /root/ros2_ws/build/zed_pointcloud_publisher/install.log --single-version-externally-managed install_data
