[  3%] Built target point_cloud_interfaces__cpp
[ 12%] Built target point_cloud_interfaces__rosidl_generator_c
[ 12%] Built target ament_cmake_python_copy_point_cloud_interfaces
[ 22%] Built target point_cloud_interfaces__rosidl_typesupport_fastrtps_cpp
[ 32%] Built target point_cloud_interfaces__rosidl_typesupport_cpp
[ 41%] Built target point_cloud_interfaces__rosidl_typesupport_introspection_cpp
[ 51%] Built target point_cloud_interfaces__rosidl_typesupport_c
[ 61%] Built target point_cloud_interfaces__rosidl_typesupport_fastrtps_c
[ 70%] Built target point_cloud_interfaces__rosidl_typesupport_introspection_c
[ 70%] Built target point_cloud_interfaces
[ 74%] Built target point_cloud_interfaces__py
[ 80%] Built target point_cloud_interfaces__rosidl_generator_py
[ 87%] Built target point_cloud_interfaces__rosidl_typesupport_c__pyext
[ 93%] Built target point_cloud_interfaces__rosidl_typesupport_introspection_c__pyext
[100%] Built target point_cloud_interfaces__rosidl_typesupport_fastrtps_c__pyext
running egg_info
writing point_cloud_interfaces.egg-info/PKG-INFO
writing dependency_links to point_cloud_interfaces.egg-info/dependency_links.txt
writing top-level names to point_cloud_interfaces.egg-info/top_level.txt
reading manifest file 'point_cloud_interfaces.egg-info/SOURCES.txt'
writing manifest file 'point_cloud_interfaces.egg-info/SOURCES.txt'
[100%] Built target ament_cmake_python_build_point_cloud_interfaces_egg
-- Install configuration: ""
-- Up-to-date: /root/ros2_ws/install/share/ament_index/resource_index/rosidl_interfaces/point_cloud_interfaces
-- Up-to-date: /root/ros2_ws/install/include/point_cloud_interfaces/point_cloud_interfaces
-- Up-to-date: /root/ros2_ws/install/include/point_cloud_interfaces/point_cloud_interfaces/msg
-- Up-to-date: /root/ros2_ws/install/include/point_cloud_interfaces/point_cloud_interfaces/msg/compressed_point_cloud2.h
-- Up-to-date: /root/ros2_ws/install/include/point_cloud_interfaces/point_cloud_interfaces/msg/detail
-- Up-to-date: /root/ros2_ws/install/include/point_cloud_interfaces/point_cloud_interfaces/msg/detail/compressed_point_cloud2__struct.h
-- Up-to-date: /root/ros2_ws/install/include/point_cloud_interfaces/point_cloud_interfaces/msg/detail/compressed_point_cloud2__functions.c
-- Up-to-date: /root/ros2_ws/install/include/point_cloud_interfaces/point_cloud_interfaces/msg/detail/compressed_point_cloud2__type_support.h
-- Up-to-date: /root/ros2_ws/install/include/point_cloud_interfaces/point_cloud_interfaces/msg/detail/compressed_point_cloud2__functions.h
-- Up-to-date: /root/ros2_ws/install/include/point_cloud_interfaces/point_cloud_interfaces/msg/rosidl_generator_c__visibility_control.h
-- Up-to-date: /root/ros2_ws/install/share/point_cloud_interfaces/environment/library_path.sh
-- Up-to-date: /root/ros2_ws/install/share/point_cloud_interfaces/environment/library_path.dsv
-- Up-to-date: /root/ros2_ws/install/lib/libpoint_cloud_interfaces__rosidl_generator_c.so
-- Up-to-date: /root/ros2_ws/install/include/point_cloud_interfaces/point_cloud_interfaces
-- Up-to-date: /root/ros2_ws/install/include/point_cloud_interfaces/point_cloud_interfaces/msg
-- Up-to-date: /root/ros2_ws/install/include/point_cloud_interfaces/point_cloud_interfaces/msg/rosidl_typesupport_fastrtps_c__visibility_control.h
-- Up-to-date: /root/ros2_ws/install/include/point_cloud_interfaces/point_cloud_interfaces/msg/detail
-- Up-to-date: /root/ros2_ws/install/include/point_cloud_interfaces/point_cloud_interfaces/msg/detail/compressed_point_cloud2__rosidl_typesupport_fastrtps_c.h
-- Up-to-date: /root/ros2_ws/install/lib/libpoint_cloud_interfaces__rosidl_typesupport_fastrtps_c.so
-- Up-to-date: /root/ros2_ws/install/include/point_cloud_interfaces/point_cloud_interfaces
-- Up-to-date: /root/ros2_ws/install/include/point_cloud_interfaces/point_cloud_interfaces/msg
-- Up-to-date: /root/ros2_ws/install/include/point_cloud_interfaces/point_cloud_interfaces/msg/compressed_point_cloud2.hpp
-- Up-to-date: /root/ros2_ws/install/include/point_cloud_interfaces/point_cloud_interfaces/msg/detail
-- Up-to-date: /root/ros2_ws/install/include/point_cloud_interfaces/point_cloud_interfaces/msg/detail/compressed_point_cloud2__traits.hpp
-- Up-to-date: /root/ros2_ws/install/include/point_cloud_interfaces/point_cloud_interfaces/msg/detail/compressed_point_cloud2__builder.hpp
-- Up-to-date: /root/ros2_ws/install/include/point_cloud_interfaces/point_cloud_interfaces/msg/detail/compressed_point_cloud2__struct.hpp
-- Up-to-date: /root/ros2_ws/install/include/point_cloud_interfaces/point_cloud_interfaces
-- Up-to-date: /root/ros2_ws/install/include/point_cloud_interfaces/point_cloud_interfaces/msg
-- Up-to-date: /root/ros2_ws/install/include/point_cloud_interfaces/point_cloud_interfaces/msg/detail
-- Up-to-date: /root/ros2_ws/install/include/point_cloud_interfaces/point_cloud_interfaces/msg/detail/dds_fastrtps
-- Up-to-date: /root/ros2_ws/install/include/point_cloud_interfaces/point_cloud_interfaces/msg/detail/compressed_point_cloud2__rosidl_typesupport_fastrtps_cpp.hpp
-- Up-to-date: /root/ros2_ws/install/include/point_cloud_interfaces/point_cloud_interfaces/msg/rosidl_typesupport_fastrtps_cpp__visibility_control.h
-- Up-to-date: /root/ros2_ws/install/lib/libpoint_cloud_interfaces__rosidl_typesupport_fastrtps_cpp.so
-- Up-to-date: /root/ros2_ws/install/include/point_cloud_interfaces/point_cloud_interfaces
-- Up-to-date: /root/ros2_ws/install/include/point_cloud_interfaces/point_cloud_interfaces/msg
-- Up-to-date: /root/ros2_ws/install/include/point_cloud_interfaces/point_cloud_interfaces/msg/rosidl_typesupport_introspection_c__visibility_control.h
-- Up-to-date: /root/ros2_ws/install/include/point_cloud_interfaces/point_cloud_interfaces/msg/detail
-- Up-to-date: /root/ros2_ws/install/include/point_cloud_interfaces/point_cloud_interfaces/msg/detail/compressed_point_cloud2__type_support.c
-- Up-to-date: /root/ros2_ws/install/include/point_cloud_interfaces/point_cloud_interfaces/msg/detail/compressed_point_cloud2__rosidl_typesupport_introspection_c.h
-- Up-to-date: /root/ros2_ws/install/lib/libpoint_cloud_interfaces__rosidl_typesupport_introspection_c.so
-- Up-to-date: /root/ros2_ws/install/lib/libpoint_cloud_interfaces__rosidl_typesupport_c.so
-- Up-to-date: /root/ros2_ws/install/include/point_cloud_interfaces/point_cloud_interfaces
-- Up-to-date: /root/ros2_ws/install/include/point_cloud_interfaces/point_cloud_interfaces/msg
-- Up-to-date: /root/ros2_ws/install/include/point_cloud_interfaces/point_cloud_interfaces/msg/detail
-- Up-to-date: /root/ros2_ws/install/include/point_cloud_interfaces/point_cloud_interfaces/msg/detail/compressed_point_cloud2__rosidl_typesupport_introspection_cpp.hpp
-- Up-to-date: /root/ros2_ws/install/include/point_cloud_interfaces/point_cloud_interfaces/msg/detail/compressed_point_cloud2__type_support.cpp
-- Up-to-date: /root/ros2_ws/install/lib/libpoint_cloud_interfaces__rosidl_typesupport_introspection_cpp.so
-- Up-to-date: /root/ros2_ws/install/lib/libpoint_cloud_interfaces__rosidl_typesupport_cpp.so
-- Up-to-date: /root/ros2_ws/install/share/point_cloud_interfaces/environment/pythonpath.sh
-- Up-to-date: /root/ros2_ws/install/share/point_cloud_interfaces/environment/pythonpath.dsv
-- Up-to-date: /root/ros2_ws/install/lib/python3.9/site-packages/point_cloud_interfaces-1.0.11-py3.9.egg-info
-- Installing: /root/ros2_ws/install/lib/python3.9/site-packages/point_cloud_interfaces-1.0.11-py3.9.egg-info/PKG-INFO
-- Installing: /root/ros2_ws/install/lib/python3.9/site-packages/point_cloud_interfaces-1.0.11-py3.9.egg-info/top_level.txt
-- Installing: /root/ros2_ws/install/lib/python3.9/site-packages/point_cloud_interfaces-1.0.11-py3.9.egg-info/dependency_links.txt
-- Installing: /root/ros2_ws/install/lib/python3.9/site-packages/point_cloud_interfaces-1.0.11-py3.9.egg-info/SOURCES.txt
-- Up-to-date: /root/ros2_ws/install/lib/python3.9/site-packages/point_cloud_interfaces
-- Up-to-date: /root/ros2_ws/install/lib/python3.9/site-packages/point_cloud_interfaces/point_cloud_interfaces_s__rosidl_typesupport_fastrtps_c.cpython-38-aarch64-linux-gnu.so
-- Up-to-date: /root/ros2_ws/install/lib/python3.9/site-packages/point_cloud_interfaces/point_cloud_interfaces_s__rosidl_typesupport_c.cpython-38-aarch64-linux-gnu.so
-- Up-to-date: /root/ros2_ws/install/lib/python3.9/site-packages/point_cloud_interfaces/_point_cloud_interfaces_s.ep.rosidl_typesupport_fastrtps_c.c
-- Up-to-date: /root/ros2_ws/install/lib/python3.9/site-packages/point_cloud_interfaces/_point_cloud_interfaces_s.ep.rosidl_typesupport_introspection_c.c
-- Up-to-date: /root/ros2_ws/install/lib/python3.9/site-packages/point_cloud_interfaces/point_cloud_interfaces_s__rosidl_typesupport_introspection_c.cpython-38-aarch64-linux-gnu.so
-- Up-to-date: /root/ros2_ws/install/lib/python3.9/site-packages/point_cloud_interfaces/_point_cloud_interfaces_s.ep.rosidl_typesupport_c.c
-- Up-to-date: /root/ros2_ws/install/lib/python3.9/site-packages/point_cloud_interfaces/__init__.py
-- Up-to-date: /root/ros2_ws/install/lib/python3.9/site-packages/point_cloud_interfaces/msg
-- Up-to-date: /root/ros2_ws/install/lib/python3.9/site-packages/point_cloud_interfaces/msg/_compressed_point_cloud2_s.c
-- Up-to-date: /root/ros2_ws/install/lib/python3.9/site-packages/point_cloud_interfaces/msg/_compressed_point_cloud2.py
-- Up-to-date: /root/ros2_ws/install/lib/python3.9/site-packages/point_cloud_interfaces/msg/__init__.py
-- Up-to-date: /root/ros2_ws/install/lib/python3.9/site-packages/point_cloud_interfaces/libpoint_cloud_interfaces__rosidl_generator_py.so
Listing '/root/ros2_ws/install/lib/python3.9/site-packages/point_cloud_interfaces'...
Listing '/root/ros2_ws/install/lib/python3.9/site-packages/point_cloud_interfaces/msg'...
-- Up-to-date: /root/ros2_ws/install/lib/python3.9/site-packages/point_cloud_interfaces/point_cloud_interfaces_s__rosidl_typesupport_fastrtps_c.cpython-38-aarch64-linux-gnu.so
-- Up-to-date: /root/ros2_ws/install/lib/python3.9/site-packages/point_cloud_interfaces/point_cloud_interfaces_s__rosidl_typesupport_introspection_c.cpython-38-aarch64-linux-gnu.so
-- Up-to-date: /root/ros2_ws/install/lib/python3.9/site-packages/point_cloud_interfaces/point_cloud_interfaces_s__rosidl_typesupport_c.cpython-38-aarch64-linux-gnu.so
-- Up-to-date: /root/ros2_ws/install/lib/libpoint_cloud_interfaces__rosidl_generator_py.so
-- Up-to-date: /root/ros2_ws/install/share/point_cloud_interfaces/msg/CompressedPointCloud2.idl
-- Up-to-date: /root/ros2_ws/install/share/point_cloud_interfaces/msg/CompressedPointCloud2.msg
-- Up-to-date: /root/ros2_ws/install/share/ament_index/resource_index/package_run_dependencies/point_cloud_interfaces
-- Up-to-date: /root/ros2_ws/install/share/ament_index/resource_index/parent_prefix_path/point_cloud_interfaces
-- Up-to-date: /root/ros2_ws/install/share/point_cloud_interfaces/environment/ament_prefix_path.sh
-- Up-to-date: /root/ros2_ws/install/share/point_cloud_interfaces/environment/ament_prefix_path.dsv
-- Up-to-date: /root/ros2_ws/install/share/point_cloud_interfaces/environment/path.sh
-- Up-to-date: /root/ros2_ws/install/share/point_cloud_interfaces/environment/path.dsv
-- Up-to-date: /root/ros2_ws/install/share/point_cloud_interfaces/local_setup.bash
-- Up-to-date: /root/ros2_ws/install/share/point_cloud_interfaces/local_setup.sh
-- Up-to-date: /root/ros2_ws/install/share/point_cloud_interfaces/local_setup.zsh
-- Up-to-date: /root/ros2_ws/install/share/point_cloud_interfaces/local_setup.dsv
-- Installing: /root/ros2_ws/install/share/point_cloud_interfaces/package.dsv
-- Up-to-date: /root/ros2_ws/install/share/ament_index/resource_index/packages/point_cloud_interfaces
-- Up-to-date: /root/ros2_ws/install/share/point_cloud_interfaces/cmake/export_point_cloud_interfaces__rosidl_generator_cExport.cmake
-- Up-to-date: /root/ros2_ws/install/share/point_cloud_interfaces/cmake/export_point_cloud_interfaces__rosidl_generator_cExport-noconfig.cmake
-- Up-to-date: /root/ros2_ws/install/share/point_cloud_interfaces/cmake/export_point_cloud_interfaces__rosidl_typesupport_fastrtps_cExport.cmake
-- Up-to-date: /root/ros2_ws/install/share/point_cloud_interfaces/cmake/export_point_cloud_interfaces__rosidl_typesupport_fastrtps_cExport-noconfig.cmake
-- Up-to-date: /root/ros2_ws/install/share/point_cloud_interfaces/cmake/export_point_cloud_interfaces__rosidl_generator_cppExport.cmake
-- Up-to-date: /root/ros2_ws/install/share/point_cloud_interfaces/cmake/export_point_cloud_interfaces__rosidl_typesupport_fastrtps_cppExport.cmake
-- Up-to-date: /root/ros2_ws/install/share/point_cloud_interfaces/cmake/export_point_cloud_interfaces__rosidl_typesupport_fastrtps_cppExport-noconfig.cmake
-- Up-to-date: /root/ros2_ws/install/share/point_cloud_interfaces/cmake/point_cloud_interfaces__rosidl_typesupport_introspection_cExport.cmake
-- Up-to-date: /root/ros2_ws/install/share/point_cloud_interfaces/cmake/point_cloud_interfaces__rosidl_typesupport_introspection_cExport-noconfig.cmake
-- Up-to-date: /root/ros2_ws/install/share/point_cloud_interfaces/cmake/point_cloud_interfaces__rosidl_typesupport_cExport.cmake
-- Up-to-date: /root/ros2_ws/install/share/point_cloud_interfaces/cmake/point_cloud_interfaces__rosidl_typesupport_cExport-noconfig.cmake
-- Up-to-date: /root/ros2_ws/install/share/point_cloud_interfaces/cmake/point_cloud_interfaces__rosidl_typesupport_introspection_cppExport.cmake
-- Up-to-date: /root/ros2_ws/install/share/point_cloud_interfaces/cmake/point_cloud_interfaces__rosidl_typesupport_introspection_cppExport-noconfig.cmake
-- Up-to-date: /root/ros2_ws/install/share/point_cloud_interfaces/cmake/point_cloud_interfaces__rosidl_typesupport_cppExport.cmake
-- Up-to-date: /root/ros2_ws/install/share/point_cloud_interfaces/cmake/point_cloud_interfaces__rosidl_typesupport_cppExport-noconfig.cmake
-- Up-to-date: /root/ros2_ws/install/share/point_cloud_interfaces/cmake/export_point_cloud_interfaces__rosidl_generator_pyExport.cmake
-- Up-to-date: /root/ros2_ws/install/share/point_cloud_interfaces/cmake/export_point_cloud_interfaces__rosidl_generator_pyExport-noconfig.cmake
-- Up-to-date: /root/ros2_ws/install/share/point_cloud_interfaces/cmake/rosidl_cmake-extras.cmake
-- Up-to-date: /root/ros2_ws/install/share/point_cloud_interfaces/cmake/ament_cmake_export_dependencies-extras.cmake
-- Up-to-date: /root/ros2_ws/install/share/point_cloud_interfaces/cmake/ament_cmake_export_include_directories-extras.cmake
-- Up-to-date: /root/ros2_ws/install/share/point_cloud_interfaces/cmake/ament_cmake_export_libraries-extras.cmake
-- Up-to-date: /root/ros2_ws/install/share/point_cloud_interfaces/cmake/ament_cmake_export_targets-extras.cmake
-- Up-to-date: /root/ros2_ws/install/share/point_cloud_interfaces/cmake/rosidl_cmake_export_typesupport_targets-extras.cmake
-- Up-to-date: /root/ros2_ws/install/share/point_cloud_interfaces/cmake/rosidl_cmake_export_typesupport_libraries-extras.cmake
-- Up-to-date: /root/ros2_ws/install/share/point_cloud_interfaces/cmake/point_cloud_interfacesConfig.cmake
-- Up-to-date: /root/ros2_ws/install/share/point_cloud_interfaces/cmake/point_cloud_interfacesConfig-version.cmake
-- Up-to-date: /root/ros2_ws/install/share/point_cloud_interfaces/package.xml
