running egg_info
creating ../../build/diane_encoder/diane_encoder.egg-info
writing ../../build/diane_encoder/diane_encoder.egg-info/PKG-INFO
writing dependency_links to ../../build/diane_encoder/diane_encoder.egg-info/dependency_links.txt
writing entry points to ../../build/diane_encoder/diane_encoder.egg-info/entry_points.txt
writing requirements to ../../build/diane_encoder/diane_encoder.egg-info/requires.txt
writing top-level names to ../../build/diane_encoder/diane_encoder.egg-info/top_level.txt
writing manifest file '../../build/diane_encoder/diane_encoder.egg-info/SOURCES.txt'
reading manifest file '../../build/diane_encoder/diane_encoder.egg-info/SOURCES.txt'
writing manifest file '../../build/diane_encoder/diane_encoder.egg-info/SOURCES.txt'
running build
running build_py
creating /root/ros2_ws/build/diane_encoder/build
creating /root/ros2_ws/build/diane_encoder/build/lib
creating /root/ros2_ws/build/diane_encoder/build/lib/diane_encoder
copying diane_encoder/diane_encoder.py -> /root/ros2_ws/build/diane_encoder/build/lib/diane_encoder
copying diane_encoder/diane_publisher.py -> /root/ros2_ws/build/diane_encoder/build/lib/diane_encoder
copying diane_encoder/__init__.py -> /root/ros2_ws/build/diane_encoder/build/lib/diane_encoder
running install
running install_lib
creating /root/ros2_ws/install/lib/python3.8/site-packages/diane_encoder
copying /root/ros2_ws/build/diane_encoder/build/lib/diane_encoder/diane_encoder.py -> /root/ros2_ws/install/lib/python3.8/site-packages/diane_encoder
copying /root/ros2_ws/build/diane_encoder/build/lib/diane_encoder/diane_publisher.py -> /root/ros2_ws/install/lib/python3.8/site-packages/diane_encoder
copying /root/ros2_ws/build/diane_encoder/build/lib/diane_encoder/__init__.py -> /root/ros2_ws/install/lib/python3.8/site-packages/diane_encoder
byte-compiling /root/ros2_ws/install/lib/python3.8/site-packages/diane_encoder/diane_encoder.py to diane_encoder.cpython-38.pyc
byte-compiling /root/ros2_ws/install/lib/python3.8/site-packages/diane_encoder/diane_publisher.py to diane_publisher.cpython-38.pyc
byte-compiling /root/ros2_ws/install/lib/python3.8/site-packages/diane_encoder/__init__.py to __init__.cpython-38.pyc
running install_data
creating /root/ros2_ws/install/share/ament_index
creating /root/ros2_ws/install/share/ament_index/resource_index
creating /root/ros2_ws/install/share/ament_index/resource_index/packages
copying resource/diane_encoder -> /root/ros2_ws/install/share/ament_index/resource_index/packages
copying package.xml -> /root/ros2_ws/install/share/diane_encoder
running install_egg_info
Copying ../../build/diane_encoder/diane_encoder.egg-info to /root/ros2_ws/install/lib/python3.8/site-packages/diane_encoder-0.0.0-py3.8.egg-info
running install_scripts
Installing diane_publisher script to /root/ros2_ws/install/lib/diane_encoder
writing list of installed files to '/root/ros2_ws/build/diane_encoder/install.log'
