[0.228s] Invoking command in '/root/ros2_ws/build/point_cloud_interfaces': CMAKE_PREFIX_PATH=/opt/ros/humble /usr/bin/cmake /root/ros2_ws/src/point_cloud_transport_plugins-humble/point_cloud_interfaces -DCMAKE_INSTALL_PREFIX=/root/ros2_ws/install
[1.940s] -- The C compiler identification is GNU 9.4.0
[1.953s] -- The CXX compiler identification is GNU 9.4.0
[1.957s] -- Check for working C compiler: /usr/bin/cc
[2.027s] -- Check for working C compiler: /usr/bin/cc -- works
[2.034s] -- Detecting C compiler ABI info
[2.559s] -- Detecting C compiler ABI info - done
[2.649s] -- Detecting C compile features
[2.652s] -- Detecting C compile features - done
[2.672s] -- Check for working CXX compiler: /usr/bin/c++
[3.269s] -- Check for working CXX compiler: /usr/bin/c++ -- works
[3.282s] -- Detecting CXX compiler ABI info
[3.842s] -- Detecting CXX compiler ABI info - done
[3.919s] -- Detecting CXX compile features
[3.924s] -- Detecting CXX compile features - done
[3.950s] -- Found ament_cmake: 1.3.6 (/opt/ros/humble/share/ament_cmake/cmake)
[4.886s] -- Found Python3: /usr/bin/python3.9 (found version "3.9.5") found components: Interpreter 
[5.456s] -- Found builtin_interfaces: 1.2.1 (/opt/ros/humble/share/builtin_interfaces/cmake)
[5.735s] -- Found rosidl_generator_c: 3.1.5 (/opt/ros/humble/share/rosidl_generator_c/cmake)
[5.777s] -- Found rosidl_adapter: 3.1.5 (/opt/ros/humble/share/rosidl_adapter/cmake)
[5.853s] -- Found rosidl_generator_cpp: 3.1.5 (/opt/ros/humble/share/rosidl_generator_cpp/cmake)
[5.987s] -- Using all available rosidl_typesupport_c: rosidl_typesupport_fastrtps_c;rosidl_typesupport_introspection_c
[6.169s] -- Using all available rosidl_typesupport_cpp: rosidl_typesupport_fastrtps_cpp;rosidl_typesupport_introspection_cpp
[6.316s] -- Found rosidl_default_generators: 1.2.0 (/opt/ros/humble/share/rosidl_default_generators/cmake)
[6.388s] -- Found sensor_msgs: 4.2.3 (/opt/ros/humble/share/sensor_msgs/cmake)
[10.445s] -- Found ament_cmake_ros: 0.10.0 (/opt/ros/humble/share/ament_cmake_ros/cmake)
[14.681s] -- Using all available rosidl_typesupport_c: rosidl_typesupport_fastrtps_c;rosidl_typesupport_introspection_c
[16.344s] -- Using all available rosidl_typesupport_cpp: rosidl_typesupport_fastrtps_cpp;rosidl_typesupport_introspection_cpp
[16.473s] -- Found PythonInterp: /usr/bin/python3 (found suitable version "3.8.10", minimum required is "3.6") 
[16.483s] -- Found python_cmake_module: 0.10.0 (/opt/ros/humble/share/python_cmake_module/cmake)
[16.644s] -- Found PythonLibs: /usr/lib/aarch64-linux-gnu/libpython3.8.so (found suitable version "3.8.10", minimum required is "3.5") 
[16.647s] -- Using PYTHON_EXECUTABLE: /usr/bin/python3
[16.647s] -- Using PYTHON_INCLUDE_DIRS: /usr/include/python3.8
[16.648s] -- Using PYTHON_LIBRARIES: /usr/lib/aarch64-linux-gnu/libpython3.8.so
[16.760s] -- Found PythonExtra: .so  
[17.280s] -- Found ament_lint_auto: 0.12.9 (/opt/ros/humble/share/ament_lint_auto/cmake)
[17.411s] -- Added test 'copyright' to check source files copyright and LICENSE
[17.425s] -- Added test 'lint_cmake' to check CMake code style
[17.433s] -- Added test 'xmllint' to check XML markup files
[17.490s] -- Configuring done
[17.870s] -- Generating done
[17.992s] -- Build files have been written to: /root/ros2_ws/build/point_cloud_interfaces
[18.042s] Invoked command in '/root/ros2_ws/build/point_cloud_interfaces' returned '0': CMAKE_PREFIX_PATH=/opt/ros/humble /usr/bin/cmake /root/ros2_ws/src/point_cloud_transport_plugins-humble/point_cloud_interfaces -DCMAKE_INSTALL_PREFIX=/root/ros2_ws/install
[18.059s] Invoking command in '/root/ros2_ws/build/point_cloud_interfaces': CMAKE_PREFIX_PATH=/opt/ros/humble /usr/bin/cmake --build /root/ros2_ws/build/point_cloud_interfaces -- -j6 -l6
[18.347s] [35m[1mScanning dependencies of target ament_cmake_python_copy_point_cloud_interfaces[0m
[18.348s] [35m[1mScanning dependencies of target point_cloud_interfaces__cpp[0m
[18.354s] [  3%] [34m[1mGenerating C code for ROS interfaces[0m
[18.431s] [  6%] [34m[1mGenerating C++ code for ROS interfaces[0m
[18.483s] [  6%] Built target ament_cmake_python_copy_point_cloud_interfaces
[18.553s] [35m[1mScanning dependencies of target ament_cmake_python_build_point_cloud_interfaces_egg[0m
[20.061s] [35m[1mScanning dependencies of target point_cloud_interfaces__rosidl_generator_c[0m
[20.114s] [  6%] Built target point_cloud_interfaces__cpp
[20.194s] [  9%] [32mBuilding C object CMakeFiles/point_cloud_interfaces__rosidl_generator_c.dir/rosidl_generator_c/point_cloud_interfaces/msg/detail/compressed_point_cloud2__functions.c.o[0m
[20.214s] [ 12%] [34m[1mGenerating C++ introspection for ROS interfaces[0m
[20.220s] [ 16%] [34m[1mGenerating C++ type support for eProsima Fast-RTPS[0m
[20.223s] [ 19%] [34m[1mGenerating C++ type support dispatch for ROS interfaces[0m
[20.640s] running egg_info
[20.643s] creating point_cloud_interfaces.egg-info
[20.647s] writing point_cloud_interfaces.egg-info/PKG-INFO
[20.649s] writing dependency_links to point_cloud_interfaces.egg-info/dependency_links.txt
[20.650s] writing top-level names to point_cloud_interfaces.egg-info/top_level.txt
[20.662s] writing manifest file 'point_cloud_interfaces.egg-info/SOURCES.txt'
[20.819s] [ 22%] [32m[1mLinking C shared library libpoint_cloud_interfaces__rosidl_generator_c.so[0m
[21.005s] reading manifest file 'point_cloud_interfaces.egg-info/SOURCES.txt'
[21.008s] writing manifest file 'point_cloud_interfaces.egg-info/SOURCES.txt'
[21.115s] [ 22%] Built target point_cloud_interfaces__rosidl_generator_c
[21.177s] [ 22%] Built target ament_cmake_python_build_point_cloud_interfaces_egg
[21.262s] [ 25%] [34m[1mGenerating C introspection for ROS interfaces[0m
[21.268s] [ 29%] [34m[1mGenerating C type support for eProsima Fast-RTPS[0m
[21.303s] [ 32%] [34m[1mGenerating C type support dispatch for ROS interfaces[0m
[21.458s] [35m[1mScanning dependencies of target point_cloud_interfaces__rosidl_typesupport_cpp[0m
[21.581s] [35m[1mScanning dependencies of target point_cloud_interfaces__rosidl_typesupport_introspection_cpp[0m
[21.687s] [ 35%] [32mBuilding CXX object CMakeFiles/point_cloud_interfaces__rosidl_typesupport_cpp.dir/rosidl_typesupport_cpp/point_cloud_interfaces/msg/compressed_point_cloud2__type_support.cpp.o[0m
[21.730s] [ 38%] [32mBuilding CXX object CMakeFiles/point_cloud_interfaces__rosidl_typesupport_introspection_cpp.dir/rosidl_typesupport_introspection_cpp/point_cloud_interfaces/msg/detail/compressed_point_cloud2__type_support.cpp.o[0m
[21.782s] [35m[1mScanning dependencies of target point_cloud_interfaces__rosidl_typesupport_fastrtps_cpp[0m
[21.977s] [ 41%] [32mBuilding CXX object CMakeFiles/point_cloud_interfaces__rosidl_typesupport_fastrtps_cpp.dir/rosidl_typesupport_fastrtps_cpp/point_cloud_interfaces/msg/detail/dds_fastrtps/compressed_point_cloud2__type_support.cpp.o[0m
[22.597s] [35m[1mScanning dependencies of target point_cloud_interfaces__rosidl_typesupport_c[0m
[22.629s] [35m[1mScanning dependencies of target point_cloud_interfaces__rosidl_typesupport_introspection_c[0m
[22.710s] [ 45%] [32mBuilding CXX object CMakeFiles/point_cloud_interfaces__rosidl_typesupport_c.dir/rosidl_typesupport_c/point_cloud_interfaces/msg/compressed_point_cloud2__type_support.cpp.o[0m
[22.754s] [ 48%] [32mBuilding C object CMakeFiles/point_cloud_interfaces__rosidl_typesupport_introspection_c.dir/rosidl_typesupport_introspection_c/point_cloud_interfaces/msg/detail/compressed_point_cloud2__type_support.c.o[0m
[22.827s] [35m[1mScanning dependencies of target point_cloud_interfaces__rosidl_typesupport_fastrtps_c[0m
[22.966s] [ 51%] [32mBuilding CXX object CMakeFiles/point_cloud_interfaces__rosidl_typesupport_fastrtps_c.dir/rosidl_typesupport_fastrtps_c/point_cloud_interfaces/msg/detail/compressed_point_cloud2__type_support_c.cpp.o[0m
[23.031s] [ 54%] [32m[1mLinking CXX shared library libpoint_cloud_interfaces__rosidl_typesupport_c.so[0m
[23.184s] [ 58%] [32m[1mLinking C shared library libpoint_cloud_interfaces__rosidl_typesupport_introspection_c.so[0m
[23.456s] [ 58%] Built target point_cloud_interfaces__rosidl_typesupport_c
[23.472s] [ 58%] Built target point_cloud_interfaces__rosidl_typesupport_introspection_c
[24.023s] [ 61%] [32m[1mLinking CXX shared library libpoint_cloud_interfaces__rosidl_typesupport_cpp.so[0m
[24.293s] [ 61%] Built target point_cloud_interfaces__rosidl_typesupport_cpp
[25.689s] [ 64%] [32m[1mLinking CXX shared library libpoint_cloud_interfaces__rosidl_typesupport_fastrtps_c.so[0m
[25.719s] [ 67%] [32m[1mLinking CXX shared library libpoint_cloud_interfaces__rosidl_typesupport_introspection_cpp.so[0m
[25.759s] [ 70%] [32m[1mLinking CXX shared library libpoint_cloud_interfaces__rosidl_typesupport_fastrtps_cpp.so[0m
[26.115s] [ 70%] Built target point_cloud_interfaces__rosidl_typesupport_fastrtps_c
[26.162s] [ 70%] Built target point_cloud_interfaces__rosidl_typesupport_introspection_cpp
[26.206s] [ 70%] Built target point_cloud_interfaces__rosidl_typesupport_fastrtps_cpp
[26.277s] [35m[1mScanning dependencies of target point_cloud_interfaces[0m
[26.356s] [ 70%] Built target point_cloud_interfaces
[26.433s] [35m[1mScanning dependencies of target point_cloud_interfaces__py[0m
[26.517s] [ 74%] [34m[1mGenerating Python code for ROS interfaces[0m
[28.686s] [ 74%] Built target point_cloud_interfaces__py
[28.755s] [35m[1mScanning dependencies of target point_cloud_interfaces__rosidl_generator_py[0m
[28.954s] [ 77%] [32mBuilding C object CMakeFiles/point_cloud_interfaces__rosidl_generator_py.dir/rosidl_generator_py/point_cloud_interfaces/msg/_compressed_point_cloud2_s.c.o[0m
[29.826s] [ 80%] [32m[1mLinking C shared library rosidl_generator_py/point_cloud_interfaces/libpoint_cloud_interfaces__rosidl_generator_py.so[0m
[30.123s] [ 80%] Built target point_cloud_interfaces__rosidl_generator_py
[30.197s] [35m[1mScanning dependencies of target point_cloud_interfaces__rosidl_typesupport_c__pyext[0m
[30.198s] [35m[1mScanning dependencies of target point_cloud_interfaces__rosidl_typesupport_introspection_c__pyext[0m
[30.200s] [35m[1mScanning dependencies of target point_cloud_interfaces__rosidl_typesupport_fastrtps_c__pyext[0m
[30.381s] [ 87%] [32mBuilding C object CMakeFiles/point_cloud_interfaces__rosidl_typesupport_introspection_c__pyext.dir/rosidl_generator_py/point_cloud_interfaces/_point_cloud_interfaces_s.ep.rosidl_typesupport_introspection_c.c.o[0m
[30.383s] [ 87%] [32mBuilding C object CMakeFiles/point_cloud_interfaces__rosidl_typesupport_c__pyext.dir/rosidl_generator_py/point_cloud_interfaces/_point_cloud_interfaces_s.ep.rosidl_typesupport_c.c.o[0m
[30.387s] [ 90%] [32mBuilding C object CMakeFiles/point_cloud_interfaces__rosidl_typesupport_fastrtps_c__pyext.dir/rosidl_generator_py/point_cloud_interfaces/_point_cloud_interfaces_s.ep.rosidl_typesupport_fastrtps_c.c.o[0m
[31.130s] [ 93%] [32m[1mLinking C shared library rosidl_generator_py/point_cloud_interfaces/point_cloud_interfaces_s__rosidl_typesupport_introspection_c.cpython-38-aarch64-linux-gnu.so[0m
[31.131s] [ 96%] [32m[1mLinking C shared library rosidl_generator_py/point_cloud_interfaces/point_cloud_interfaces_s__rosidl_typesupport_fastrtps_c.cpython-38-aarch64-linux-gnu.so[0m
[31.136s] [100%] [32m[1mLinking C shared library rosidl_generator_py/point_cloud_interfaces/point_cloud_interfaces_s__rosidl_typesupport_c.cpython-38-aarch64-linux-gnu.so[0m
[31.440s] [100%] Built target point_cloud_interfaces__rosidl_typesupport_fastrtps_c__pyext
[31.444s] [100%] Built target point_cloud_interfaces__rosidl_typesupport_c__pyext
[31.446s] [100%] Built target point_cloud_interfaces__rosidl_typesupport_introspection_c__pyext
[31.519s] Invoked command in '/root/ros2_ws/build/point_cloud_interfaces' returned '0': CMAKE_PREFIX_PATH=/opt/ros/humble /usr/bin/cmake --build /root/ros2_ws/build/point_cloud_interfaces -- -j6 -l6
[31.604s] Invoking command in '/root/ros2_ws/build/point_cloud_interfaces': CMAKE_PREFIX_PATH=/opt/ros/humble /usr/bin/cmake --install /root/ros2_ws/build/point_cloud_interfaces
[31.660s] -- Install configuration: ""
[31.661s] -- Installing: /root/ros2_ws/install/share/ament_index/resource_index/rosidl_interfaces/point_cloud_interfaces
[31.663s] -- Installing: /root/ros2_ws/install/include/point_cloud_interfaces/point_cloud_interfaces
[31.664s] -- Installing: /root/ros2_ws/install/include/point_cloud_interfaces/point_cloud_interfaces/msg
[31.664s] -- Installing: /root/ros2_ws/install/include/point_cloud_interfaces/point_cloud_interfaces/msg/compressed_point_cloud2.h
[31.665s] -- Installing: /root/ros2_ws/install/include/point_cloud_interfaces/point_cloud_interfaces/msg/detail
[31.666s] -- Installing: /root/ros2_ws/install/include/point_cloud_interfaces/point_cloud_interfaces/msg/detail/compressed_point_cloud2__struct.h
[31.668s] -- Installing: /root/ros2_ws/install/include/point_cloud_interfaces/point_cloud_interfaces/msg/detail/compressed_point_cloud2__functions.c
[31.670s] -- Installing: /root/ros2_ws/install/include/point_cloud_interfaces/point_cloud_interfaces/msg/detail/compressed_point_cloud2__type_support.h
[31.671s] -- Installing: /root/ros2_ws/install/include/point_cloud_interfaces/point_cloud_interfaces/msg/detail/compressed_point_cloud2__functions.h
[31.672s] -- Installing: /root/ros2_ws/install/include/point_cloud_interfaces/point_cloud_interfaces/msg/rosidl_generator_c__visibility_control.h
[31.674s] -- Installing: /root/ros2_ws/install/share/point_cloud_interfaces/environment/library_path.sh
[31.675s] -- Installing: /root/ros2_ws/install/share/point_cloud_interfaces/environment/library_path.dsv
[31.677s] -- Installing: /root/ros2_ws/install/lib/libpoint_cloud_interfaces__rosidl_generator_c.so
[31.683s] -- Set runtime path of "/root/ros2_ws/install/lib/libpoint_cloud_interfaces__rosidl_generator_c.so" to ""
[31.685s] -- Up-to-date: /root/ros2_ws/install/include/point_cloud_interfaces/point_cloud_interfaces
[31.686s] -- Up-to-date: /root/ros2_ws/install/include/point_cloud_interfaces/point_cloud_interfaces/msg
[31.687s] -- Installing: /root/ros2_ws/install/include/point_cloud_interfaces/point_cloud_interfaces/msg/rosidl_typesupport_fastrtps_c__visibility_control.h
[31.688s] -- Up-to-date: /root/ros2_ws/install/include/point_cloud_interfaces/point_cloud_interfaces/msg/detail
[31.689s] -- Installing: /root/ros2_ws/install/include/point_cloud_interfaces/point_cloud_interfaces/msg/detail/compressed_point_cloud2__rosidl_typesupport_fastrtps_c.h
[31.691s] -- Installing: /root/ros2_ws/install/lib/libpoint_cloud_interfaces__rosidl_typesupport_fastrtps_c.so
[31.693s] -- Set runtime path of "/root/ros2_ws/install/lib/libpoint_cloud_interfaces__rosidl_typesupport_fastrtps_c.so" to ""
[31.694s] -- Up-to-date: /root/ros2_ws/install/include/point_cloud_interfaces/point_cloud_interfaces
[31.695s] -- Up-to-date: /root/ros2_ws/install/include/point_cloud_interfaces/point_cloud_interfaces/msg
[31.695s] -- Installing: /root/ros2_ws/install/include/point_cloud_interfaces/point_cloud_interfaces/msg/compressed_point_cloud2.hpp
[31.696s] -- Up-to-date: /root/ros2_ws/install/include/point_cloud_interfaces/point_cloud_interfaces/msg/detail
[31.696s] -- Installing: /root/ros2_ws/install/include/point_cloud_interfaces/point_cloud_interfaces/msg/detail/compressed_point_cloud2__traits.hpp
[31.697s] -- Installing: /root/ros2_ws/install/include/point_cloud_interfaces/point_cloud_interfaces/msg/detail/compressed_point_cloud2__builder.hpp
[31.698s] -- Installing: /root/ros2_ws/install/include/point_cloud_interfaces/point_cloud_interfaces/msg/detail/compressed_point_cloud2__struct.hpp
[31.699s] -- Up-to-date: /root/ros2_ws/install/include/point_cloud_interfaces/point_cloud_interfaces
[31.700s] -- Up-to-date: /root/ros2_ws/install/include/point_cloud_interfaces/point_cloud_interfaces/msg
[31.702s] -- Up-to-date: /root/ros2_ws/install/include/point_cloud_interfaces/point_cloud_interfaces/msg/detail
[31.702s] -- Installing: /root/ros2_ws/install/include/point_cloud_interfaces/point_cloud_interfaces/msg/detail/dds_fastrtps
[31.704s] -- Installing: /root/ros2_ws/install/include/point_cloud_interfaces/point_cloud_interfaces/msg/detail/compressed_point_cloud2__rosidl_typesupport_fastrtps_cpp.hpp
[31.704s] -- Installing: /root/ros2_ws/install/include/point_cloud_interfaces/point_cloud_interfaces/msg/rosidl_typesupport_fastrtps_cpp__visibility_control.h
[31.705s] -- Installing: /root/ros2_ws/install/lib/libpoint_cloud_interfaces__rosidl_typesupport_fastrtps_cpp.so
[31.708s] -- Set runtime path of "/root/ros2_ws/install/lib/libpoint_cloud_interfaces__rosidl_typesupport_fastrtps_cpp.so" to ""
[31.709s] -- Up-to-date: /root/ros2_ws/install/include/point_cloud_interfaces/point_cloud_interfaces
[31.710s] -- Up-to-date: /root/ros2_ws/install/include/point_cloud_interfaces/point_cloud_interfaces/msg
[31.711s] -- Installing: /root/ros2_ws/install/include/point_cloud_interfaces/point_cloud_interfaces/msg/rosidl_typesupport_introspection_c__visibility_control.h
[31.713s] -- Up-to-date: /root/ros2_ws/install/include/point_cloud_interfaces/point_cloud_interfaces/msg/detail
[31.714s] -- Installing: /root/ros2_ws/install/include/point_cloud_interfaces/point_cloud_interfaces/msg/detail/compressed_point_cloud2__type_support.c
[31.715s] -- Installing: /root/ros2_ws/install/include/point_cloud_interfaces/point_cloud_interfaces/msg/detail/compressed_point_cloud2__rosidl_typesupport_introspection_c.h
[31.716s] -- Installing: /root/ros2_ws/install/lib/libpoint_cloud_interfaces__rosidl_typesupport_introspection_c.so
[31.720s] -- Set runtime path of "/root/ros2_ws/install/lib/libpoint_cloud_interfaces__rosidl_typesupport_introspection_c.so" to ""
[31.721s] -- Installing: /root/ros2_ws/install/lib/libpoint_cloud_interfaces__rosidl_typesupport_c.so
[31.725s] -- Set runtime path of "/root/ros2_ws/install/lib/libpoint_cloud_interfaces__rosidl_typesupport_c.so" to ""
[31.726s] -- Up-to-date: /root/ros2_ws/install/include/point_cloud_interfaces/point_cloud_interfaces
[31.727s] -- Up-to-date: /root/ros2_ws/install/include/point_cloud_interfaces/point_cloud_interfaces/msg
[31.727s] -- Up-to-date: /root/ros2_ws/install/include/point_cloud_interfaces/point_cloud_interfaces/msg/detail
[31.728s] -- Installing: /root/ros2_ws/install/include/point_cloud_interfaces/point_cloud_interfaces/msg/detail/compressed_point_cloud2__rosidl_typesupport_introspection_cpp.hpp
[31.728s] -- Installing: /root/ros2_ws/install/include/point_cloud_interfaces/point_cloud_interfaces/msg/detail/compressed_point_cloud2__type_support.cpp
[31.729s] -- Installing: /root/ros2_ws/install/lib/libpoint_cloud_interfaces__rosidl_typesupport_introspection_cpp.so
[31.735s] -- Set runtime path of "/root/ros2_ws/install/lib/libpoint_cloud_interfaces__rosidl_typesupport_introspection_cpp.so" to ""
[31.736s] -- Installing: /root/ros2_ws/install/lib/libpoint_cloud_interfaces__rosidl_typesupport_cpp.so
[31.739s] -- Set runtime path of "/root/ros2_ws/install/lib/libpoint_cloud_interfaces__rosidl_typesupport_cpp.so" to ""
[31.741s] -- Installing: /root/ros2_ws/install/share/point_cloud_interfaces/environment/pythonpath.sh
[31.742s] -- Installing: /root/ros2_ws/install/share/point_cloud_interfaces/environment/pythonpath.dsv
[31.743s] -- Installing: /root/ros2_ws/install/lib/python3.9/site-packages/point_cloud_interfaces-1.0.11-py3.9.egg-info
[31.744s] -- Installing: /root/ros2_ws/install/lib/python3.9/site-packages/point_cloud_interfaces-1.0.11-py3.9.egg-info/PKG-INFO
[31.745s] -- Installing: /root/ros2_ws/install/lib/python3.9/site-packages/point_cloud_interfaces-1.0.11-py3.9.egg-info/top_level.txt
[31.746s] -- Installing: /root/ros2_ws/install/lib/python3.9/site-packages/point_cloud_interfaces-1.0.11-py3.9.egg-info/dependency_links.txt
[31.747s] -- Installing: /root/ros2_ws/install/lib/python3.9/site-packages/point_cloud_interfaces-1.0.11-py3.9.egg-info/SOURCES.txt
[31.749s] -- Installing: /root/ros2_ws/install/lib/python3.9/site-packages/point_cloud_interfaces
[31.750s] -- Installing: /root/ros2_ws/install/lib/python3.9/site-packages/point_cloud_interfaces/point_cloud_interfaces_s__rosidl_typesupport_fastrtps_c.cpython-38-aarch64-linux-gnu.so
[31.751s] -- Installing: /root/ros2_ws/install/lib/python3.9/site-packages/point_cloud_interfaces/point_cloud_interfaces_s__rosidl_typesupport_c.cpython-38-aarch64-linux-gnu.so
[31.752s] -- Installing: /root/ros2_ws/install/lib/python3.9/site-packages/point_cloud_interfaces/_point_cloud_interfaces_s.ep.rosidl_typesupport_fastrtps_c.c
[31.754s] -- Installing: /root/ros2_ws/install/lib/python3.9/site-packages/point_cloud_interfaces/_point_cloud_interfaces_s.ep.rosidl_typesupport_introspection_c.c
[31.755s] -- Installing: /root/ros2_ws/install/lib/python3.9/site-packages/point_cloud_interfaces/point_cloud_interfaces_s__rosidl_typesupport_introspection_c.cpython-38-aarch64-linux-gnu.so
[31.756s] -- Installing: /root/ros2_ws/install/lib/python3.9/site-packages/point_cloud_interfaces/_point_cloud_interfaces_s.ep.rosidl_typesupport_c.c
[31.757s] -- Installing: /root/ros2_ws/install/lib/python3.9/site-packages/point_cloud_interfaces/__init__.py
[31.759s] -- Installing: /root/ros2_ws/install/lib/python3.9/site-packages/point_cloud_interfaces/msg
[31.759s] -- Installing: /root/ros2_ws/install/lib/python3.9/site-packages/point_cloud_interfaces/msg/_compressed_point_cloud2_s.c
[31.760s] -- Installing: /root/ros2_ws/install/lib/python3.9/site-packages/point_cloud_interfaces/msg/_compressed_point_cloud2.py
[31.761s] -- Installing: /root/ros2_ws/install/lib/python3.9/site-packages/point_cloud_interfaces/msg/__init__.py
[31.762s] -- Installing: /root/ros2_ws/install/lib/python3.9/site-packages/point_cloud_interfaces/libpoint_cloud_interfaces__rosidl_generator_py.so
[31.966s] Listing '/root/ros2_ws/install/lib/python3.9/site-packages/point_cloud_interfaces'...
[31.968s] Compiling '/root/ros2_ws/install/lib/python3.9/site-packages/point_cloud_interfaces/__init__.py'...
[31.968s] Listing '/root/ros2_ws/install/lib/python3.9/site-packages/point_cloud_interfaces/msg'...
[31.969s] Compiling '/root/ros2_ws/install/lib/python3.9/site-packages/point_cloud_interfaces/msg/__init__.py'...
[31.970s] Compiling '/root/ros2_ws/install/lib/python3.9/site-packages/point_cloud_interfaces/msg/_compressed_point_cloud2.py'...
[31.992s] -- Installing: /root/ros2_ws/install/lib/python3.9/site-packages/point_cloud_interfaces/point_cloud_interfaces_s__rosidl_typesupport_fastrtps_c.cpython-38-aarch64-linux-gnu.so
[31.997s] -- Set runtime path of "/root/ros2_ws/install/lib/python3.9/site-packages/point_cloud_interfaces/point_cloud_interfaces_s__rosidl_typesupport_fastrtps_c.cpython-38-aarch64-linux-gnu.so" to ""
[32.000s] -- Installing: /root/ros2_ws/install/lib/python3.9/site-packages/point_cloud_interfaces/point_cloud_interfaces_s__rosidl_typesupport_introspection_c.cpython-38-aarch64-linux-gnu.so
[32.005s] -- Set runtime path of "/root/ros2_ws/install/lib/python3.9/site-packages/point_cloud_interfaces/point_cloud_interfaces_s__rosidl_typesupport_introspection_c.cpython-38-aarch64-linux-gnu.so" to ""
[32.010s] -- Installing: /root/ros2_ws/install/lib/python3.9/site-packages/point_cloud_interfaces/point_cloud_interfaces_s__rosidl_typesupport_c.cpython-38-aarch64-linux-gnu.so
[32.012s] -- Set runtime path of "/root/ros2_ws/install/lib/python3.9/site-packages/point_cloud_interfaces/point_cloud_interfaces_s__rosidl_typesupport_c.cpython-38-aarch64-linux-gnu.so" to ""
[32.014s] -- Installing: /root/ros2_ws/install/lib/libpoint_cloud_interfaces__rosidl_generator_py.so
[32.017s] -- Set runtime path of "/root/ros2_ws/install/lib/libpoint_cloud_interfaces__rosidl_generator_py.so" to ""
[32.018s] -- Installing: /root/ros2_ws/install/share/point_cloud_interfaces/msg/CompressedPointCloud2.idl
[32.019s] -- Installing: /root/ros2_ws/install/share/point_cloud_interfaces/msg/CompressedPointCloud2.msg
[32.021s] -- Installing: /root/ros2_ws/install/share/ament_index/resource_index/package_run_dependencies/point_cloud_interfaces
[32.023s] -- Installing: /root/ros2_ws/install/share/ament_index/resource_index/parent_prefix_path/point_cloud_interfaces
[32.024s] -- Installing: /root/ros2_ws/install/share/point_cloud_interfaces/environment/ament_prefix_path.sh
[32.026s] -- Installing: /root/ros2_ws/install/share/point_cloud_interfaces/environment/ament_prefix_path.dsv
[32.027s] -- Installing: /root/ros2_ws/install/share/point_cloud_interfaces/environment/path.sh
[32.028s] -- Installing: /root/ros2_ws/install/share/point_cloud_interfaces/environment/path.dsv
[32.030s] -- Installing: /root/ros2_ws/install/share/point_cloud_interfaces/local_setup.bash
[32.031s] -- Installing: /root/ros2_ws/install/share/point_cloud_interfaces/local_setup.sh
[32.032s] -- Installing: /root/ros2_ws/install/share/point_cloud_interfaces/local_setup.zsh
[32.034s] -- Installing: /root/ros2_ws/install/share/point_cloud_interfaces/local_setup.dsv
[32.035s] -- Installing: /root/ros2_ws/install/share/point_cloud_interfaces/package.dsv
[32.037s] -- Installing: /root/ros2_ws/install/share/ament_index/resource_index/packages/point_cloud_interfaces
[32.039s] -- Installing: /root/ros2_ws/install/share/point_cloud_interfaces/cmake/export_point_cloud_interfaces__rosidl_generator_cExport.cmake
[32.040s] -- Installing: /root/ros2_ws/install/share/point_cloud_interfaces/cmake/export_point_cloud_interfaces__rosidl_generator_cExport-noconfig.cmake
[32.042s] -- Installing: /root/ros2_ws/install/share/point_cloud_interfaces/cmake/export_point_cloud_interfaces__rosidl_typesupport_fastrtps_cExport.cmake
[32.043s] -- Installing: /root/ros2_ws/install/share/point_cloud_interfaces/cmake/export_point_cloud_interfaces__rosidl_typesupport_fastrtps_cExport-noconfig.cmake
[32.045s] -- Installing: /root/ros2_ws/install/share/point_cloud_interfaces/cmake/export_point_cloud_interfaces__rosidl_generator_cppExport.cmake
[32.046s] -- Installing: /root/ros2_ws/install/share/point_cloud_interfaces/cmake/export_point_cloud_interfaces__rosidl_typesupport_fastrtps_cppExport.cmake
[32.048s] -- Installing: /root/ros2_ws/install/share/point_cloud_interfaces/cmake/export_point_cloud_interfaces__rosidl_typesupport_fastrtps_cppExport-noconfig.cmake
[32.049s] -- Installing: /root/ros2_ws/install/share/point_cloud_interfaces/cmake/point_cloud_interfaces__rosidl_typesupport_introspection_cExport.cmake
[32.051s] -- Installing: /root/ros2_ws/install/share/point_cloud_interfaces/cmake/point_cloud_interfaces__rosidl_typesupport_introspection_cExport-noconfig.cmake
[32.053s] -- Installing: /root/ros2_ws/install/share/point_cloud_interfaces/cmake/point_cloud_interfaces__rosidl_typesupport_cExport.cmake
[32.055s] -- Installing: /root/ros2_ws/install/share/point_cloud_interfaces/cmake/point_cloud_interfaces__rosidl_typesupport_cExport-noconfig.cmake
[32.057s] -- Installing: /root/ros2_ws/install/share/point_cloud_interfaces/cmake/point_cloud_interfaces__rosidl_typesupport_introspection_cppExport.cmake
[32.058s] -- Installing: /root/ros2_ws/install/share/point_cloud_interfaces/cmake/point_cloud_interfaces__rosidl_typesupport_introspection_cppExport-noconfig.cmake
[32.060s] -- Installing: /root/ros2_ws/install/share/point_cloud_interfaces/cmake/point_cloud_interfaces__rosidl_typesupport_cppExport.cmake
[32.061s] -- Installing: /root/ros2_ws/install/share/point_cloud_interfaces/cmake/point_cloud_interfaces__rosidl_typesupport_cppExport-noconfig.cmake
[32.063s] -- Installing: /root/ros2_ws/install/share/point_cloud_interfaces/cmake/export_point_cloud_interfaces__rosidl_generator_pyExport.cmake
[32.065s] -- Installing: /root/ros2_ws/install/share/point_cloud_interfaces/cmake/export_point_cloud_interfaces__rosidl_generator_pyExport-noconfig.cmake
[32.067s] -- Installing: /root/ros2_ws/install/share/point_cloud_interfaces/cmake/rosidl_cmake-extras.cmake
[32.068s] -- Installing: /root/ros2_ws/install/share/point_cloud_interfaces/cmake/ament_cmake_export_dependencies-extras.cmake
[32.071s] -- Installing: /root/ros2_ws/install/share/point_cloud_interfaces/cmake/ament_cmake_export_include_directories-extras.cmake
[32.072s] -- Installing: /root/ros2_ws/install/share/point_cloud_interfaces/cmake/ament_cmake_export_libraries-extras.cmake
[32.072s] -- Installing: /root/ros2_ws/install/share/point_cloud_interfaces/cmake/ament_cmake_export_targets-extras.cmake
[32.073s] -- Installing: /root/ros2_ws/install/share/point_cloud_interfaces/cmake/rosidl_cmake_export_typesupport_targets-extras.cmake
[32.074s] -- Installing: /root/ros2_ws/install/share/point_cloud_interfaces/cmake/rosidl_cmake_export_typesupport_libraries-extras.cmake
[32.076s] -- Installing: /root/ros2_ws/install/share/point_cloud_interfaces/cmake/point_cloud_interfacesConfig.cmake
[32.077s] -- Installing: /root/ros2_ws/install/share/point_cloud_interfaces/cmake/point_cloud_interfacesConfig-version.cmake
[32.079s] -- Installing: /root/ros2_ws/install/share/point_cloud_interfaces/package.xml
[32.101s] Invoked command in '/root/ros2_ws/build/point_cloud_interfaces' returned '0': CMAKE_PREFIX_PATH=/opt/ros/humble /usr/bin/cmake --install /root/ros2_ws/build/point_cloud_interfaces
